   1              	 .cpu cortex-m4
   2              	 .eabi_attribute 27,1
   3              	 .eabi_attribute 20,1
   4              	 .eabi_attribute 21,1
   5              	 .eabi_attribute 23,3
   6              	 .eabi_attribute 24,1
   7              	 .eabi_attribute 25,1
   8              	 .eabi_attribute 26,1
   9              	 .eabi_attribute 30,6
  10              	 .eabi_attribute 34,1
  11              	 .eabi_attribute 18,4
  12              	 .file "digital_io.c"
  13              	 .text
  14              	.Ltext0:
  15              	 .cfi_sections .debug_frame
  16              	 .section .text.DIGITAL_IO_GetAppVersion,"ax",%progbits
  17              	 .align 1
  18              	 .global DIGITAL_IO_GetAppVersion
  19              	 .arch armv7e-m
  20              	 .syntax unified
  21              	 .thumb
  22              	 .thumb_func
  23              	 .fpu fpv4-sp-d16
  25              	DIGITAL_IO_GetAppVersion:
  26              	.LFB147:
  27              	 .file 1 "../Dave/Generated/DIGITAL_IO/digital_io.c"
   1:../Dave/Generated/DIGITAL_IO/digital_io.c **** /**
   2:../Dave/Generated/DIGITAL_IO/digital_io.c ****  * @file digital_io.c
   3:../Dave/Generated/DIGITAL_IO/digital_io.c ****  * @date 2016-07-08
   4:../Dave/Generated/DIGITAL_IO/digital_io.c ****  *
   5:../Dave/Generated/DIGITAL_IO/digital_io.c ****  * NOTE:
   6:../Dave/Generated/DIGITAL_IO/digital_io.c ****  * This file is generated by DAVE. Any manual modification done to this file will be lost when the 
   7:../Dave/Generated/DIGITAL_IO/digital_io.c ****  *
   8:../Dave/Generated/DIGITAL_IO/digital_io.c ****  * @cond
   9:../Dave/Generated/DIGITAL_IO/digital_io.c ****  **************************************************************************************************
  10:../Dave/Generated/DIGITAL_IO/digital_io.c ****  * DIGITAL_IO v4.0.18 - The DIGITAL_IO APP is used to configure a port pin as digital Input/Output.
  11:../Dave/Generated/DIGITAL_IO/digital_io.c ****  *
  12:../Dave/Generated/DIGITAL_IO/digital_io.c ****  * Copyright (c) 2015-2020, Infineon Technologies AG
  13:../Dave/Generated/DIGITAL_IO/digital_io.c ****  * All rights reserved.
  14:../Dave/Generated/DIGITAL_IO/digital_io.c ****  *
  15:../Dave/Generated/DIGITAL_IO/digital_io.c ****  * Redistribution and use in source and binary forms, with or without modification,are permitted pr
  16:../Dave/Generated/DIGITAL_IO/digital_io.c ****  * following conditions are met:
  17:../Dave/Generated/DIGITAL_IO/digital_io.c ****  *
  18:../Dave/Generated/DIGITAL_IO/digital_io.c ****  *   Redistributions of source code must retain the above copyright notice, this list of conditions
  19:../Dave/Generated/DIGITAL_IO/digital_io.c ****  *   disclaimer.
  20:../Dave/Generated/DIGITAL_IO/digital_io.c ****  *
  21:../Dave/Generated/DIGITAL_IO/digital_io.c ****  *   Redistributions in binary form must reproduce the above copyright notice, this list of conditi
  22:../Dave/Generated/DIGITAL_IO/digital_io.c ****  *   following disclaimer in the documentation and/or other materials provided with the distributio
  23:../Dave/Generated/DIGITAL_IO/digital_io.c ****  *
  24:../Dave/Generated/DIGITAL_IO/digital_io.c ****  *   Neither the name of the copyright holders nor the names of its contributors may be used to end
  25:../Dave/Generated/DIGITAL_IO/digital_io.c ****  *   products derived from this software without specific prior written permission.
  26:../Dave/Generated/DIGITAL_IO/digital_io.c ****  *
  27:../Dave/Generated/DIGITAL_IO/digital_io.c ****  * THIS SOFTWARE IS PROVIDED BY THE COPYRIGHT HOLDERS AND CONTRIBUTORS "AS IS" AND ANY EXPRESS OR I
  28:../Dave/Generated/DIGITAL_IO/digital_io.c ****  * INCLUDING, BUT NOT LIMITED TO, THE IMPLIED WARRANTIES OF MERCHANTABILITY AND FITNESS FOR A PARTI
  29:../Dave/Generated/DIGITAL_IO/digital_io.c ****  * DISCLAIMED. IN NO EVENT SHALL THE COPYRIGHT HOLDER OR CONTRIBUTORS BE LIABLE  FOR ANY DIRECT, IN
  30:../Dave/Generated/DIGITAL_IO/digital_io.c ****  * SPECIAL, EXEMPLARY, OR CONSEQUENTIAL DAMAGES (INCLUDING, BUT NOT LIMITED TO, PROCUREMENT OF SUBS
  31:../Dave/Generated/DIGITAL_IO/digital_io.c ****  * SERVICES; LOSS OF USE, DATA, OR PROFITS; OR BUSINESS INTERRUPTION) HOWEVER CAUSED AND ON ANY THE
  32:../Dave/Generated/DIGITAL_IO/digital_io.c ****  * WHETHER IN CONTRACT, STRICT LIABILITY,OR TORT (INCLUDING NEGLIGENCE OR OTHERWISE) ARISING IN ANY
  33:../Dave/Generated/DIGITAL_IO/digital_io.c ****  * USE OF THIS SOFTWARE, EVEN IF ADVISED OF THE POSSIBILITY OF SUCH DAMAGE.
  34:../Dave/Generated/DIGITAL_IO/digital_io.c ****  *
  35:../Dave/Generated/DIGITAL_IO/digital_io.c ****  * To improve the quality of the software, users are encouraged to share modifications, enhancement
  36:../Dave/Generated/DIGITAL_IO/digital_io.c ****  * with Infineon Technologies AG (dave@infineon.com).
  37:../Dave/Generated/DIGITAL_IO/digital_io.c ****  **************************************************************************************************
  38:../Dave/Generated/DIGITAL_IO/digital_io.c ****  *
  39:../Dave/Generated/DIGITAL_IO/digital_io.c ****  * Change History
  40:../Dave/Generated/DIGITAL_IO/digital_io.c ****  * --------------
  41:../Dave/Generated/DIGITAL_IO/digital_io.c ****  *
  42:../Dave/Generated/DIGITAL_IO/digital_io.c ****  * 2015-02-16
  43:../Dave/Generated/DIGITAL_IO/digital_io.c ****  *     - Initial version<br>
  44:../Dave/Generated/DIGITAL_IO/digital_io.c ****  * 2015-12-22
  45:../Dave/Generated/DIGITAL_IO/digital_io.c ****  *     - Added hardware controlled IO feature.
  46:../Dave/Generated/DIGITAL_IO/digital_io.c ****  * 2016-07-08:
  47:../Dave/Generated/DIGITAL_IO/digital_io.c ****  *     - Fixed incorrect case for an included header.<br>
  48:../Dave/Generated/DIGITAL_IO/digital_io.c ****  *
  49:../Dave/Generated/DIGITAL_IO/digital_io.c ****  * @endcond
  50:../Dave/Generated/DIGITAL_IO/digital_io.c ****  *
  51:../Dave/Generated/DIGITAL_IO/digital_io.c ****  */
  52:../Dave/Generated/DIGITAL_IO/digital_io.c **** 
  53:../Dave/Generated/DIGITAL_IO/digital_io.c **** /**************************************************************************************************
  54:../Dave/Generated/DIGITAL_IO/digital_io.c ****  * HEADER FILES
  55:../Dave/Generated/DIGITAL_IO/digital_io.c ****  **************************************************************************************************
  56:../Dave/Generated/DIGITAL_IO/digital_io.c **** #include "digital_io.h"
  57:../Dave/Generated/DIGITAL_IO/digital_io.c **** 
  58:../Dave/Generated/DIGITAL_IO/digital_io.c **** /**************************************************************************************************
  59:../Dave/Generated/DIGITAL_IO/digital_io.c ****  * MACROS
  60:../Dave/Generated/DIGITAL_IO/digital_io.c ****  **************************************************************************************************
  61:../Dave/Generated/DIGITAL_IO/digital_io.c **** 
  62:../Dave/Generated/DIGITAL_IO/digital_io.c **** /**************************************************************************************************
  63:../Dave/Generated/DIGITAL_IO/digital_io.c ****  * LOCAL DATA
  64:../Dave/Generated/DIGITAL_IO/digital_io.c ****  **************************************************************************************************
  65:../Dave/Generated/DIGITAL_IO/digital_io.c **** 
  66:../Dave/Generated/DIGITAL_IO/digital_io.c **** /**************************************************************************************************
  67:../Dave/Generated/DIGITAL_IO/digital_io.c ****  * LOCAL ROUTINES
  68:../Dave/Generated/DIGITAL_IO/digital_io.c ****  **************************************************************************************************
  69:../Dave/Generated/DIGITAL_IO/digital_io.c **** 
  70:../Dave/Generated/DIGITAL_IO/digital_io.c ****  /*************************************************************************************************
  71:../Dave/Generated/DIGITAL_IO/digital_io.c ****  * API IMPLEMENTATION
  72:../Dave/Generated/DIGITAL_IO/digital_io.c ****  **************************************************************************************************
  73:../Dave/Generated/DIGITAL_IO/digital_io.c **** 
  74:../Dave/Generated/DIGITAL_IO/digital_io.c **** /**
  75:../Dave/Generated/DIGITAL_IO/digital_io.c **** * @brief Get DIGITAL_IO APP version
  76:../Dave/Generated/DIGITAL_IO/digital_io.c **** * @return DAVE_APP_VERSION_t APP version information (major, minor and patch number)
  77:../Dave/Generated/DIGITAL_IO/digital_io.c **** */
  78:../Dave/Generated/DIGITAL_IO/digital_io.c **** 
  79:../Dave/Generated/DIGITAL_IO/digital_io.c **** DAVE_APP_VERSION_t DIGITAL_IO_GetAppVersion(void)
  80:../Dave/Generated/DIGITAL_IO/digital_io.c **** {
  28              	 .loc 1 80 1
  29              	 .cfi_startproc
  30              	 
  31              	 
  32              	 
  33 0000 80B4     	 push {r7}
  34              	.LCFI0:
  35              	 .cfi_def_cfa_offset 4
  36              	 .cfi_offset 7,-4
  37 0002 83B0     	 sub sp,sp,#12
  38              	.LCFI1:
  39              	 .cfi_def_cfa_offset 16
  40 0004 00AF     	 add r7,sp,#0
  41              	.LCFI2:
  42              	 .cfi_def_cfa_register 7
  81:../Dave/Generated/DIGITAL_IO/digital_io.c ****   DAVE_APP_VERSION_t version;
  82:../Dave/Generated/DIGITAL_IO/digital_io.c **** 
  83:../Dave/Generated/DIGITAL_IO/digital_io.c ****   version.major = (uint8_t)DIGITAL_IO_MAJOR_VERSION;
  43              	 .loc 1 83 17
  44 0006 0423     	 movs r3,#4
  45 0008 3B70     	 strb r3,[r7]
  84:../Dave/Generated/DIGITAL_IO/digital_io.c ****   version.minor = (uint8_t)DIGITAL_IO_MINOR_VERSION;
  46              	 .loc 1 84 17
  47 000a 0023     	 movs r3,#0
  48 000c 7B70     	 strb r3,[r7,#1]
  85:../Dave/Generated/DIGITAL_IO/digital_io.c ****   version.patch = (uint8_t)DIGITAL_IO_PATCH_VERSION;
  49              	 .loc 1 85 17
  50 000e 1223     	 movs r3,#18
  51 0010 BB70     	 strb r3,[r7,#2]
  86:../Dave/Generated/DIGITAL_IO/digital_io.c **** 
  87:../Dave/Generated/DIGITAL_IO/digital_io.c ****   return (version);
  52              	 .loc 1 87 10
  53 0012 3B1D     	 adds r3,r7,#4
  54 0014 3A46     	 mov r2,r7
  55 0016 1268     	 ldr r2,[r2]
  56 0018 1146     	 mov r1,r2
  57 001a 1980     	 strh r1,[r3]
  58 001c 0233     	 adds r3,r3,#2
  59 001e 120C     	 lsrs r2,r2,#16
  60 0020 1A70     	 strb r2,[r3]
  61 0022 0023     	 movs r3,#0
  62 0024 3A79     	 ldrb r2,[r7,#4]
  63 0026 62F30703 	 bfi r3,r2,#0,#8
  64 002a 7A79     	 ldrb r2,[r7,#5]
  65 002c 62F30F23 	 bfi r3,r2,#8,#8
  66 0030 BA79     	 ldrb r2,[r7,#6]
  67 0032 62F31743 	 bfi r3,r2,#16,#8
  88:../Dave/Generated/DIGITAL_IO/digital_io.c **** }
  68              	 .loc 1 88 1
  69 0036 1846     	 mov r0,r3
  70 0038 0C37     	 adds r7,r7,#12
  71              	.LCFI3:
  72              	 .cfi_def_cfa_offset 4
  73 003a BD46     	 mov sp,r7
  74              	.LCFI4:
  75              	 .cfi_def_cfa_register 13
  76              	 
  77 003c 5DF8047B 	 ldr r7,[sp],#4
  78              	.LCFI5:
  79              	 .cfi_restore 7
  80              	 .cfi_def_cfa_offset 0
  81 0040 7047     	 bx lr
  82              	 .cfi_endproc
  83              	.LFE147:
  85              	 .section .text.DIGITAL_IO_Init,"ax",%progbits
  86              	 .align 1
  87              	 .global DIGITAL_IO_Init
  88              	 .syntax unified
  89              	 .thumb
  90              	 .thumb_func
  91              	 .fpu fpv4-sp-d16
  93              	DIGITAL_IO_Init:
  94              	.LFB148:
  89:../Dave/Generated/DIGITAL_IO/digital_io.c **** 
  90:../Dave/Generated/DIGITAL_IO/digital_io.c **** 
  91:../Dave/Generated/DIGITAL_IO/digital_io.c **** /**
  92:../Dave/Generated/DIGITAL_IO/digital_io.c **** * @brief Function to initialize the port pin as per UI settings.
  93:../Dave/Generated/DIGITAL_IO/digital_io.c **** * @param handler Pointer pointing to APP data structure.
  94:../Dave/Generated/DIGITAL_IO/digital_io.c **** * @return DIGITAL_IO_STATUS_t DIGITAL_IO APP status.
  95:../Dave/Generated/DIGITAL_IO/digital_io.c **** */
  96:../Dave/Generated/DIGITAL_IO/digital_io.c **** 
  97:../Dave/Generated/DIGITAL_IO/digital_io.c **** DIGITAL_IO_STATUS_t DIGITAL_IO_Init(const DIGITAL_IO_t *const handler)
  98:../Dave/Generated/DIGITAL_IO/digital_io.c **** {
  95              	 .loc 1 98 1
  96              	 .cfi_startproc
  97              	 
  98              	 
  99 0000 80B5     	 push {r7,lr}
 100              	.LCFI6:
 101              	 .cfi_def_cfa_offset 8
 102              	 .cfi_offset 7,-8
 103              	 .cfi_offset 14,-4
 104 0002 82B0     	 sub sp,sp,#8
 105              	.LCFI7:
 106              	 .cfi_def_cfa_offset 16
 107 0004 00AF     	 add r7,sp,#0
 108              	.LCFI8:
 109              	 .cfi_def_cfa_register 7
 110 0006 7860     	 str r0,[r7,#4]
  99:../Dave/Generated/DIGITAL_IO/digital_io.c ****   XMC_ASSERT("DIGITAL_IO_Init: handler null pointer", handler != NULL);
 100:../Dave/Generated/DIGITAL_IO/digital_io.c **** 
 101:../Dave/Generated/DIGITAL_IO/digital_io.c ****   /* Initializes input / output characteristics */
 102:../Dave/Generated/DIGITAL_IO/digital_io.c ****   XMC_GPIO_Init(handler->gpio_port, handler->gpio_pin, &handler->gpio_config);
 111              	 .loc 1 102 3
 112 0008 7B68     	 ldr r3,[r7,#4]
 113 000a 1868     	 ldr r0,[r3]
 114 000c 7B68     	 ldr r3,[r7,#4]
 115 000e 197C     	 ldrb r1,[r3,#16]
 116 0010 7B68     	 ldr r3,[r7,#4]
 117 0012 0433     	 adds r3,r3,#4
 118 0014 1A46     	 mov r2,r3
 119 0016 FFF7FEFF 	 bl XMC_GPIO_Init
 103:../Dave/Generated/DIGITAL_IO/digital_io.c **** 
 104:../Dave/Generated/DIGITAL_IO/digital_io.c ****   /*Configure hardware port control*/
 105:../Dave/Generated/DIGITAL_IO/digital_io.c ****   XMC_GPIO_SetHardwareControl(handler->gpio_port, handler->gpio_pin, handler->hwctrl);
 120              	 .loc 1 105 3
 121 001a 7B68     	 ldr r3,[r7,#4]
 122 001c 1868     	 ldr r0,[r3]
 123 001e 7B68     	 ldr r3,[r7,#4]
 124 0020 197C     	 ldrb r1,[r3,#16]
 125 0022 7B68     	 ldr r3,[r7,#4]
 126 0024 5B7C     	 ldrb r3,[r3,#17]
 127 0026 1A46     	 mov r2,r3
 128 0028 FFF7FEFF 	 bl XMC_GPIO_SetHardwareControl
 106:../Dave/Generated/DIGITAL_IO/digital_io.c **** 
 107:../Dave/Generated/DIGITAL_IO/digital_io.c ****   return (DIGITAL_IO_STATUS_OK);
 129              	 .loc 1 107 10
 130 002c 0023     	 movs r3,#0
 108:../Dave/Generated/DIGITAL_IO/digital_io.c **** }
 131              	 .loc 1 108 1
 132 002e 1846     	 mov r0,r3
 133 0030 0837     	 adds r7,r7,#8
 134              	.LCFI9:
 135              	 .cfi_def_cfa_offset 8
 136 0032 BD46     	 mov sp,r7
 137              	.LCFI10:
 138              	 .cfi_def_cfa_register 13
 139              	 
 140 0034 80BD     	 pop {r7,pc}
 141              	 .cfi_endproc
 142              	.LFE148:
 144              	 .text
 145              	.Letext0:
 146              	 .file 2 "c:\\program files (x86)\\gnu arm embedded toolchain\\10 2020-q4-major\\arm-none-eabi\\include\\machine\\_default_types.h"
 147              	 .file 3 "c:\\program files (x86)\\gnu arm embedded toolchain\\10 2020-q4-major\\arm-none-eabi\\include\\sys\\_stdint.h"
 148              	 .file 4 "C:/Workspaces/DAVE-4.4.2-64Bit/_PKDS_TSTS06_811_X47_V1_0/Libraries/XMCLib/inc/xmc_gpio.h"
 149              	 .file 5 "C:/Workspaces/DAVE-4.4.2-64Bit/_PKDS_TSTS06_811_X47_V1_0/Libraries/XMCLib/inc/xmc4_gpio.h"
 150              	 .file 6 "C:/Workspaces/DAVE-4.4.2-64Bit/_PKDS_TSTS06_811_X47_V1_0/Dave/Generated/DAVE_Common.h"
 151              	 .file 7 "../Dave/Generated/DIGITAL_IO/digital_io.h"
DEFINED SYMBOLS
                            *ABS*:00000000 digital_io.c
    {standard input}:17     .text.DIGITAL_IO_GetAppVersion:00000000 $t
    {standard input}:25     .text.DIGITAL_IO_GetAppVersion:00000000 DIGITAL_IO_GetAppVersion
    {standard input}:86     .text.DIGITAL_IO_Init:00000000 $t
    {standard input}:93     .text.DIGITAL_IO_Init:00000000 DIGITAL_IO_Init

UNDEFINED SYMBOLS
XMC_GPIO_Init
XMC_GPIO_SetHardwareControl
