   1              	 .syntax unified
   2              	 .cpu cortex-m4
   3              	 .eabi_attribute 27,3
   4              	 .fpu fpv4-sp-d16
   5              	 .eabi_attribute 20,1
   6              	 .eabi_attribute 21,1
   7              	 .eabi_attribute 23,3
   8              	 .eabi_attribute 24,1
   9              	 .eabi_attribute 25,1
  10              	 .eabi_attribute 26,1
  11              	 .eabi_attribute 30,4
  12              	 .eabi_attribute 34,1
  13              	 .eabi_attribute 18,4
  14              	 .thumb
  15              	 .file "bldc_scalar_volt_dcbus.c"
  16              	 .global dcbus_voltage_adc_scale
  17              	 .section .data.dcbus_voltage_adc_scale,"aw",%progbits
  18              	 .align 2
  21              	dcbus_voltage_adc_scale:
  22 0000 C9BF0D00 	 .word 901065
  23              	 .ident "GCC: (GNU Tools for ARM Embedded Processors) 4.9.3 20141119 (release) [ARM/embedded-4_9-branch revision 218278]"
DEFINED SYMBOLS
                            *ABS*:00000000 bldc_scalar_volt_dcbus.c
    {standard input}:21     .data.dcbus_voltage_adc_scale:00000000 dcbus_voltage_adc_scale
    {standard input}:18     .data.dcbus_voltage_adc_scale:00000000 $d

NO UNDEFINED SYMBOLS
