   1              	 .cpu cortex-m4
   2              	 .eabi_attribute 27,1
   3              	 .eabi_attribute 20,1
   4              	 .eabi_attribute 21,1
   5              	 .eabi_attribute 23,3
   6              	 .eabi_attribute 24,1
   7              	 .eabi_attribute 25,1
   8              	 .eabi_attribute 26,1
   9              	 .eabi_attribute 30,6
  10              	 .eabi_attribute 34,1
  11              	 .eabi_attribute 18,4
  12              	 .file "adc_measurement_conf.c"
  13              	 .text
  14              	.Ltext0:
  15              	 .cfi_sections .debug_frame
  16              	 .global global_iclass_config
  17              	 .section .rodata.global_iclass_config,"a"
  18              	 .align 2
  21              	global_iclass_config:
  22 0000 00000000 	 .space 4
  23              	 .global Channel_A_ch_config
  24              	 .section .data.Channel_A_ch_config,"aw"
  25              	 .align 2
  28              	Channel_A_ch_config:
  29 0000 02       	 .byte 2
  30 0001 00       	 .byte 0
  31 0002 20       	 .byte 32
  32 0003 00       	 .byte 0
  33 0004 00000000 	 .word 0
  34 0008 00000000 	 .space 4
  35 000c 00       	 .byte 0
  36 000d FF       	 .byte -1
  37 000e 0000     	 .space 2
  38              	 .global Channel_A_res_config
  39              	 .section .bss.Channel_A_res_config,"aw",%nobits
  40              	 .align 2
  43              	Channel_A_res_config:
  44 0000 00000000 	 .space 4
  45              	 .global ADC_MEASUREMENT_Channel_A_handle
  46              	 .section .data.ADC_MEASUREMENT_Channel_A_handle,"aw"
  47              	 .align 2
  50              	ADC_MEASUREMENT_Channel_A_handle:
  51 0000 00000000 	 .word Channel_A_ch_config
  52 0004 00000000 	 .word Channel_A_res_config
  53 0008 004C0040 	 .word 1073761280
  54 000c 00000000 	 .word RES_IN1
  55 0010 02       	 .byte 2
  56 0011 03       	 .byte 3
  57 0012 0000     	 .space 2
  58              	 .global Channel_B_ch_config
  59              	 .section .data.Channel_B_ch_config,"aw"
  60              	 .align 2
  63              	Channel_B_ch_config:
  64 0000 02       	 .byte 2
  65 0001 00       	 .byte 0
  66 0002 2F       	 .byte 47
  67 0003 00       	 .byte 0
  68 0004 00000000 	 .word 0
  69 0008 00000000 	 .space 4
  70 000c 00       	 .byte 0
  71 000d FF       	 .byte -1
  72 000e 0000     	 .space 2
  73              	 .global Channel_B_res_config
  74              	 .section .bss.Channel_B_res_config,"aw",%nobits
  75              	 .align 2
  78              	Channel_B_res_config:
  79 0000 00000000 	 .space 4
  80              	 .global ADC_MEASUREMENT_Channel_B_handle
  81              	 .section .data.ADC_MEASUREMENT_Channel_B_handle,"aw"
  82              	 .align 2
  85              	ADC_MEASUREMENT_Channel_B_handle:
  86 0000 00000000 	 .word Channel_B_ch_config
  87 0004 00000000 	 .word Channel_B_res_config
  88 0008 00440040 	 .word 1073759232
  89 000c 00000000 	 .word RES_IN2
  90 0010 00       	 .byte 0
  91 0011 07       	 .byte 7
  92 0012 0000     	 .space 2
  93              	 .global Channel_C_ch_config
  94              	 .section .data.Channel_C_ch_config,"aw"
  95              	 .align 2
  98              	Channel_C_ch_config:
  99 0000 02       	 .byte 2
 100 0001 00       	 .byte 0
 101 0002 24       	 .byte 36
 102 0003 00       	 .byte 0
 103 0004 00000000 	 .word 0
 104 0008 00000000 	 .space 4
 105 000c 00       	 .byte 0
 106 000d FF       	 .byte -1
 107 000e 0000     	 .space 2
 108              	 .global Channel_C_res_config
 109              	 .section .bss.Channel_C_res_config,"aw",%nobits
 110              	 .align 2
 113              	Channel_C_res_config:
 114 0000 00000000 	 .space 4
 115              	 .global ADC_MEASUREMENT_Channel_C_handle
 116              	 .section .data.ADC_MEASUREMENT_Channel_C_handle,"aw"
 117              	 .align 2
 120              	ADC_MEASUREMENT_Channel_C_handle:
 121 0000 00000000 	 .word Channel_C_ch_config
 122 0004 00000000 	 .word Channel_C_res_config
 123 0008 00500040 	 .word 1073762304
 124 000c 00000000 	 .word DC_INPUT
 125 0010 03       	 .byte 3
 126 0011 07       	 .byte 7
 127 0012 0000     	 .space 2
 128              	 .global ADC_MEASUREMENT_channel_array
 129              	 .section .data.ADC_MEASUREMENT_channel_array,"aw"
 130              	 .align 2
 133              	ADC_MEASUREMENT_channel_array:
 134 0000 00000000 	 .word ADC_MEASUREMENT_Channel_A_handle
 135 0004 00000000 	 .word ADC_MEASUREMENT_Channel_B_handle
 136 0008 00000000 	 .word ADC_MEASUREMENT_Channel_C_handle
 137              	 .global backgnd_rs_intr_handle
 138              	 .section .rodata.backgnd_rs_intr_handle,"a"
 139              	 .align 2
 142              	backgnd_rs_intr_handle:
 143 0000 10000000 	 .word 16
 144 0004 3F000000 	 .word 63
 145 0008 00000000 	 .word 0
 146              	 .global backgnd_config
 147              	 .section .rodata.backgnd_config,"a"
 148              	 .align 2
 151              	backgnd_config:
 152 0000 05       	 .byte 5
 153 0001 000000   	 .space 3
 154 0004 00       	 .space 1
 155 0005 00       	 .byte 0
 156 0006 00       	 .byte 0
 157 0007 00       	 .byte 0
 158 0008 08       	 .byte 8
 159 0009 000000   	 .space 3
 160              	 .global ADC_MEASUREMENT_0
 161              	 .section .data.ADC_MEASUREMENT_0,"aw"
 162              	 .align 2
 165              	ADC_MEASUREMENT_0:
 166 0000 00000000 	 .word ADC_MEASUREMENT_channel_array
 167 0004 00000000 	 .word backgnd_config
 168 0008 00000000 	 .word global_iclass_config
 169 000c 00000000 	 .word GLOBAL_ADC_0
 170 0010 00000000 	 .word backgnd_rs_intr_handle
 171 0014 00000000 	 .word 0
 172 0018 02       	 .byte 2
 173 0019 06       	 .byte 6
 174 001a 01       	 .byte 1
 175 001b 00       	 .space 1
 176              	 .text
 177              	.Letext0:
 178              	 .file 1 "c:\\program files (x86)\\gnu arm embedded toolchain\\10 2020-q4-major\\arm-none-eabi\\include\\machine\\_default_types.h"
 179              	 .file 2 "c:\\program files (x86)\\gnu arm embedded toolchain\\10 2020-q4-major\\arm-none-eabi\\include\\sys\\_stdint.h"
 180              	 .file 3 "C:/Workspaces/DAVE-4.4.2-64Bit/_PKDS_TSTS06_811_X47_V1_0/Libraries/CMSIS/Infineon/XMC4700_series/Include/XMC4700.h"
 181              	 .file 4 "C:/Workspaces/DAVE-4.4.2-64Bit/_PKDS_TSTS06_811_X47_V1_0/Libraries/XMCLib/inc/xmc_vadc.h"
 182              	 .file 5 "C:/Workspaces/DAVE-4.4.2-64Bit/_PKDS_TSTS06_811_X47_V1_0/Dave/Generated/GLOBAL_ADC/global_adc.h"
 183              	 .file 6 "C:/Workspaces/DAVE-4.4.2-64Bit/_PKDS_TSTS06_811_X47_V1_0/Libraries/XMCLib/inc/xmc4_gpio.h"
 184              	 .file 7 "C:/Workspaces/DAVE-4.4.2-64Bit/_PKDS_TSTS06_811_X47_V1_0/Dave/Generated/ANALOG_IO/analog_io.h"
 185              	 .file 8 "C:/Workspaces/DAVE-4.4.2-64Bit/_PKDS_TSTS06_811_X47_V1_0/Dave/Generated/GLOBAL_ADC/global_adc_extern.h"
 186              	 .file 9 "C:/Workspaces/DAVE-4.4.2-64Bit/_PKDS_TSTS06_811_X47_V1_0/Dave/Generated/ANALOG_IO/analog_io_extern.h"
 187              	 .file 10 "../Dave/Generated/ADC_MEASUREMENT/adc_measurement.h"
 188              	 .file 11 "../Dave/Generated/ADC_MEASUREMENT/adc_measurement_extern.h"
 189              	 .file 12 "../Dave/Generated/ADC_MEASUREMENT/adc_measurement_conf.c"
DEFINED SYMBOLS
                            *ABS*:00000000 adc_measurement_conf.c
    {standard input}:21     .rodata.global_iclass_config:00000000 global_iclass_config
    {standard input}:18     .rodata.global_iclass_config:00000000 $d
    {standard input}:28     .data.Channel_A_ch_config:00000000 Channel_A_ch_config
    {standard input}:25     .data.Channel_A_ch_config:00000000 $d
    {standard input}:43     .bss.Channel_A_res_config:00000000 Channel_A_res_config
    {standard input}:40     .bss.Channel_A_res_config:00000000 $d
    {standard input}:50     .data.ADC_MEASUREMENT_Channel_A_handle:00000000 ADC_MEASUREMENT_Channel_A_handle
    {standard input}:47     .data.ADC_MEASUREMENT_Channel_A_handle:00000000 $d
    {standard input}:63     .data.Channel_B_ch_config:00000000 Channel_B_ch_config
    {standard input}:60     .data.Channel_B_ch_config:00000000 $d
    {standard input}:78     .bss.Channel_B_res_config:00000000 Channel_B_res_config
    {standard input}:75     .bss.Channel_B_res_config:00000000 $d
    {standard input}:85     .data.ADC_MEASUREMENT_Channel_B_handle:00000000 ADC_MEASUREMENT_Channel_B_handle
    {standard input}:82     .data.ADC_MEASUREMENT_Channel_B_handle:00000000 $d
    {standard input}:98     .data.Channel_C_ch_config:00000000 Channel_C_ch_config
    {standard input}:95     .data.Channel_C_ch_config:00000000 $d
    {standard input}:113    .bss.Channel_C_res_config:00000000 Channel_C_res_config
    {standard input}:110    .bss.Channel_C_res_config:00000000 $d
    {standard input}:120    .data.ADC_MEASUREMENT_Channel_C_handle:00000000 ADC_MEASUREMENT_Channel_C_handle
    {standard input}:117    .data.ADC_MEASUREMENT_Channel_C_handle:00000000 $d
    {standard input}:133    .data.ADC_MEASUREMENT_channel_array:00000000 ADC_MEASUREMENT_channel_array
    {standard input}:130    .data.ADC_MEASUREMENT_channel_array:00000000 $d
    {standard input}:142    .rodata.backgnd_rs_intr_handle:00000000 backgnd_rs_intr_handle
    {standard input}:139    .rodata.backgnd_rs_intr_handle:00000000 $d
    {standard input}:151    .rodata.backgnd_config:00000000 backgnd_config
    {standard input}:148    .rodata.backgnd_config:00000000 $d
    {standard input}:165    .data.ADC_MEASUREMENT_0:00000000 ADC_MEASUREMENT_0
    {standard input}:162    .data.ADC_MEASUREMENT_0:00000000 $d

UNDEFINED SYMBOLS
RES_IN1
RES_IN2
DC_INPUT
GLOBAL_ADC_0
