   1              	 .cpu cortex-m4
   2              	 .eabi_attribute 27,1
   3              	 .eabi_attribute 20,1
   4              	 .eabi_attribute 21,1
   5              	 .eabi_attribute 23,3
   6              	 .eabi_attribute 24,1
   7              	 .eabi_attribute 25,1
   8              	 .eabi_attribute 26,1
   9              	 .eabi_attribute 30,6
  10              	 .eabi_attribute 34,1
  11              	 .eabi_attribute 18,4
  12              	 .file "clock_xmc4.c"
  13              	 .text
  14              	.Ltext0:
  15              	 .cfi_sections .debug_frame
  16              	 .section .text.CLOCK_XMC4_GetAppVersion,"ax",%progbits
  17              	 .align 1
  18              	 .global CLOCK_XMC4_GetAppVersion
  19              	 .arch armv7e-m
  20              	 .syntax unified
  21              	 .thumb
  22              	 .thumb_func
  23              	 .fpu fpv4-sp-d16
  25              	CLOCK_XMC4_GetAppVersion:
  26              	.LFB181:
  27              	 .file 1 "../Dave/Generated/CLOCK_XMC4/clock_xmc4.c"
   1:../Dave/Generated/CLOCK_XMC4/clock_xmc4.c **** /**
   2:../Dave/Generated/CLOCK_XMC4/clock_xmc4.c ****  * @file clock_xmc4.c
   3:../Dave/Generated/CLOCK_XMC4/clock_xmc4.c ****  * @date 2016-07-08
   4:../Dave/Generated/CLOCK_XMC4/clock_xmc4.c ****  *
   5:../Dave/Generated/CLOCK_XMC4/clock_xmc4.c ****  * NOTE:
   6:../Dave/Generated/CLOCK_XMC4/clock_xmc4.c ****  * This file is generated by DAVE. Any manual modification done to this file will be lost when the 
   7:../Dave/Generated/CLOCK_XMC4/clock_xmc4.c ****  *
   8:../Dave/Generated/CLOCK_XMC4/clock_xmc4.c ****  * @cond
   9:../Dave/Generated/CLOCK_XMC4/clock_xmc4.c ****  **************************************************************************************************
  10:../Dave/Generated/CLOCK_XMC4/clock_xmc4.c ****  * CLOCK_XMC4 v4.0.24 - APP to configure System and Peripheral Clocks.
  11:../Dave/Generated/CLOCK_XMC4/clock_xmc4.c ****  *
  12:../Dave/Generated/CLOCK_XMC4/clock_xmc4.c ****  * Copyright (c) 2015-2020, Infineon Technologies AG
  13:../Dave/Generated/CLOCK_XMC4/clock_xmc4.c ****  * All rights reserved.
  14:../Dave/Generated/CLOCK_XMC4/clock_xmc4.c ****  *                                             
  15:../Dave/Generated/CLOCK_XMC4/clock_xmc4.c ****  * Redistribution and use in source and binary forms, with or without modification,are permitted pr
  16:../Dave/Generated/CLOCK_XMC4/clock_xmc4.c ****  * following conditions are met:   
  17:../Dave/Generated/CLOCK_XMC4/clock_xmc4.c ****  *                                                                              
  18:../Dave/Generated/CLOCK_XMC4/clock_xmc4.c ****  *   Redistributions of source code must retain the above copyright notice, this list of conditions
  19:../Dave/Generated/CLOCK_XMC4/clock_xmc4.c ****  *   disclaimer.                        
  20:../Dave/Generated/CLOCK_XMC4/clock_xmc4.c ****  * 
  21:../Dave/Generated/CLOCK_XMC4/clock_xmc4.c ****  *   Redistributions in binary form must reproduce the above copyright notice, this list of conditi
  22:../Dave/Generated/CLOCK_XMC4/clock_xmc4.c ****  *   following disclaimer in the documentation and/or other materials provided with the distributio
  23:../Dave/Generated/CLOCK_XMC4/clock_xmc4.c ****  *                         
  24:../Dave/Generated/CLOCK_XMC4/clock_xmc4.c ****  *   Neither the name of the copyright holders nor the names of its contributors may be used to end
  25:../Dave/Generated/CLOCK_XMC4/clock_xmc4.c ****  *   products derived from this software without specific prior written permission. 
  26:../Dave/Generated/CLOCK_XMC4/clock_xmc4.c ****  *                                             
  27:../Dave/Generated/CLOCK_XMC4/clock_xmc4.c ****  * THIS SOFTWARE IS PROVIDED BY THE COPYRIGHT HOLDERS AND CONTRIBUTORS "AS IS" AND ANY EXPRESS OR I
  28:../Dave/Generated/CLOCK_XMC4/clock_xmc4.c ****  * INCLUDING, BUT NOT LIMITED TO, THE IMPLIED WARRANTIES OF MERCHANTABILITY AND FITNESS FOR A PARTI
  29:../Dave/Generated/CLOCK_XMC4/clock_xmc4.c ****  * DISCLAIMED. IN NO EVENT SHALL THE COPYRIGHT HOLDER OR CONTRIBUTORS BE LIABLE  FOR ANY DIRECT, IN
  30:../Dave/Generated/CLOCK_XMC4/clock_xmc4.c ****  * SPECIAL, EXEMPLARY, OR CONSEQUENTIAL DAMAGES (INCLUDING, BUT NOT LIMITED TO, PROCUREMENT OF SUBS
  31:../Dave/Generated/CLOCK_XMC4/clock_xmc4.c ****  * SERVICES; LOSS OF USE, DATA, OR PROFITS; OR BUSINESS INTERRUPTION) HOWEVER CAUSED AND ON ANY THE
  32:../Dave/Generated/CLOCK_XMC4/clock_xmc4.c ****  * WHETHER IN CONTRACT, STRICT LIABILITY,OR TORT (INCLUDING NEGLIGENCE OR OTHERWISE) ARISING IN ANY
  33:../Dave/Generated/CLOCK_XMC4/clock_xmc4.c ****  * USE OF THIS SOFTWARE, EVEN IF ADVISED OF THE POSSIBILITY OF SUCH DAMAGE.    
  34:../Dave/Generated/CLOCK_XMC4/clock_xmc4.c ****  *                                                                              
  35:../Dave/Generated/CLOCK_XMC4/clock_xmc4.c ****  * To improve the quality of the software, users are encouraged to share modifications, enhancement
  36:../Dave/Generated/CLOCK_XMC4/clock_xmc4.c ****  * with Infineon Technologies AG (dave@infineon.com).        
  37:../Dave/Generated/CLOCK_XMC4/clock_xmc4.c ****  **************************************************************************************************
  38:../Dave/Generated/CLOCK_XMC4/clock_xmc4.c ****  *
  39:../Dave/Generated/CLOCK_XMC4/clock_xmc4.c ****  * Change History
  40:../Dave/Generated/CLOCK_XMC4/clock_xmc4.c ****  * --------------
  41:../Dave/Generated/CLOCK_XMC4/clock_xmc4.c ****  * 2015-02-16:
  42:../Dave/Generated/CLOCK_XMC4/clock_xmc4.c ****  *     - Initial version for DAVEv4. <BR>
  43:../Dave/Generated/CLOCK_XMC4/clock_xmc4.c ****  * 2015-05-08:
  44:../Dave/Generated/CLOCK_XMC4/clock_xmc4.c ****  *     - Typo mistake corrected in _GetAppVersion(). <BR>
  45:../Dave/Generated/CLOCK_XMC4/clock_xmc4.c ****  * 2015-09-22:
  46:../Dave/Generated/CLOCK_XMC4/clock_xmc4.c ****  *     - CLOCK_XMC4_Init and CLOCK_XMC4_StepSystemPllFrequency() APIs are provided. <BR>
  47:../Dave/Generated/CLOCK_XMC4/clock_xmc4.c ****  * 2015-11-20:
  48:../Dave/Generated/CLOCK_XMC4/clock_xmc4.c ****  *     - XMC_ASSERT is added for debugging purpose. <BR>
  49:../Dave/Generated/CLOCK_XMC4/clock_xmc4.c ****  * 2015-12-20:
  50:../Dave/Generated/CLOCK_XMC4/clock_xmc4.c ****  *     - Comments are improved. <BR>
  51:../Dave/Generated/CLOCK_XMC4/clock_xmc4.c ****  * 2015-12-24:
  52:../Dave/Generated/CLOCK_XMC4/clock_xmc4.c ****  *     - TRAP event settings are moved to SystemCoreClockSetup API from CLOCK_XMC4_Init. <BR>
  53:../Dave/Generated/CLOCK_XMC4/clock_xmc4.c ****  *     - Code size is improved. <BR>
  54:../Dave/Generated/CLOCK_XMC4/clock_xmc4.c ****  *     - OSCHP_GetFrequency API is made to available to user only when high precision oscillator is
  55:../Dave/Generated/CLOCK_XMC4/clock_xmc4.c ****  * 2016-07-08:
  56:../Dave/Generated/CLOCK_XMC4/clock_xmc4.c ****  *     - Fixed incorrect case for an included header.<br>
  57:../Dave/Generated/CLOCK_XMC4/clock_xmc4.c ****  *
  58:../Dave/Generated/CLOCK_XMC4/clock_xmc4.c ****  * @endcond 
  59:../Dave/Generated/CLOCK_XMC4/clock_xmc4.c ****  *
  60:../Dave/Generated/CLOCK_XMC4/clock_xmc4.c ****  */
  61:../Dave/Generated/CLOCK_XMC4/clock_xmc4.c **** 
  62:../Dave/Generated/CLOCK_XMC4/clock_xmc4.c **** /**************************************************************************************************
  63:../Dave/Generated/CLOCK_XMC4/clock_xmc4.c ****  * HEADER FILES                                                                                    
  64:../Dave/Generated/CLOCK_XMC4/clock_xmc4.c ****  **************************************************************************************************
  65:../Dave/Generated/CLOCK_XMC4/clock_xmc4.c **** #include "clock_xmc4.h"
  66:../Dave/Generated/CLOCK_XMC4/clock_xmc4.c **** 
  67:../Dave/Generated/CLOCK_XMC4/clock_xmc4.c **** /**************************************************************************************************
  68:../Dave/Generated/CLOCK_XMC4/clock_xmc4.c ****  * MACROS
  69:../Dave/Generated/CLOCK_XMC4/clock_xmc4.c ****  **************************************************************************************************
  70:../Dave/Generated/CLOCK_XMC4/clock_xmc4.c **** 
  71:../Dave/Generated/CLOCK_XMC4/clock_xmc4.c **** /**************************************************************************************************
  72:../Dave/Generated/CLOCK_XMC4/clock_xmc4.c ****  * LOCAL DATA
  73:../Dave/Generated/CLOCK_XMC4/clock_xmc4.c ****  **************************************************************************************************
  74:../Dave/Generated/CLOCK_XMC4/clock_xmc4.c **** 
  75:../Dave/Generated/CLOCK_XMC4/clock_xmc4.c **** /**************************************************************************************************
  76:../Dave/Generated/CLOCK_XMC4/clock_xmc4.c ****  * LOCAL ROUTINES
  77:../Dave/Generated/CLOCK_XMC4/clock_xmc4.c ****  **************************************************************************************************
  78:../Dave/Generated/CLOCK_XMC4/clock_xmc4.c **** 
  79:../Dave/Generated/CLOCK_XMC4/clock_xmc4.c **** /**************************************************************************************************
  80:../Dave/Generated/CLOCK_XMC4/clock_xmc4.c **** * API IMPLEMENTATION
  81:../Dave/Generated/CLOCK_XMC4/clock_xmc4.c **** ***************************************************************************************************
  82:../Dave/Generated/CLOCK_XMC4/clock_xmc4.c **** /*  API to retrieve version of the APP */
  83:../Dave/Generated/CLOCK_XMC4/clock_xmc4.c **** DAVE_APP_VERSION_t CLOCK_XMC4_GetAppVersion(void)
  84:../Dave/Generated/CLOCK_XMC4/clock_xmc4.c **** {
  28              	 .loc 1 84 1
  29              	 .cfi_startproc
  30              	 
  31              	 
  32              	 
  33 0000 80B4     	 push {r7}
  34              	.LCFI0:
  35              	 .cfi_def_cfa_offset 4
  36              	 .cfi_offset 7,-4
  37 0002 83B0     	 sub sp,sp,#12
  38              	.LCFI1:
  39              	 .cfi_def_cfa_offset 16
  40 0004 00AF     	 add r7,sp,#0
  41              	.LCFI2:
  42              	 .cfi_def_cfa_register 7
  85:../Dave/Generated/CLOCK_XMC4/clock_xmc4.c ****   DAVE_APP_VERSION_t version;
  86:../Dave/Generated/CLOCK_XMC4/clock_xmc4.c ****   version.major = (uint8_t)CLOCK_XMC4_MAJOR_VERSION;
  43              	 .loc 1 86 17
  44 0006 0423     	 movs r3,#4
  45 0008 3B70     	 strb r3,[r7]
  87:../Dave/Generated/CLOCK_XMC4/clock_xmc4.c ****   version.minor = (uint8_t)CLOCK_XMC4_MINOR_VERSION;
  46              	 .loc 1 87 17
  47 000a 0023     	 movs r3,#0
  48 000c 7B70     	 strb r3,[r7,#1]
  88:../Dave/Generated/CLOCK_XMC4/clock_xmc4.c ****   version.patch = (uint8_t)CLOCK_XMC4_PATCH_VERSION;
  49              	 .loc 1 88 17
  50 000e 1823     	 movs r3,#24
  51 0010 BB70     	 strb r3,[r7,#2]
  89:../Dave/Generated/CLOCK_XMC4/clock_xmc4.c **** 
  90:../Dave/Generated/CLOCK_XMC4/clock_xmc4.c ****   return (version);
  52              	 .loc 1 90 10
  53 0012 3B1D     	 adds r3,r7,#4
  54 0014 3A46     	 mov r2,r7
  55 0016 1268     	 ldr r2,[r2]
  56 0018 1146     	 mov r1,r2
  57 001a 1980     	 strh r1,[r3]
  58 001c 0233     	 adds r3,r3,#2
  59 001e 120C     	 lsrs r2,r2,#16
  60 0020 1A70     	 strb r2,[r3]
  61 0022 0023     	 movs r3,#0
  62 0024 3A79     	 ldrb r2,[r7,#4]
  63 0026 62F30703 	 bfi r3,r2,#0,#8
  64 002a 7A79     	 ldrb r2,[r7,#5]
  65 002c 62F30F23 	 bfi r3,r2,#8,#8
  66 0030 BA79     	 ldrb r2,[r7,#6]
  67 0032 62F31743 	 bfi r3,r2,#16,#8
  91:../Dave/Generated/CLOCK_XMC4/clock_xmc4.c **** }
  68              	 .loc 1 91 1
  69 0036 1846     	 mov r0,r3
  70 0038 0C37     	 adds r7,r7,#12
  71              	.LCFI3:
  72              	 .cfi_def_cfa_offset 4
  73 003a BD46     	 mov sp,r7
  74              	.LCFI4:
  75              	 .cfi_def_cfa_register 13
  76              	 
  77 003c 5DF8047B 	 ldr r7,[sp],#4
  78              	.LCFI5:
  79              	 .cfi_restore 7
  80              	 .cfi_def_cfa_offset 0
  81 0040 7047     	 bx lr
  82              	 .cfi_endproc
  83              	.LFE181:
  85              	 .section .text.CLOCK_XMC4_Init,"ax",%progbits
  86              	 .align 1
  87              	 .global CLOCK_XMC4_Init
  88              	 .syntax unified
  89              	 .thumb
  90              	 .thumb_func
  91              	 .fpu fpv4-sp-d16
  93              	CLOCK_XMC4_Init:
  94              	.LFB182:
  92:../Dave/Generated/CLOCK_XMC4/clock_xmc4.c **** 
  93:../Dave/Generated/CLOCK_XMC4/clock_xmc4.c **** /*
  94:../Dave/Generated/CLOCK_XMC4/clock_xmc4.c ****  * API to initialize the CLOCK_XMC4 APP TRAP events
  95:../Dave/Generated/CLOCK_XMC4/clock_xmc4.c ****  */
  96:../Dave/Generated/CLOCK_XMC4/clock_xmc4.c **** CLOCK_XMC4_STATUS_t CLOCK_XMC4_Init(CLOCK_XMC4_t *handle)
  97:../Dave/Generated/CLOCK_XMC4/clock_xmc4.c **** {
  95              	 .loc 1 97 1
  96              	 .cfi_startproc
  97              	 
  98              	 
  99              	 
 100 0000 80B4     	 push {r7}
 101              	.LCFI6:
 102              	 .cfi_def_cfa_offset 4
 103              	 .cfi_offset 7,-4
 104 0002 85B0     	 sub sp,sp,#20
 105              	.LCFI7:
 106              	 .cfi_def_cfa_offset 24
 107 0004 00AF     	 add r7,sp,#0
 108              	.LCFI8:
 109              	 .cfi_def_cfa_register 7
 110 0006 7860     	 str r0,[r7,#4]
  98:../Dave/Generated/CLOCK_XMC4/clock_xmc4.c ****   CLOCK_XMC4_STATUS_t status = CLOCK_XMC4_STATUS_SUCCESS;
 111              	 .loc 1 98 23
 112 0008 0023     	 movs r3,#0
 113 000a FB73     	 strb r3,[r7,#15]
  99:../Dave/Generated/CLOCK_XMC4/clock_xmc4.c **** 
 100:../Dave/Generated/CLOCK_XMC4/clock_xmc4.c ****   XMC_ASSERT("CLOCK_XMC4 APP handle function pointer uninitialized", (handle != NULL));
 101:../Dave/Generated/CLOCK_XMC4/clock_xmc4.c **** 
 102:../Dave/Generated/CLOCK_XMC4/clock_xmc4.c ****   handle->init_status = true;
 114              	 .loc 1 102 23
 115 000c 7B68     	 ldr r3,[r7,#4]
 116 000e 0122     	 movs r2,#1
 117 0010 1A70     	 strb r2,[r3]
 103:../Dave/Generated/CLOCK_XMC4/clock_xmc4.c **** 
 104:../Dave/Generated/CLOCK_XMC4/clock_xmc4.c ****   return (status);
 118              	 .loc 1 104 10
 119 0012 FB7B     	 ldrb r3,[r7,#15]
 105:../Dave/Generated/CLOCK_XMC4/clock_xmc4.c **** }
 120              	 .loc 1 105 1
 121 0014 1846     	 mov r0,r3
 122 0016 1437     	 adds r7,r7,#20
 123              	.LCFI9:
 124              	 .cfi_def_cfa_offset 4
 125 0018 BD46     	 mov sp,r7
 126              	.LCFI10:
 127              	 .cfi_def_cfa_register 13
 128              	 
 129 001a 5DF8047B 	 ldr r7,[sp],#4
 130              	.LCFI11:
 131              	 .cfi_restore 7
 132              	 .cfi_def_cfa_offset 0
 133 001e 7047     	 bx lr
 134              	 .cfi_endproc
 135              	.LFE182:
 137              	 .section .text.OSCHP_GetFrequency,"ax",%progbits
 138              	 .align 1
 139              	 .global OSCHP_GetFrequency
 140              	 .syntax unified
 141              	 .thumb
 142              	 .thumb_func
 143              	 .fpu fpv4-sp-d16
 145              	OSCHP_GetFrequency:
 146              	.LFB183:
 106:../Dave/Generated/CLOCK_XMC4/clock_xmc4.c **** 
 107:../Dave/Generated/CLOCK_XMC4/clock_xmc4.c **** #ifdef CLOCK_XMC4_OSCHP_ENABLED
 108:../Dave/Generated/CLOCK_XMC4/clock_xmc4.c **** /*  API to retrieve high precision external oscillator frequency */
 109:../Dave/Generated/CLOCK_XMC4/clock_xmc4.c **** uint32_t OSCHP_GetFrequency(void)
 110:../Dave/Generated/CLOCK_XMC4/clock_xmc4.c **** {
 147              	 .loc 1 110 1
 148              	 .cfi_startproc
 149              	 
 150              	 
 151              	 
 152 0000 80B4     	 push {r7}
 153              	.LCFI12:
 154              	 .cfi_def_cfa_offset 4
 155              	 .cfi_offset 7,-4
 156 0002 00AF     	 add r7,sp,#0
 157              	.LCFI13:
 158              	 .cfi_def_cfa_register 7
 111:../Dave/Generated/CLOCK_XMC4/clock_xmc4.c ****   return (CLOCK_XMC4_OSCHP_FREQUENCY);
 159              	 .loc 1 111 10
 160 0004 024B     	 ldr r3,.L7
 112:../Dave/Generated/CLOCK_XMC4/clock_xmc4.c **** }
 161              	 .loc 1 112 1
 162 0006 1846     	 mov r0,r3
 163 0008 BD46     	 mov sp,r7
 164              	.LCFI14:
 165              	 .cfi_def_cfa_register 13
 166              	 
 167 000a 5DF8047B 	 ldr r7,[sp],#4
 168              	.LCFI15:
 169              	 .cfi_restore 7
 170              	 .cfi_def_cfa_offset 0
 171 000e 7047     	 bx lr
 172              	.L8:
 173              	 .align 2
 174              	.L7:
 175 0010 00127A00 	 .word 8000000
 176              	 .cfi_endproc
 177              	.LFE183:
 179              	 .section .text.CLOCK_XMC4_StepSystemPllFrequency,"ax",%progbits
 180              	 .align 1
 181              	 .global CLOCK_XMC4_StepSystemPllFrequency
 182              	 .syntax unified
 183              	 .thumb
 184              	 .thumb_func
 185              	 .fpu fpv4-sp-d16
 187              	CLOCK_XMC4_StepSystemPllFrequency:
 188              	.LFB184:
 113:../Dave/Generated/CLOCK_XMC4/clock_xmc4.c **** #endif
 114:../Dave/Generated/CLOCK_XMC4/clock_xmc4.c **** 
 115:../Dave/Generated/CLOCK_XMC4/clock_xmc4.c **** /*  API for ramping down the system PLL clock frequency */
 116:../Dave/Generated/CLOCK_XMC4/clock_xmc4.c **** void CLOCK_XMC4_StepSystemPllFrequency(uint32_t kdiv)
 117:../Dave/Generated/CLOCK_XMC4/clock_xmc4.c **** {
 189              	 .loc 1 117 1
 190              	 .cfi_startproc
 191              	 
 192              	 
 193 0000 80B5     	 push {r7,lr}
 194              	.LCFI16:
 195              	 .cfi_def_cfa_offset 8
 196              	 .cfi_offset 7,-8
 197              	 .cfi_offset 14,-4
 198 0002 82B0     	 sub sp,sp,#8
 199              	.LCFI17:
 200              	 .cfi_def_cfa_offset 16
 201 0004 00AF     	 add r7,sp,#0
 202              	.LCFI18:
 203              	 .cfi_def_cfa_register 7
 204 0006 7860     	 str r0,[r7,#4]
 118:../Dave/Generated/CLOCK_XMC4/clock_xmc4.c ****   XMC_ASSERT("Incorrect kdiv value", ((kdiv >= 1) && (kdiv >= 128)));
 119:../Dave/Generated/CLOCK_XMC4/clock_xmc4.c ****   XMC_SCU_CLOCK_StepSystemPllFrequency(kdiv);
 205              	 .loc 1 119 3
 206 0008 7868     	 ldr r0,[r7,#4]
 207 000a FFF7FEFF 	 bl XMC_SCU_CLOCK_StepSystemPllFrequency
 120:../Dave/Generated/CLOCK_XMC4/clock_xmc4.c **** }
 208              	 .loc 1 120 1
 209 000e 00BF     	 nop
 210 0010 0837     	 adds r7,r7,#8
 211              	.LCFI19:
 212              	 .cfi_def_cfa_offset 8
 213 0012 BD46     	 mov sp,r7
 214              	.LCFI20:
 215              	 .cfi_def_cfa_register 13
 216              	 
 217 0014 80BD     	 pop {r7,pc}
 218              	 .cfi_endproc
 219              	.LFE184:
 221              	 .text
 222              	.Letext0:
 223              	 .file 2 "c:\\program files (x86)\\gnu arm embedded toolchain\\10 2020-q4-major\\arm-none-eabi\\include\\machine\\_default_types.h"
 224              	 .file 3 "c:\\program files (x86)\\gnu arm embedded toolchain\\10 2020-q4-major\\arm-none-eabi\\include\\sys\\_stdint.h"
 225              	 .file 4 "C:/Workspaces/DAVE-4.4.2-64Bit/_PKDS_TSTS06_811_X47_V1_0/Dave/Generated/DAVE_Common.h"
 226              	 .file 5 "../Dave/Generated/CLOCK_XMC4/clock_xmc4.h"
DEFINED SYMBOLS
                            *ABS*:00000000 clock_xmc4.c
    {standard input}:17     .text.CLOCK_XMC4_GetAppVersion:00000000 $t
    {standard input}:25     .text.CLOCK_XMC4_GetAppVersion:00000000 CLOCK_XMC4_GetAppVersion
    {standard input}:86     .text.CLOCK_XMC4_Init:00000000 $t
    {standard input}:93     .text.CLOCK_XMC4_Init:00000000 CLOCK_XMC4_Init
    {standard input}:138    .text.OSCHP_GetFrequency:00000000 $t
    {standard input}:145    .text.OSCHP_GetFrequency:00000000 OSCHP_GetFrequency
    {standard input}:175    .text.OSCHP_GetFrequency:00000010 $d
    {standard input}:180    .text.CLOCK_XMC4_StepSystemPllFrequency:00000000 $t
    {standard input}:187    .text.CLOCK_XMC4_StepSystemPllFrequency:00000000 CLOCK_XMC4_StepSystemPllFrequency

UNDEFINED SYMBOLS
XMC_SCU_CLOCK_StepSystemPllFrequency
