   1              	 .syntax unified
   2              	 .cpu cortex-m4
   3              	 .eabi_attribute 27,3
   4              	 .fpu fpv4-sp-d16
   5              	 .eabi_attribute 20,1
   6              	 .eabi_attribute 21,1
   7              	 .eabi_attribute 23,3
   8              	 .eabi_attribute 24,1
   9              	 .eabi_attribute 25,1
  10              	 .eabi_attribute 26,1
  11              	 .eabi_attribute 30,4
  12              	 .eabi_attribute 34,1
  13              	 .eabi_attribute 18,4
  14              	 .thumb
  15              	 .file "bldc_scalar_ramp_generator.c"
  16              	 .section .ram_code,"ax",%progbits
  17              	 .align 1
  18              	 .global Motor0_BLDC_SCALAR_Ramp_Linear
  19              	 .thumb
  20              	 .thumb_func
  22              	Motor0_BLDC_SCALAR_Ramp_Linear:
  23              	 
  24              	 
  25 0000 0D4B     	 ldr r3,.L9
  26 0002 0E49     	 ldr r1,.L9+4
  27 0004 9868     	 ldr r0,[r3,#8]
  28 0006 30B5     	 push {r4,r5,lr}
  29 0008 0D68     	 ldr r5,[r1]
  30 000a 93E81400 	 ldmia r3,{r2,r4}
  31 000e 2844     	 add r0,r0,r5
  32 0010 0514     	 asrs r5,r0,#16
  33 0012 9442     	 cmp r4,r2
  34 0014 80B2     	 uxth r0,r0
  35 0016 0860     	 str r0,[r1]
  36 0018 04DB     	 blt .L2
  37 001a A01A     	 subs r0,r4,r2
  38 001c A842     	 cmp r0,r5
  39 001e 04DD     	 ble .L7
  40 0020 2A44     	 add r2,r2,r5
  41 0022 07E0     	 b .L6
  42              	.L2:
  43 0024 101B     	 subs r0,r2,r4
  44 0026 A842     	 cmp r0,r5
  45 0028 03DC     	 bgt .L5
  46              	.L7:
  47 002a 1C60     	 str r4,[r3]
  48 002c 0023     	 movs r3,#0
  49 002e 0B60     	 str r3,[r1]
  50 0030 30BD     	 pop {r4,r5,pc}
  51              	.L5:
  52 0032 521B     	 subs r2,r2,r5
  53              	.L6:
  54 0034 1A60     	 str r2,[r3]
  55 0036 30BD     	 pop {r4,r5,pc}
  56              	.L10:
  57              	 .align 2
  58              	.L9:
  59 0038 00000000 	 .word Motor0_BLDC_SCALAR_Ramp
  60 003c 00000000 	 .word .LANCHOR0
  62              	 .section .bss.sum.6890,"aw",%nobits
  63              	 .align 2
  64              	 .set .LANCHOR0,.+0
  67              	sum.6890:
  68 0000 00000000 	 .space 4
  69              	 .ident "GCC: (GNU Tools for ARM Embedded Processors) 4.9.3 20141119 (release) [ARM/embedded-4_9-branch revision 218278]"
DEFINED SYMBOLS
                            *ABS*:00000000 bldc_scalar_ramp_generator.c
    {standard input}:17     .ram_code:00000000 $t
    {standard input}:22     .ram_code:00000000 Motor0_BLDC_SCALAR_Ramp_Linear
    {standard input}:59     .ram_code:00000038 $d
    {standard input}:63     .bss.sum.6890:00000000 $d
    {standard input}:67     .bss.sum.6890:00000000 sum.6890

UNDEFINED SYMBOLS
Motor0_BLDC_SCALAR_Ramp
