   1              	 .cpu cortex-m4
   2              	 .eabi_attribute 27,1
   3              	 .eabi_attribute 20,1
   4              	 .eabi_attribute 21,1
   5              	 .eabi_attribute 23,3
   6              	 .eabi_attribute 24,1
   7              	 .eabi_attribute 25,1
   8              	 .eabi_attribute 26,1
   9              	 .eabi_attribute 30,6
  10              	 .eabi_attribute 34,1
  11              	 .eabi_attribute 18,4
  12              	 .file "can_node_conf.c"
  13              	 .text
  14              	.Ltext0:
  15              	 .cfi_sections .debug_frame
  16              	 .section .rodata.CAN_INT_gpio_out,"a"
  17              	 .align 2
  20              	CAN_INT_gpio_out:
  21 0000 00810248 	 .word 1208123648
  22 0004 04       	 .byte 4
  23 0005 000000   	 .space 3
  24              	 .section .rodata.CAN_INT_gpio_out_config,"a"
  25              	 .align 2
  28              	CAN_INT_gpio_out_config:
  29 0000 90       	 .byte -112
  30 0001 000000   	 .space 3
  31 0004 01000000 	 .word 1
  32 0008 02       	 .byte 2
  33 0009 000000   	 .space 3
  34              	 .section .rodata.CAN_INT_gpio_in,"a"
  35              	 .align 2
  38              	CAN_INT_gpio_in:
  39 0000 00810248 	 .word 1208123648
  40 0004 05       	 .byte 5
  41 0005 000000   	 .space 3
  42              	 .section .rodata.CAN_INT_gpio_in_config,"a"
  43              	 .align 2
  46              	CAN_INT_gpio_in_config:
  47 0000 00000000 	 .space 12
  47      00000000 
  47      00000000 
  48              	 .section .rodata.CAN_INT_BitTimeConfig,"a"
  49              	 .align 2
  52              	CAN_INT_BitTimeConfig:
  53 0000 000E2707 	 .word 120000000
  54 0004 48E80100 	 .word 125000
  55 0008 401F     	 .short 8000
  56 000a 0100     	 .short 1
  57              	 .section .rodata.CAN_INT_sr,"a"
  58              	 .align 2
  61              	CAN_INT_sr:
  62 0000 00000000 	 .space 4
  63              	 .section .data.CAN_INT_LMO_01,"aw"
  64              	 .align 3
  67              	CAN_INT_LMO_01:
  68 0000 A0520148 	 .word 1208046240
  69 0004 FF       	 .byte 255
  70 0005 07       	 .byte 7
  71 0006 00       	 .byte 0
  72 0007 80       	 .byte 128
  73 0008 FF       	 .byte 255
  74 0009 07       	 .byte 7
  75 000a 00       	 .byte 0
  76 000b 20       	 .byte 32
  77 000c 08       	 .byte 8
  78 000d 000000   	 .space 3
  79 0010 00000000 	 .word 0
  80 0014 00000000 	 .word 0
  81 0018 01       	 .byte 1
  82 0019 00000000 	 .space 7
  82      000000
  83              	 .global CAN_INT_LMO_01_Config
  84              	 .section .rodata.CAN_INT_LMO_01_Config,"a"
  85              	 .align 2
  88              	CAN_INT_LMO_01_Config:
  89 0000 00000000 	 .word CAN_INT_LMO_01
  90 0004 15       	 .byte 21
  91 0005 00       	 .byte 0
  92 0006 00       	 .byte 0
  93 0007 00       	 .byte 0
  94 0008 00       	 .byte 0
  95 0009 000000   	 .space 3
  96              	 .section .data.CAN_INT_LMO_02,"aw"
  97              	 .align 3
 100              	CAN_INT_LMO_02:
 101 0000 00530148 	 .word 1208046336
 102 0004 FF       	 .byte 255
 103 0005 07       	 .byte 7
 104 0006 00       	 .byte 0
 105 0007 80       	 .byte 128
 106 0008 FF       	 .byte 255
 107 0009 07       	 .byte 7
 108 000a 00       	 .byte 0
 109 000b 20       	 .byte 32
 110 000c 08       	 .byte 8
 111 000d 000000   	 .space 3
 112 0010 00000000 	 .word 0
 113 0014 00000000 	 .word 0
 114 0018 01       	 .byte 1
 115 0019 00000000 	 .space 7
 115      000000
 116              	 .global CAN_INT_LMO_02_Config
 117              	 .section .rodata.CAN_INT_LMO_02_Config,"a"
 118              	 .align 2
 121              	CAN_INT_LMO_02_Config:
 122 0000 00000000 	 .word CAN_INT_LMO_02
 123 0004 18       	 .byte 24
 124 0005 00       	 .byte 0
 125 0006 00       	 .byte 0
 126 0007 00       	 .byte 0
 127 0008 00       	 .byte 0
 128 0009 000000   	 .space 3
 129              	 .section .data.CAN_INT_LMO_03,"aw"
 130              	 .align 3
 133              	CAN_INT_LMO_03:
 134 0000 E0520148 	 .word 1208046304
 135 0004 FF       	 .byte 255
 136 0005 07       	 .byte 7
 137 0006 00       	 .byte 0
 138 0007 80       	 .byte 128
 139 0008 FF       	 .byte 255
 140 0009 07       	 .byte 7
 141 000a 00       	 .byte 0
 142 000b 20       	 .byte 32
 143 000c 08       	 .byte 8
 144 000d 000000   	 .space 3
 145 0010 00000000 	 .word 0
 146 0014 00000000 	 .word 0
 147 0018 01       	 .byte 1
 148 0019 00000000 	 .space 7
 148      000000
 149              	 .global CAN_INT_LMO_03_Config
 150              	 .section .rodata.CAN_INT_LMO_03_Config,"a"
 151              	 .align 2
 154              	CAN_INT_LMO_03_Config:
 155 0000 00000000 	 .word CAN_INT_LMO_03
 156 0004 17       	 .byte 23
 157 0005 00       	 .byte 0
 158 0006 00       	 .byte 0
 159 0007 00       	 .byte 0
 160 0008 00       	 .byte 0
 161 0009 000000   	 .space 3
 162              	 .section .data.CAN_INT_LMO_04,"aw"
 163              	 .align 3
 166              	CAN_INT_LMO_04:
 167 0000 80520148 	 .word 1208046208
 168 0004 FF       	 .byte 255
 169 0005 07       	 .byte 7
 170 0006 00       	 .byte 0
 171 0007 80       	 .byte 128
 172 0008 FF       	 .byte 255
 173 0009 07       	 .byte 7
 174 000a 00       	 .byte 0
 175 000b 20       	 .byte 32
 176 000c 08       	 .byte 8
 177 000d 000000   	 .space 3
 178 0010 00000000 	 .word 0
 179 0014 00000000 	 .word 0
 180 0018 01       	 .byte 1
 181 0019 00000000 	 .space 7
 181      000000
 182              	 .global CAN_INT_LMO_04_Config
 183              	 .section .rodata.CAN_INT_LMO_04_Config,"a"
 184              	 .align 2
 187              	CAN_INT_LMO_04_Config:
 188 0000 00000000 	 .word CAN_INT_LMO_04
 189 0004 14       	 .byte 20
 190 0005 00       	 .byte 0
 191 0006 00       	 .byte 0
 192 0007 00       	 .byte 0
 193 0008 00       	 .byte 0
 194 0009 000000   	 .space 3
 195              	 .section .data.CAN_INT_LMO_05,"aw"
 196              	 .align 3
 199              	CAN_INT_LMO_05:
 200 0000 A0530148 	 .word 1208046496
 201 0004 FF       	 .byte 255
 202 0005 07       	 .byte 7
 203 0006 00       	 .byte 0
 204 0007 80       	 .byte 128
 205 0008 FF       	 .byte 255
 206 0009 07       	 .byte 7
 207 000a 00       	 .byte 0
 208 000b 20       	 .byte 32
 209 000c 08       	 .byte 8
 210 000d 000000   	 .space 3
 211 0010 00000000 	 .word 0
 212 0014 00000000 	 .word 0
 213 0018 01       	 .byte 1
 214 0019 00000000 	 .space 7
 214      000000
 215              	 .global CAN_INT_LMO_05_Config
 216              	 .section .rodata.CAN_INT_LMO_05_Config,"a"
 217              	 .align 2
 220              	CAN_INT_LMO_05_Config:
 221 0000 00000000 	 .word CAN_INT_LMO_05
 222 0004 1D       	 .byte 29
 223 0005 00       	 .byte 0
 224 0006 00       	 .byte 0
 225 0007 00       	 .byte 0
 226 0008 00       	 .byte 0
 227 0009 000000   	 .space 3
 228              	 .section .data.CAN_INT_LMO_06,"aw"
 229              	 .align 3
 232              	CAN_INT_LMO_06:
 233 0000 A0570148 	 .word 1208047520
 234 0004 FF       	 .byte 255
 235 0005 07       	 .byte 7
 236 0006 00       	 .byte 0
 237 0007 80       	 .byte 128
 238 0008 FF       	 .byte 255
 239 0009 07       	 .byte 7
 240 000a 00       	 .byte 0
 241 000b 20       	 .byte 32
 242 000c 08       	 .byte 8
 243 000d 000000   	 .space 3
 244 0010 00000000 	 .word 0
 245 0014 00000000 	 .word 0
 246 0018 01       	 .byte 1
 247 0019 00000000 	 .space 7
 247      000000
 248              	 .global CAN_INT_LMO_06_Config
 249              	 .section .rodata.CAN_INT_LMO_06_Config,"a"
 250              	 .align 2
 253              	CAN_INT_LMO_06_Config:
 254 0000 00000000 	 .word CAN_INT_LMO_06
 255 0004 3D       	 .byte 61
 256 0005 00       	 .byte 0
 257 0006 00       	 .byte 0
 258 0007 00       	 .byte 0
 259 0008 00       	 .byte 0
 260 0009 000000   	 .space 3
 261              	 .section .data.CAN_INT_LMO_07,"aw"
 262              	 .align 3
 265              	CAN_INT_LMO_07:
 266 0000 40530148 	 .word 1208046400
 267 0004 FF       	 .byte 255
 268 0005 07       	 .byte 7
 269 0006 00       	 .byte 0
 270 0007 80       	 .byte 128
 271 0008 FF       	 .byte 255
 272 0009 07       	 .byte 7
 273 000a 00       	 .byte 0
 274 000b 20       	 .byte 32
 275 000c 08       	 .byte 8
 276 000d 000000   	 .space 3
 277 0010 00000000 	 .word 0
 278 0014 00000000 	 .word 0
 279 0018 01       	 .byte 1
 280 0019 00000000 	 .space 7
 280      000000
 281              	 .global CAN_INT_LMO_07_Config
 282              	 .section .rodata.CAN_INT_LMO_07_Config,"a"
 283              	 .align 2
 286              	CAN_INT_LMO_07_Config:
 287 0000 00000000 	 .word CAN_INT_LMO_07
 288 0004 1A       	 .byte 26
 289 0005 00       	 .byte 0
 290 0006 00       	 .byte 0
 291 0007 00       	 .byte 0
 292 0008 00       	 .byte 0
 293 0009 000000   	 .space 3
 294              	 .section .data.CAN_INT_LMO_08,"aw"
 295              	 .align 3
 298              	CAN_INT_LMO_08:
 299 0000 E0540148 	 .word 1208046816
 300 0004 06       	 .byte 6
 301 0005 00       	 .byte 0
 302 0006 00       	 .byte 0
 303 0007 80       	 .byte 128
 304 0008 06       	 .byte 6
 305 0009 00       	 .byte 0
 306 000a 00       	 .byte 0
 307 000b 20       	 .byte 32
 308 000c 08       	 .byte 8
 309 000d 000000   	 .space 3
 310 0010 00000000 	 .word 0
 311 0014 00000000 	 .word 0
 312 0018 00       	 .byte 0
 313 0019 00000000 	 .space 7
 313      000000
 314              	 .global CAN_INT_LMO_08_Config
 315              	 .section .rodata.CAN_INT_LMO_08_Config,"a"
 316              	 .align 2
 319              	CAN_INT_LMO_08_Config:
 320 0000 00000000 	 .word CAN_INT_LMO_08
 321 0004 27       	 .byte 39
 322 0005 00       	 .byte 0
 323 0006 01       	 .byte 1
 324 0007 00       	 .byte 0
 325 0008 01       	 .byte 1
 326 0009 000000   	 .space 3
 327              	 .global CAN_INT
 328              	 .section .rodata.CAN_INT,"a"
 329              	 .align 2
 332              	CAN_INT:
 333 0000 00000000 	 .word GLOBAL_CAN_0
 334 0004 00420148 	 .word 1208041984
 335 0008 00000000 	 .word CAN_INT_BitTimeConfig
 336 000c 00000000 	 .word CAN_INT_LMO_01_Config
 337 0010 00000000 	 .word CAN_INT_LMO_02_Config
 338 0014 00000000 	 .word CAN_INT_LMO_03_Config
 339 0018 00000000 	 .word CAN_INT_LMO_04_Config
 340 001c 00000000 	 .word CAN_INT_LMO_05_Config
 341 0020 00000000 	 .word CAN_INT_LMO_06_Config
 342 0024 00000000 	 .word CAN_INT_LMO_07_Config
 343 0028 00000000 	 .word CAN_INT_LMO_08_Config
 344 002c 00000000 	 .word 0
 345 0030 00000000 	 .word 0
 346 0034 00000000 	 .word 0
 347 0038 00000000 	 .word 0
 348 003c 00000000 	 .word 0
 349 0040 00000000 	 .word 0
 350 0044 00000000 	 .word 0
 351 0048 00000000 	 .word 0
 352 004c 00000000 	 .word 0
 353 0050 00000000 	 .word 0
 354 0054 00000000 	 .word 0
 355 0058 00000000 	 .word 0
 356 005c 00000000 	 .word 0
 357 0060 00000000 	 .word 0
 358 0064 00000000 	 .word 0
 359 0068 00000000 	 .word 0
 360 006c 00000000 	 .word 0
 361 0070 00000000 	 .word 0
 362 0074 00000000 	 .word 0
 363 0078 00000000 	 .word 0
 364 007c 00000000 	 .word 0
 365 0080 00000000 	 .word 0
 366 0084 00000000 	 .word 0
 367 0088 00000000 	 .word 0
 368 008c 00000000 	 .word CAN_INT_sr
 369 0090 00000000 	 .word CAN_INT_gpio_out
 370 0094 00000000 	 .word CAN_INT_gpio_out_config
 371 0098 00000000 	 .word CAN_INT_gpio_in
 372 009c 00000000 	 .word CAN_INT_gpio_in_config
 373 00a0 00       	 .byte 0
 374 00a1 00       	 .byte 0
 375 00a2 08       	 .byte 8
 376 00a3 00       	 .byte 0
 377 00a4 00       	 .byte 0
 378 00a5 00       	 .byte 0
 379 00a6 00       	 .byte 0
 380 00a7 00       	 .byte 0
 381              	 .section .rodata.CAN_EXT_gpio_out,"a"
 382              	 .align 2
 385              	CAN_EXT_gpio_out:
 386 0000 00810248 	 .word 1208123648
 387 0004 09       	 .byte 9
 388 0005 000000   	 .space 3
 389              	 .section .rodata.CAN_EXT_gpio_out_config,"a"
 390              	 .align 2
 393              	CAN_EXT_gpio_out_config:
 394 0000 90       	 .byte -112
 395 0001 000000   	 .space 3
 396 0004 01000000 	 .word 1
 397 0008 02       	 .byte 2
 398 0009 000000   	 .space 3
 399              	 .section .rodata.CAN_EXT_gpio_in,"a"
 400              	 .align 2
 403              	CAN_EXT_gpio_in:
 404 0000 00810248 	 .word 1208123648
 405 0004 08       	 .byte 8
 406 0005 000000   	 .space 3
 407              	 .section .rodata.CAN_EXT_gpio_in_config,"a"
 408              	 .align 2
 411              	CAN_EXT_gpio_in_config:
 412 0000 00000000 	 .space 12
 412      00000000 
 412      00000000 
 413              	 .section .rodata.CAN_EXT_BitTimeConfig,"a"
 414              	 .align 2
 417              	CAN_EXT_BitTimeConfig:
 418 0000 000E2707 	 .word 120000000
 419 0004 90D00300 	 .word 250000
 420 0008 401F     	 .short 8000
 421 000a 0100     	 .short 1
 422              	 .section .rodata.CAN_EXT_sr,"a"
 423              	 .align 2
 426              	CAN_EXT_sr:
 427 0000 00000000 	 .space 4
 428              	 .section .data.CAN_EXT_LMO_01,"aw"
 429              	 .align 3
 432              	CAN_EXT_LMO_01:
 433 0000 C0530148 	 .word 1208046528
 434 0004 27       	 .byte 39
 435 0005 C0       	 .byte 192
 436 0006 B6       	 .byte 182
 437 0007 B8       	 .byte 184
 438 0008 00       	 .byte 0
 439 0009 C0       	 .byte 192
 440 000a B6       	 .byte 182
 441 000b 20       	 .byte 32
 442 000c 08       	 .byte 8
 443 000d 000000   	 .space 3
 444 0010 00000000 	 .word 0
 445 0014 00000000 	 .word 0
 446 0018 00       	 .byte 0
 447 0019 00000000 	 .space 7
 447      000000
 448              	 .global CAN_EXT_LMO_01_Config
 449              	 .section .rodata.CAN_EXT_LMO_01_Config,"a"
 450              	 .align 2
 453              	CAN_EXT_LMO_01_Config:
 454 0000 00000000 	 .word CAN_EXT_LMO_01
 455 0004 1E       	 .byte 30
 456 0005 00       	 .byte 0
 457 0006 03       	 .byte 3
 458 0007 00       	 .byte 0
 459 0008 01       	 .byte 1
 460 0009 000000   	 .space 3
 461              	 .section .data.CAN_EXT_LMO_02,"aw"
 462              	 .align 3
 465              	CAN_EXT_LMO_02:
 466 0000 E0530148 	 .word 1208046560
 467 0004 27       	 .byte 39
 468 0005 C0       	 .byte 192
 469 0006 B7       	 .byte 183
 470 0007 B8       	 .byte 184
 471 0008 00       	 .byte 0
 472 0009 C0       	 .byte 192
 473 000a B7       	 .byte 183
 474 000b 20       	 .byte 32
 475 000c 08       	 .byte 8
 476 000d 000000   	 .space 3
 477 0010 00000000 	 .word 0
 478 0014 00000000 	 .word 0
 479 0018 00       	 .byte 0
 480 0019 00000000 	 .space 7
 480      000000
 481              	 .global CAN_EXT_LMO_02_Config
 482              	 .section .rodata.CAN_EXT_LMO_02_Config,"a"
 483              	 .align 2
 486              	CAN_EXT_LMO_02_Config:
 487 0000 00000000 	 .word CAN_EXT_LMO_02
 488 0004 1F       	 .byte 31
 489 0005 00       	 .byte 0
 490 0006 05       	 .byte 5
 491 0007 00       	 .byte 0
 492 0008 01       	 .byte 1
 493 0009 000000   	 .space 3
 494              	 .section .data.CAN_EXT_LMO_03,"aw"
 495              	 .align 3
 498              	CAN_EXT_LMO_03:
 499 0000 00540148 	 .word 1208046592
 500 0004 27       	 .byte 39
 501 0005 C0       	 .byte 192
 502 0006 EF       	 .byte 239
 503 0007 B8       	 .byte 184
 504 0008 00       	 .byte 0
 505 0009 C0       	 .byte 192
 506 000a EF       	 .byte 239
 507 000b 20       	 .byte 32
 508 000c 08       	 .byte 8
 509 000d 000000   	 .space 3
 510 0010 00000000 	 .word 0
 511 0014 00000000 	 .word 0
 512 0018 00       	 .byte 0
 513 0019 00000000 	 .space 7
 513      000000
 514              	 .global CAN_EXT_LMO_03_Config
 515              	 .section .rodata.CAN_EXT_LMO_03_Config,"a"
 516              	 .align 2
 519              	CAN_EXT_LMO_03_Config:
 520 0000 00000000 	 .word CAN_EXT_LMO_03
 521 0004 20       	 .byte 32
 522 0005 00       	 .byte 0
 523 0006 06       	 .byte 6
 524 0007 00       	 .byte 0
 525 0008 01       	 .byte 1
 526 0009 000000   	 .space 3
 527              	 .section .data.CAN_EXT_LMO_04,"aw"
 528              	 .align 3
 531              	CAN_EXT_LMO_04:
 532 0000 20540148 	 .word 1208046624
 533 0004 00       	 .byte 0
 534 0005 F1       	 .byte 241
 535 0006 FE       	 .byte 254
 536 0007 B8       	 .byte 184
 537 0008 00       	 .byte 0
 538 0009 F1       	 .byte 241
 539 000a FE       	 .byte 254
 540 000b 20       	 .byte 32
 541 000c 08       	 .byte 8
 542 000d 000000   	 .space 3
 543 0010 00000000 	 .word 0
 544 0014 00000000 	 .word 0
 545 0018 00       	 .byte 0
 546 0019 00000000 	 .space 7
 546      000000
 547              	 .global CAN_EXT_LMO_04_Config
 548              	 .section .rodata.CAN_EXT_LMO_04_Config,"a"
 549              	 .align 2
 552              	CAN_EXT_LMO_04_Config:
 553 0000 00000000 	 .word CAN_EXT_LMO_04
 554 0004 21       	 .byte 33
 555 0005 00       	 .byte 0
 556 0006 02       	 .byte 2
 557 0007 00       	 .byte 0
 558 0008 01       	 .byte 1
 559 0009 000000   	 .space 3
 560              	 .section .data.CAN_EXT_LMO_05,"aw"
 561              	 .align 3
 564              	CAN_EXT_LMO_05:
 565 0000 40540148 	 .word 1208046656
 566 0004 00       	 .byte 0
 567 0005 E6       	 .byte 230
 568 0006 FE       	 .byte 254
 569 0007 B8       	 .byte 184
 570 0008 00       	 .byte 0
 571 0009 E6       	 .byte 230
 572 000a FE       	 .byte 254
 573 000b 20       	 .byte 32
 574 000c 08       	 .byte 8
 575 000d 000000   	 .space 3
 576 0010 00000000 	 .word 0
 577 0014 00000000 	 .word 0
 578 0018 00       	 .byte 0
 579 0019 00000000 	 .space 7
 579      000000
 580              	 .global CAN_EXT_LMO_05_Config
 581              	 .section .rodata.CAN_EXT_LMO_05_Config,"a"
 582              	 .align 2
 585              	CAN_EXT_LMO_05_Config:
 586 0000 00000000 	 .word CAN_EXT_LMO_05
 587 0004 22       	 .byte 34
 588 0005 00       	 .byte 0
 589 0006 04       	 .byte 4
 590 0007 00       	 .byte 0
 591 0008 01       	 .byte 1
 592 0009 000000   	 .space 3
 593              	 .section .data.CAN_EXT_LMO_06,"aw"
 594              	 .align 3
 597              	CAN_EXT_LMO_06:
 598 0000 C0520148 	 .word 1208046272
 599 0004 FF       	 .byte 255
 600 0005 07       	 .byte 7
 601 0006 00       	 .byte 0
 602 0007 80       	 .byte 128
 603 0008 FF       	 .byte 255
 604 0009 07       	 .byte 7
 605 000a 00       	 .byte 0
 606 000b 20       	 .byte 32
 607 000c 08       	 .byte 8
 608 000d 000000   	 .space 3
 609 0010 00000000 	 .word 0
 610 0014 00000000 	 .word 0
 611 0018 01       	 .byte 1
 612 0019 00000000 	 .space 7
 612      000000
 613              	 .global CAN_EXT_LMO_06_Config
 614              	 .section .rodata.CAN_EXT_LMO_06_Config,"a"
 615              	 .align 2
 618              	CAN_EXT_LMO_06_Config:
 619 0000 00000000 	 .word CAN_EXT_LMO_06
 620 0004 16       	 .byte 22
 621 0005 00       	 .byte 0
 622 0006 00       	 .byte 0
 623 0007 00       	 .byte 0
 624 0008 00       	 .byte 0
 625 0009 000000   	 .space 3
 626              	 .section .data.CAN_EXT_LMO_07,"aw"
 627              	 .align 3
 630              	CAN_EXT_LMO_07:
 631 0000 C0500148 	 .word 1208045760
 632 0004 00       	 .byte 0
 633 0005 01       	 .byte 1
 634 0006 00       	 .byte 0
 635 0007 A0       	 .byte 160
 636 0008 00       	 .byte 0
 637 0009 01       	 .byte 1
 638 000a 00       	 .byte 0
 639 000b 20       	 .byte 32
 640 000c 08       	 .byte 8
 641 000d 000000   	 .space 3
 642 0010 00000000 	 .word 0
 643 0014 00000000 	 .word 0
 644 0018 01       	 .byte 1
 645 0019 00000000 	 .space 7
 645      000000
 646              	 .global CAN_EXT_LMO_07_Config
 647              	 .section .rodata.CAN_EXT_LMO_07_Config,"a"
 648              	 .align 2
 651              	CAN_EXT_LMO_07_Config:
 652 0000 00000000 	 .word CAN_EXT_LMO_07
 653 0004 06       	 .byte 6
 654 0005 00       	 .byte 0
 655 0006 00       	 .byte 0
 656 0007 00       	 .byte 0
 657 0008 00       	 .byte 0
 658 0009 000000   	 .space 3
 659              	 .section .data.CAN_EXT_LMO_08,"aw"
 660              	 .align 3
 663              	CAN_EXT_LMO_08:
 664 0000 60540148 	 .word 1208046688
 665 0004 06       	 .byte 6
 666 0005 00       	 .byte 0
 667 0006 00       	 .byte 0
 668 0007 80       	 .byte 128
 669 0008 06       	 .byte 6
 670 0009 00       	 .byte 0
 671 000a 00       	 .byte 0
 672 000b 20       	 .byte 32
 673 000c 08       	 .byte 8
 674 000d 000000   	 .space 3
 675 0010 00000000 	 .word 0
 676 0014 00000000 	 .word 0
 677 0018 00       	 .byte 0
 678 0019 00000000 	 .space 7
 678      000000
 679              	 .global CAN_EXT_LMO_08_Config
 680              	 .section .rodata.CAN_EXT_LMO_08_Config,"a"
 681              	 .align 2
 684              	CAN_EXT_LMO_08_Config:
 685 0000 00000000 	 .word CAN_EXT_LMO_08
 686 0004 23       	 .byte 35
 687 0005 00       	 .byte 0
 688 0006 01       	 .byte 1
 689 0007 00       	 .byte 0
 690 0008 01       	 .byte 1
 691 0009 000000   	 .space 3
 692              	 .section .data.CAN_EXT_LMO_09,"aw"
 693              	 .align 3
 696              	CAN_EXT_LMO_09:
 697 0000 A0500148 	 .word 1208045728
 698 0004 FF       	 .byte 255
 699 0005 07       	 .byte 7
 700 0006 00       	 .byte 0
 701 0007 80       	 .byte 128
 702 0008 FF       	 .byte 255
 703 0009 07       	 .byte 7
 704 000a 00       	 .byte 0
 705 000b 20       	 .byte 32
 706 000c 08       	 .byte 8
 707 000d 000000   	 .space 3
 708 0010 00000000 	 .word 0
 709 0014 00000000 	 .word 0
 710 0018 01       	 .byte 1
 711 0019 00000000 	 .space 7
 711      000000
 712              	 .global CAN_EXT_LMO_09_Config
 713              	 .section .rodata.CAN_EXT_LMO_09_Config,"a"
 714              	 .align 2
 717              	CAN_EXT_LMO_09_Config:
 718 0000 00000000 	 .word CAN_EXT_LMO_09
 719 0004 05       	 .byte 5
 720 0005 00       	 .byte 0
 721 0006 00       	 .byte 0
 722 0007 00       	 .byte 0
 723 0008 00       	 .byte 0
 724 0009 000000   	 .space 3
 725              	 .section .data.CAN_EXT_LMO_10,"aw"
 726              	 .align 3
 729              	CAN_EXT_LMO_10:
 730 0000 00510148 	 .word 1208045824
 731 0004 FF       	 .byte 255
 732 0005 07       	 .byte 7
 733 0006 00       	 .byte 0
 734 0007 80       	 .byte 128
 735 0008 FF       	 .byte 255
 736 0009 07       	 .byte 7
 737 000a 00       	 .byte 0
 738 000b 20       	 .byte 32
 739 000c 08       	 .byte 8
 740 000d 000000   	 .space 3
 741 0010 00000000 	 .word 0
 742 0014 00000000 	 .word 0
 743 0018 01       	 .byte 1
 744 0019 00000000 	 .space 7
 744      000000
 745              	 .global CAN_EXT_LMO_10_Config
 746              	 .section .rodata.CAN_EXT_LMO_10_Config,"a"
 747              	 .align 2
 750              	CAN_EXT_LMO_10_Config:
 751 0000 00000000 	 .word CAN_EXT_LMO_10
 752 0004 08       	 .byte 8
 753 0005 00       	 .byte 0
 754 0006 00       	 .byte 0
 755 0007 00       	 .byte 0
 756 0008 00       	 .byte 0
 757 0009 000000   	 .space 3
 758              	 .section .data.CAN_EXT_LMO_11,"aw"
 759              	 .align 3
 762              	CAN_EXT_LMO_11:
 763 0000 E0500148 	 .word 1208045792
 764 0004 FF       	 .byte 255
 765 0005 07       	 .byte 7
 766 0006 00       	 .byte 0
 767 0007 80       	 .byte 128
 768 0008 FF       	 .byte 255
 769 0009 07       	 .byte 7
 770 000a 00       	 .byte 0
 771 000b 20       	 .byte 32
 772 000c 08       	 .byte 8
 773 000d 000000   	 .space 3
 774 0010 00000000 	 .word 0
 775 0014 00000000 	 .word 0
 776 0018 01       	 .byte 1
 777 0019 00000000 	 .space 7
 777      000000
 778              	 .global CAN_EXT_LMO_11_Config
 779              	 .section .rodata.CAN_EXT_LMO_11_Config,"a"
 780              	 .align 2
 783              	CAN_EXT_LMO_11_Config:
 784 0000 00000000 	 .word CAN_EXT_LMO_11
 785 0004 07       	 .byte 7
 786 0005 00       	 .byte 0
 787 0006 00       	 .byte 0
 788 0007 00       	 .byte 0
 789 0008 00       	 .byte 0
 790 0009 000000   	 .space 3
 791              	 .section .data.CAN_EXT_LMO_12,"aw"
 792              	 .align 3
 795              	CAN_EXT_LMO_12:
 796 0000 80570148 	 .word 1208047488
 797 0004 FF       	 .byte 255
 798 0005 07       	 .byte 7
 799 0006 00       	 .byte 0
 800 0007 80       	 .byte 128
 801 0008 FF       	 .byte 255
 802 0009 07       	 .byte 7
 803 000a 00       	 .byte 0
 804 000b 20       	 .byte 32
 805 000c 08       	 .byte 8
 806 000d 000000   	 .space 3
 807 0010 00000000 	 .word 0
 808 0014 00000000 	 .word 0
 809 0018 01       	 .byte 1
 810 0019 00000000 	 .space 7
 810      000000
 811              	 .global CAN_EXT_LMO_12_Config
 812              	 .section .rodata.CAN_EXT_LMO_12_Config,"a"
 813              	 .align 2
 816              	CAN_EXT_LMO_12_Config:
 817 0000 00000000 	 .word CAN_EXT_LMO_12
 818 0004 3C       	 .byte 60
 819 0005 00       	 .byte 0
 820 0006 00       	 .byte 0
 821 0007 00       	 .byte 0
 822 0008 00       	 .byte 0
 823 0009 000000   	 .space 3
 824              	 .section .data.CAN_EXT_LMO_13,"aw"
 825              	 .align 3
 828              	CAN_EXT_LMO_13:
 829 0000 20510148 	 .word 1208045856
 830 0004 FF       	 .byte 255
 831 0005 07       	 .byte 7
 832 0006 00       	 .byte 0
 833 0007 80       	 .byte 128
 834 0008 FF       	 .byte 255
 835 0009 07       	 .byte 7
 836 000a 00       	 .byte 0
 837 000b 20       	 .byte 32
 838 000c 08       	 .byte 8
 839 000d 000000   	 .space 3
 840 0010 00000000 	 .word 0
 841 0014 00000000 	 .word 0
 842 0018 01       	 .byte 1
 843 0019 00000000 	 .space 7
 843      000000
 844              	 .global CAN_EXT_LMO_13_Config
 845              	 .section .rodata.CAN_EXT_LMO_13_Config,"a"
 846              	 .align 2
 849              	CAN_EXT_LMO_13_Config:
 850 0000 00000000 	 .word CAN_EXT_LMO_13
 851 0004 09       	 .byte 9
 852 0005 00       	 .byte 0
 853 0006 00       	 .byte 0
 854 0007 00       	 .byte 0
 855 0008 00       	 .byte 0
 856 0009 000000   	 .space 3
 857              	 .section .data.CAN_EXT_LMO_14,"aw"
 858              	 .align 3
 861              	CAN_EXT_LMO_14:
 862 0000 80540148 	 .word 1208046720
 863 0004 FF       	 .byte 255
 864 0005 07       	 .byte 7
 865 0006 00       	 .byte 0
 866 0007 80       	 .byte 128
 867 0008 FF       	 .byte 255
 868 0009 07       	 .byte 7
 869 000a 00       	 .byte 0
 870 000b 20       	 .byte 32
 871 000c 08       	 .byte 8
 872 000d 000000   	 .space 3
 873 0010 00000000 	 .word 0
 874 0014 00000000 	 .word 0
 875 0018 01       	 .byte 1
 876 0019 00000000 	 .space 7
 876      000000
 877              	 .global CAN_EXT_LMO_14_Config
 878              	 .section .rodata.CAN_EXT_LMO_14_Config,"a"
 879              	 .align 2
 882              	CAN_EXT_LMO_14_Config:
 883 0000 00000000 	 .word CAN_EXT_LMO_14
 884 0004 24       	 .byte 36
 885 0005 00       	 .byte 0
 886 0006 00       	 .byte 0
 887 0007 00       	 .byte 0
 888 0008 00       	 .byte 0
 889 0009 000000   	 .space 3
 890              	 .section .data.CAN_EXT_LMO_15,"aw"
 891              	 .align 3
 894              	CAN_EXT_LMO_15:
 895 0000 A0540148 	 .word 1208046752
 896 0004 FF       	 .byte 255
 897 0005 07       	 .byte 7
 898 0006 00       	 .byte 0
 899 0007 80       	 .byte 128
 900 0008 FF       	 .byte 255
 901 0009 07       	 .byte 7
 902 000a 00       	 .byte 0
 903 000b 20       	 .byte 32
 904 000c 08       	 .byte 8
 905 000d 000000   	 .space 3
 906 0010 00000000 	 .word 0
 907 0014 00000000 	 .word 0
 908 0018 01       	 .byte 1
 909 0019 00000000 	 .space 7
 909      000000
 910              	 .global CAN_EXT_LMO_15_Config
 911              	 .section .rodata.CAN_EXT_LMO_15_Config,"a"
 912              	 .align 2
 915              	CAN_EXT_LMO_15_Config:
 916 0000 00000000 	 .word CAN_EXT_LMO_15
 917 0004 25       	 .byte 37
 918 0005 00       	 .byte 0
 919 0006 00       	 .byte 0
 920 0007 00       	 .byte 0
 921 0008 00       	 .byte 0
 922 0009 000000   	 .space 3
 923              	 .section .data.CAN_EXT_LMO_16,"aw"
 924              	 .align 3
 927              	CAN_EXT_LMO_16:
 928 0000 C0540148 	 .word 1208046784
 929 0004 FF       	 .byte 255
 930 0005 07       	 .byte 7
 931 0006 00       	 .byte 0
 932 0007 80       	 .byte 128
 933 0008 FF       	 .byte 255
 934 0009 07       	 .byte 7
 935 000a 00       	 .byte 0
 936 000b 20       	 .byte 32
 937 000c 08       	 .byte 8
 938 000d 000000   	 .space 3
 939 0010 00000000 	 .word 0
 940 0014 00000000 	 .word 0
 941 0018 01       	 .byte 1
 942 0019 00000000 	 .space 7
 942      000000
 943              	 .global CAN_EXT_LMO_16_Config
 944              	 .section .rodata.CAN_EXT_LMO_16_Config,"a"
 945              	 .align 2
 948              	CAN_EXT_LMO_16_Config:
 949 0000 00000000 	 .word CAN_EXT_LMO_16
 950 0004 26       	 .byte 38
 951 0005 00       	 .byte 0
 952 0006 00       	 .byte 0
 953 0007 00       	 .byte 0
 954 0008 00       	 .byte 0
 955 0009 000000   	 .space 3
 956              	 .global CAN_EXT
 957              	 .section .rodata.CAN_EXT,"a"
 958              	 .align 2
 961              	CAN_EXT:
 962 0000 00000000 	 .word GLOBAL_CAN_0
 963 0004 00440148 	 .word 1208042496
 964 0008 00000000 	 .word CAN_EXT_BitTimeConfig
 965 000c 00000000 	 .word CAN_EXT_LMO_01_Config
 966 0010 00000000 	 .word CAN_EXT_LMO_02_Config
 967 0014 00000000 	 .word CAN_EXT_LMO_03_Config
 968 0018 00000000 	 .word CAN_EXT_LMO_04_Config
 969 001c 00000000 	 .word CAN_EXT_LMO_05_Config
 970 0020 00000000 	 .word CAN_EXT_LMO_06_Config
 971 0024 00000000 	 .word CAN_EXT_LMO_07_Config
 972 0028 00000000 	 .word CAN_EXT_LMO_08_Config
 973 002c 00000000 	 .word CAN_EXT_LMO_09_Config
 974 0030 00000000 	 .word CAN_EXT_LMO_10_Config
 975 0034 00000000 	 .word CAN_EXT_LMO_11_Config
 976 0038 00000000 	 .word CAN_EXT_LMO_12_Config
 977 003c 00000000 	 .word CAN_EXT_LMO_13_Config
 978 0040 00000000 	 .word CAN_EXT_LMO_14_Config
 979 0044 00000000 	 .word CAN_EXT_LMO_15_Config
 980 0048 00000000 	 .word CAN_EXT_LMO_16_Config
 981 004c 00000000 	 .word 0
 982 0050 00000000 	 .word 0
 983 0054 00000000 	 .word 0
 984 0058 00000000 	 .word 0
 985 005c 00000000 	 .word 0
 986 0060 00000000 	 .word 0
 987 0064 00000000 	 .word 0
 988 0068 00000000 	 .word 0
 989 006c 00000000 	 .word 0
 990 0070 00000000 	 .word 0
 991 0074 00000000 	 .word 0
 992 0078 00000000 	 .word 0
 993 007c 00000000 	 .word 0
 994 0080 00000000 	 .word 0
 995 0084 00000000 	 .word 0
 996 0088 00000000 	 .word 0
 997 008c 00000000 	 .word CAN_EXT_sr
 998 0090 00000000 	 .word CAN_EXT_gpio_out
 999 0094 00000000 	 .word CAN_EXT_gpio_out_config
 1000 0098 00000000 	 .word CAN_EXT_gpio_in
 1001 009c 00000000 	 .word CAN_EXT_gpio_in_config
 1002 00a0 00       	 .byte 0
 1003 00a1 02       	 .byte 2
 1004 00a2 10       	 .byte 16
 1005 00a3 00       	 .byte 0
 1006 00a4 00       	 .byte 0
 1007 00a5 01       	 .byte 1
 1008 00a6 01       	 .byte 1
 1009 00a7 00       	 .byte 0
 1010              	 .text
 1011              	.Letext0:
 1012              	 .file 1 "c:\\program files (x86)\\gnu arm embedded toolchain\\10 2020-q4-major\\arm-none-eabi\\include\\machine\\_default_types.h"
 1013              	 .file 2 "c:\\program files (x86)\\gnu arm embedded toolchain\\10 2020-q4-major\\arm-none-eabi\\include\\sys\\_stdint.h"
 1014              	 .file 3 "C:/Workspaces/DAVE-4.4.2-64Bit/_PKDS_TSTS06_811_X47_V1_0/Libraries/CMSIS/Infineon/XMC4700_series/Include/XMC4700.h"
 1015              	 .file 4 "C:/Workspaces/DAVE-4.4.2-64Bit/_PKDS_TSTS06_811_X47_V1_0/Libraries/XMCLib/inc/xmc_can.h"
 1016              	 .file 5 "C:/Workspaces/DAVE-4.4.2-64Bit/_PKDS_TSTS06_811_X47_V1_0/Libraries/XMCLib/inc/xmc_gpio.h"
 1017              	 .file 6 "C:/Workspaces/DAVE-4.4.2-64Bit/_PKDS_TSTS06_811_X47_V1_0/Libraries/XMCLib/inc/xmc4_gpio.h"
 1018              	 .file 7 "C:/Workspaces/DAVE-4.4.2-64Bit/_PKDS_TSTS06_811_X47_V1_0/Dave/Generated/GLOBAL_CAN/global_can.h"
 1019              	 .file 8 "../Dave/Generated/CAN_NODE/can_node.h"
 1020              	 .file 9 "C:/Workspaces/DAVE-4.4.2-64Bit/_PKDS_TSTS06_811_X47_V1_0/Dave/Generated/GLOBAL_CAN/global_can_extern.h"
 1021              	 .file 10 "../Dave/Generated/CAN_NODE/can_node_extern.h"
 1022              	 .file 11 "../Dave/Generated/CAN_NODE/can_node_conf.c"
DEFINED SYMBOLS
                            *ABS*:00000000 can_node_conf.c
    {standard input}:17     .rodata.CAN_INT_gpio_out:00000000 $d
    {standard input}:20     .rodata.CAN_INT_gpio_out:00000000 CAN_INT_gpio_out
    {standard input}:25     .rodata.CAN_INT_gpio_out_config:00000000 $d
    {standard input}:28     .rodata.CAN_INT_gpio_out_config:00000000 CAN_INT_gpio_out_config
    {standard input}:35     .rodata.CAN_INT_gpio_in:00000000 $d
    {standard input}:38     .rodata.CAN_INT_gpio_in:00000000 CAN_INT_gpio_in
    {standard input}:43     .rodata.CAN_INT_gpio_in_config:00000000 $d
    {standard input}:46     .rodata.CAN_INT_gpio_in_config:00000000 CAN_INT_gpio_in_config
    {standard input}:49     .rodata.CAN_INT_BitTimeConfig:00000000 $d
    {standard input}:52     .rodata.CAN_INT_BitTimeConfig:00000000 CAN_INT_BitTimeConfig
    {standard input}:58     .rodata.CAN_INT_sr:00000000 $d
    {standard input}:61     .rodata.CAN_INT_sr:00000000 CAN_INT_sr
    {standard input}:64     .data.CAN_INT_LMO_01:00000000 $d
    {standard input}:67     .data.CAN_INT_LMO_01:00000000 CAN_INT_LMO_01
    {standard input}:88     .rodata.CAN_INT_LMO_01_Config:00000000 CAN_INT_LMO_01_Config
    {standard input}:85     .rodata.CAN_INT_LMO_01_Config:00000000 $d
    {standard input}:97     .data.CAN_INT_LMO_02:00000000 $d
    {standard input}:100    .data.CAN_INT_LMO_02:00000000 CAN_INT_LMO_02
    {standard input}:121    .rodata.CAN_INT_LMO_02_Config:00000000 CAN_INT_LMO_02_Config
    {standard input}:118    .rodata.CAN_INT_LMO_02_Config:00000000 $d
    {standard input}:130    .data.CAN_INT_LMO_03:00000000 $d
    {standard input}:133    .data.CAN_INT_LMO_03:00000000 CAN_INT_LMO_03
    {standard input}:154    .rodata.CAN_INT_LMO_03_Config:00000000 CAN_INT_LMO_03_Config
    {standard input}:151    .rodata.CAN_INT_LMO_03_Config:00000000 $d
    {standard input}:163    .data.CAN_INT_LMO_04:00000000 $d
    {standard input}:166    .data.CAN_INT_LMO_04:00000000 CAN_INT_LMO_04
    {standard input}:187    .rodata.CAN_INT_LMO_04_Config:00000000 CAN_INT_LMO_04_Config
    {standard input}:184    .rodata.CAN_INT_LMO_04_Config:00000000 $d
    {standard input}:196    .data.CAN_INT_LMO_05:00000000 $d
    {standard input}:199    .data.CAN_INT_LMO_05:00000000 CAN_INT_LMO_05
    {standard input}:220    .rodata.CAN_INT_LMO_05_Config:00000000 CAN_INT_LMO_05_Config
    {standard input}:217    .rodata.CAN_INT_LMO_05_Config:00000000 $d
    {standard input}:229    .data.CAN_INT_LMO_06:00000000 $d
    {standard input}:232    .data.CAN_INT_LMO_06:00000000 CAN_INT_LMO_06
    {standard input}:253    .rodata.CAN_INT_LMO_06_Config:00000000 CAN_INT_LMO_06_Config
    {standard input}:250    .rodata.CAN_INT_LMO_06_Config:00000000 $d
    {standard input}:262    .data.CAN_INT_LMO_07:00000000 $d
    {standard input}:265    .data.CAN_INT_LMO_07:00000000 CAN_INT_LMO_07
    {standard input}:286    .rodata.CAN_INT_LMO_07_Config:00000000 CAN_INT_LMO_07_Config
    {standard input}:283    .rodata.CAN_INT_LMO_07_Config:00000000 $d
    {standard input}:295    .data.CAN_INT_LMO_08:00000000 $d
    {standard input}:298    .data.CAN_INT_LMO_08:00000000 CAN_INT_LMO_08
    {standard input}:319    .rodata.CAN_INT_LMO_08_Config:00000000 CAN_INT_LMO_08_Config
    {standard input}:316    .rodata.CAN_INT_LMO_08_Config:00000000 $d
    {standard input}:332    .rodata.CAN_INT:00000000 CAN_INT
    {standard input}:329    .rodata.CAN_INT:00000000 $d
    {standard input}:382    .rodata.CAN_EXT_gpio_out:00000000 $d
    {standard input}:385    .rodata.CAN_EXT_gpio_out:00000000 CAN_EXT_gpio_out
    {standard input}:390    .rodata.CAN_EXT_gpio_out_config:00000000 $d
    {standard input}:393    .rodata.CAN_EXT_gpio_out_config:00000000 CAN_EXT_gpio_out_config
    {standard input}:400    .rodata.CAN_EXT_gpio_in:00000000 $d
    {standard input}:403    .rodata.CAN_EXT_gpio_in:00000000 CAN_EXT_gpio_in
    {standard input}:408    .rodata.CAN_EXT_gpio_in_config:00000000 $d
    {standard input}:411    .rodata.CAN_EXT_gpio_in_config:00000000 CAN_EXT_gpio_in_config
    {standard input}:414    .rodata.CAN_EXT_BitTimeConfig:00000000 $d
    {standard input}:417    .rodata.CAN_EXT_BitTimeConfig:00000000 CAN_EXT_BitTimeConfig
    {standard input}:423    .rodata.CAN_EXT_sr:00000000 $d
    {standard input}:426    .rodata.CAN_EXT_sr:00000000 CAN_EXT_sr
    {standard input}:429    .data.CAN_EXT_LMO_01:00000000 $d
    {standard input}:432    .data.CAN_EXT_LMO_01:00000000 CAN_EXT_LMO_01
    {standard input}:453    .rodata.CAN_EXT_LMO_01_Config:00000000 CAN_EXT_LMO_01_Config
    {standard input}:450    .rodata.CAN_EXT_LMO_01_Config:00000000 $d
    {standard input}:462    .data.CAN_EXT_LMO_02:00000000 $d
    {standard input}:465    .data.CAN_EXT_LMO_02:00000000 CAN_EXT_LMO_02
    {standard input}:486    .rodata.CAN_EXT_LMO_02_Config:00000000 CAN_EXT_LMO_02_Config
    {standard input}:483    .rodata.CAN_EXT_LMO_02_Config:00000000 $d
    {standard input}:495    .data.CAN_EXT_LMO_03:00000000 $d
    {standard input}:498    .data.CAN_EXT_LMO_03:00000000 CAN_EXT_LMO_03
    {standard input}:519    .rodata.CAN_EXT_LMO_03_Config:00000000 CAN_EXT_LMO_03_Config
    {standard input}:516    .rodata.CAN_EXT_LMO_03_Config:00000000 $d
    {standard input}:528    .data.CAN_EXT_LMO_04:00000000 $d
    {standard input}:531    .data.CAN_EXT_LMO_04:00000000 CAN_EXT_LMO_04
    {standard input}:552    .rodata.CAN_EXT_LMO_04_Config:00000000 CAN_EXT_LMO_04_Config
    {standard input}:549    .rodata.CAN_EXT_LMO_04_Config:00000000 $d
    {standard input}:561    .data.CAN_EXT_LMO_05:00000000 $d
    {standard input}:564    .data.CAN_EXT_LMO_05:00000000 CAN_EXT_LMO_05
    {standard input}:585    .rodata.CAN_EXT_LMO_05_Config:00000000 CAN_EXT_LMO_05_Config
    {standard input}:582    .rodata.CAN_EXT_LMO_05_Config:00000000 $d
    {standard input}:594    .data.CAN_EXT_LMO_06:00000000 $d
    {standard input}:597    .data.CAN_EXT_LMO_06:00000000 CAN_EXT_LMO_06
    {standard input}:618    .rodata.CAN_EXT_LMO_06_Config:00000000 CAN_EXT_LMO_06_Config
    {standard input}:615    .rodata.CAN_EXT_LMO_06_Config:00000000 $d
    {standard input}:627    .data.CAN_EXT_LMO_07:00000000 $d
    {standard input}:630    .data.CAN_EXT_LMO_07:00000000 CAN_EXT_LMO_07
    {standard input}:651    .rodata.CAN_EXT_LMO_07_Config:00000000 CAN_EXT_LMO_07_Config
    {standard input}:648    .rodata.CAN_EXT_LMO_07_Config:00000000 $d
    {standard input}:660    .data.CAN_EXT_LMO_08:00000000 $d
    {standard input}:663    .data.CAN_EXT_LMO_08:00000000 CAN_EXT_LMO_08
    {standard input}:684    .rodata.CAN_EXT_LMO_08_Config:00000000 CAN_EXT_LMO_08_Config
    {standard input}:681    .rodata.CAN_EXT_LMO_08_Config:00000000 $d
    {standard input}:693    .data.CAN_EXT_LMO_09:00000000 $d
    {standard input}:696    .data.CAN_EXT_LMO_09:00000000 CAN_EXT_LMO_09
    {standard input}:717    .rodata.CAN_EXT_LMO_09_Config:00000000 CAN_EXT_LMO_09_Config
    {standard input}:714    .rodata.CAN_EXT_LMO_09_Config:00000000 $d
    {standard input}:726    .data.CAN_EXT_LMO_10:00000000 $d
    {standard input}:729    .data.CAN_EXT_LMO_10:00000000 CAN_EXT_LMO_10
    {standard input}:750    .rodata.CAN_EXT_LMO_10_Config:00000000 CAN_EXT_LMO_10_Config
    {standard input}:747    .rodata.CAN_EXT_LMO_10_Config:00000000 $d
    {standard input}:759    .data.CAN_EXT_LMO_11:00000000 $d
    {standard input}:762    .data.CAN_EXT_LMO_11:00000000 CAN_EXT_LMO_11
    {standard input}:783    .rodata.CAN_EXT_LMO_11_Config:00000000 CAN_EXT_LMO_11_Config
    {standard input}:780    .rodata.CAN_EXT_LMO_11_Config:00000000 $d
    {standard input}:792    .data.CAN_EXT_LMO_12:00000000 $d
    {standard input}:795    .data.CAN_EXT_LMO_12:00000000 CAN_EXT_LMO_12
    {standard input}:816    .rodata.CAN_EXT_LMO_12_Config:00000000 CAN_EXT_LMO_12_Config
    {standard input}:813    .rodata.CAN_EXT_LMO_12_Config:00000000 $d
    {standard input}:825    .data.CAN_EXT_LMO_13:00000000 $d
    {standard input}:828    .data.CAN_EXT_LMO_13:00000000 CAN_EXT_LMO_13
    {standard input}:849    .rodata.CAN_EXT_LMO_13_Config:00000000 CAN_EXT_LMO_13_Config
    {standard input}:846    .rodata.CAN_EXT_LMO_13_Config:00000000 $d
    {standard input}:858    .data.CAN_EXT_LMO_14:00000000 $d
    {standard input}:861    .data.CAN_EXT_LMO_14:00000000 CAN_EXT_LMO_14
    {standard input}:882    .rodata.CAN_EXT_LMO_14_Config:00000000 CAN_EXT_LMO_14_Config
    {standard input}:879    .rodata.CAN_EXT_LMO_14_Config:00000000 $d
    {standard input}:891    .data.CAN_EXT_LMO_15:00000000 $d
    {standard input}:894    .data.CAN_EXT_LMO_15:00000000 CAN_EXT_LMO_15
    {standard input}:915    .rodata.CAN_EXT_LMO_15_Config:00000000 CAN_EXT_LMO_15_Config
    {standard input}:912    .rodata.CAN_EXT_LMO_15_Config:00000000 $d
    {standard input}:924    .data.CAN_EXT_LMO_16:00000000 $d
    {standard input}:927    .data.CAN_EXT_LMO_16:00000000 CAN_EXT_LMO_16
    {standard input}:948    .rodata.CAN_EXT_LMO_16_Config:00000000 CAN_EXT_LMO_16_Config
    {standard input}:945    .rodata.CAN_EXT_LMO_16_Config:00000000 $d
    {standard input}:961    .rodata.CAN_EXT:00000000 CAN_EXT
    {standard input}:958    .rodata.CAN_EXT:00000000 $d

UNDEFINED SYMBOLS
GLOBAL_CAN_0
