   1              	 .syntax unified
   2              	 .cpu cortex-m4
   3              	 .eabi_attribute 27,3
   4              	 .fpu fpv4-sp-d16
   5              	 .eabi_attribute 20,1
   6              	 .eabi_attribute 21,1
   7              	 .eabi_attribute 23,3
   8              	 .eabi_attribute 24,1
   9              	 .eabi_attribute 25,1
  10              	 .eabi_attribute 26,1
  11              	 .eabi_attribute 30,4
  12              	 .eabi_attribute 34,1
  13              	 .eabi_attribute 18,4
  14              	 .thumb
  15              	 .file "Scheme.c"
  16              	 .section .text.ReadInput,"ax",%progbits
  17              	 .align 1
  18              	 .global ReadInput
  19              	 .thumb
  20              	 .thumb_func
  22              	ReadInput:
  23              	 
  24              	 
  25 0000 10B5     	 push {r4,lr}
  26 0002 0446     	 mov r4,r0
  27 0004 0068     	 ldr r0,[r0]
  28 0006 FFF7FEFF 	 bl BUS_IO_Read
  29 000a A388     	 ldrh r3,[r4,#4]
  30 000c 1840     	 ands r0,r0,r3
  31 000e 1ABF     	 itte ne
  32 0010 0123     	 movne r3,#1
  33 0012 A371     	 strbne r3,[r4,#6]
  34 0014 A071     	 strbeq r0,[r4,#6]
  35 0016 A379     	 ldrb r3,[r4,#6]
  36 0018 23B1     	 cbz r3,.L4
  37 001a 627A     	 ldrb r2,[r4,#9]
  38 001c 12B9     	 cbnz r2,.L4
  39 001e 0122     	 movs r2,#1
  40 0020 E271     	 strb r2,[r4,#7]
  41 0022 06E0     	 b .L5
  42              	.L4:
  43 0024 0022     	 movs r2,#0
  44 0026 E271     	 strb r2,[r4,#7]
  45 0028 1BB9     	 cbnz r3,.L5
  46 002a 627A     	 ldrb r2,[r4,#9]
  47 002c 0AB1     	 cbz r2,.L5
  48 002e 0122     	 movs r2,#1
  49 0030 00E0     	 b .L13
  50              	.L5:
  51 0032 0022     	 movs r2,#0
  52              	.L13:
  53 0034 2272     	 strb r2,[r4,#8]
  54 0036 6372     	 strb r3,[r4,#9]
  55 0038 10BD     	 pop {r4,pc}
  57              	 .section .text.ReadCaptronButton,"ax",%progbits
  58              	 .align 1
  59              	 .global ReadCaptronButton
  60              	 .thumb
  61              	 .thumb_func
  63              	ReadCaptronButton:
  64              	 
  65              	 
  66 0000 10B5     	 push {r4,lr}
  67 0002 0446     	 mov r4,r0
  68 0004 0068     	 ldr r0,[r0]
  69 0006 FFF7FEFF 	 bl BUS_IO_Read
  70 000a A388     	 ldrh r3,[r4,#4]
  71 000c 1840     	 ands r0,r0,r3
  72 000e 1ABF     	 itte ne
  73 0010 0123     	 movne r3,#1
  74 0012 A371     	 strbne r3,[r4,#6]
  75 0014 A071     	 strbeq r0,[r4,#6]
  76 0016 A379     	 ldrb r3,[r4,#6]
  77 0018 23B1     	 cbz r3,.L18
  78 001a 627A     	 ldrb r2,[r4,#9]
  79 001c 12B9     	 cbnz r2,.L18
  80 001e 0122     	 movs r2,#1
  81 0020 E271     	 strb r2,[r4,#7]
  82 0022 06E0     	 b .L19
  83              	.L18:
  84 0024 0022     	 movs r2,#0
  85 0026 E271     	 strb r2,[r4,#7]
  86 0028 1BB9     	 cbnz r3,.L19
  87 002a 627A     	 ldrb r2,[r4,#9]
  88 002c 0AB1     	 cbz r2,.L19
  89 002e 0122     	 movs r2,#1
  90 0030 00E0     	 b .L27
  91              	.L19:
  92 0032 0022     	 movs r2,#0
  93              	.L27:
  94 0034 2272     	 strb r2,[r4,#8]
  95 0036 6372     	 strb r3,[r4,#9]
  96 0038 10BD     	 pop {r4,pc}
  98              	 .section .text.WriteOutput,"ax",%progbits
  99              	 .align 1
 100              	 .global WriteOutput
 101              	 .thumb
 102              	 .thumb_func
 104              	WriteOutput:
 105              	 
 106              	 
 107              	 
 108 0000 0368     	 ldr r3,[r0]
 109 0002 1A68     	 ldr r2,[r3]
 110 0004 11B1     	 cbz r1,.L29
 111 0006 197C     	 ldrb r1,[r3,#16]
 112 0008 0123     	 movs r3,#1
 113 000a 02E0     	 b .L31
 114              	.L29:
 115 000c 197C     	 ldrb r1,[r3,#16]
 116 000e 4FF48033 	 mov r3,#65536
 117              	.L31:
 118 0012 8B40     	 lsls r3,r3,r1
 119 0014 5360     	 str r3,[r2,#4]
 120 0016 7047     	 bx lr
 122              	 .section .text.WriteCaptronButton,"ax",%progbits
 123              	 .align 1
 124              	 .global WriteCaptronButton
 125              	 .thumb
 126              	 .thumb_func
 128              	WriteCaptronButton:
 129              	 
 130              	 
 131 0000 38B5     	 push {r3,r4,r5,lr}
 132 0002 0446     	 mov r4,r0
 133 0004 0D46     	 mov r5,r1
 134 0006 C068     	 ldr r0,[r0,#12]
 135 0008 FFF7FEFF 	 bl BUS_IO_Read
 136 000c A388     	 ldrh r3,[r4,#4]
 137 000e 15B1     	 cbz r5,.L33
 138 0010 40EA0301 	 orr r1,r0,r3
 139 0014 01E0     	 b .L35
 140              	.L33:
 141 0016 20EA0301 	 bic r1,r0,r3
 142              	.L35:
 143 001a E068     	 ldr r0,[r4,#12]
 144 001c 89B2     	 uxth r1,r1
 145 001e BDE83840 	 pop {r3,r4,r5,lr}
 146 0022 FFF7FEBF 	 b BUS_IO_Write
 148              	 .global StepLights
 149              	 .global InternAlarmHandle
 150              	 .global DisabledButton
 151              	 .global PassengerButton
 152              	 .global ExternAlarmHandle
 153              	 .global CloseSensor
 154              	 .global StopBut
 155              	 .global Open1DoorBut
 156              	 .global DisabledButSB3
 157              	 .global PhotoSensor
 158              	 .comm Inputs,14,2
 159              	 .section .data.CloseSensor,"aw",%progbits
 160              	 .align 2
 163              	CloseSensor:
 164 0000 00000000 	 .word DI_PNP
 165 0004 0800     	 .short 8
 166 0006 00000000 	 .space 6
 166      0000
 167              	 .section .data.InternAlarmHandle,"aw",%progbits
 168              	 .align 2
 171              	InternAlarmHandle:
 172 0000 00000000 	 .word HS_SW_5
 173 0004 00000000 	 .space 4
 174              	 .section .data.PassengerButton,"aw",%progbits
 175              	 .align 2
 178              	PassengerButton:
 179 0000 00000000 	 .word GROUP_IN
 180 0004 0100     	 .short 1
 181 0006 00000000 	 .space 6
 181      0000
 182 000c 00000000 	 .word GROUP_OUT
 183 0010 00000000 	 .space 4
 184              	 .section .data.PhotoSensor,"aw",%progbits
 185              	 .align 2
 188              	PhotoSensor:
 189 0000 00000000 	 .word DI_PNP
 190 0004 0100     	 .short 1
 191 0006 00000000 	 .space 6
 191      0000
 192              	 .section .data.ExternAlarmHandle,"aw",%progbits
 193              	 .align 2
 196              	ExternAlarmHandle:
 197 0000 00000000 	 .word DI_NPN
 198 0004 0100     	 .short 1
 199 0006 00000000 	 .space 6
 199      0000
 200              	 .section .data.StopBut,"aw",%progbits
 201              	 .align 2
 204              	StopBut:
 205 0000 00000000 	 .word DI_PNP
 206 0004 0400     	 .short 4
 207 0006 00000000 	 .space 6
 207      0000
 208              	 .section .data.DisabledButton,"aw",%progbits
 209              	 .align 2
 212              	DisabledButton:
 213 0000 00000000 	 .word GROUP_IN
 214 0004 0200     	 .short 2
 215 0006 00000000 	 .space 6
 215      0000
 216 000c 00000000 	 .word GROUP_OUT
 217 0010 00000000 	 .space 4
 218              	 .section .data.Open1DoorBut,"aw",%progbits
 219              	 .align 2
 222              	Open1DoorBut:
 223 0000 00000000 	 .word DI_PNP
 224 0004 0200     	 .short 2
 225 0006 00000000 	 .space 6
 225      0000
 226              	 .section .data.StepLights,"aw",%progbits
 227              	 .align 2
 230              	StepLights:
 231 0000 00000000 	 .word HS_SW_3
 232 0004 00000000 	 .space 4
 233              	 .section .data.DisabledButSB3,"aw",%progbits
 234              	 .align 2
 237              	DisabledButSB3:
 238 0000 00000000 	 .word DI_PNP
 239 0004 0200     	 .short 2
 240 0006 00000000 	 .space 6
 240      0000
 241              	 .ident "GCC: (GNU Tools for ARM Embedded Processors) 4.9.3 20141119 (release) [ARM/embedded-4_9-branch revision 218278]"
DEFINED SYMBOLS
                            *ABS*:00000000 Scheme.c
    {standard input}:17     .text.ReadInput:00000000 $t
    {standard input}:22     .text.ReadInput:00000000 ReadInput
    {standard input}:58     .text.ReadCaptronButton:00000000 $t
    {standard input}:63     .text.ReadCaptronButton:00000000 ReadCaptronButton
    {standard input}:99     .text.WriteOutput:00000000 $t
    {standard input}:104    .text.WriteOutput:00000000 WriteOutput
    {standard input}:123    .text.WriteCaptronButton:00000000 $t
    {standard input}:128    .text.WriteCaptronButton:00000000 WriteCaptronButton
    {standard input}:230    .data.StepLights:00000000 StepLights
    {standard input}:171    .data.InternAlarmHandle:00000000 InternAlarmHandle
    {standard input}:212    .data.DisabledButton:00000000 DisabledButton
    {standard input}:178    .data.PassengerButton:00000000 PassengerButton
    {standard input}:196    .data.ExternAlarmHandle:00000000 ExternAlarmHandle
    {standard input}:163    .data.CloseSensor:00000000 CloseSensor
    {standard input}:204    .data.StopBut:00000000 StopBut
    {standard input}:222    .data.Open1DoorBut:00000000 Open1DoorBut
    {standard input}:237    .data.DisabledButSB3:00000000 DisabledButSB3
    {standard input}:188    .data.PhotoSensor:00000000 PhotoSensor
                            *COM*:0000000e Inputs
    {standard input}:160    .data.CloseSensor:00000000 $d
    {standard input}:168    .data.InternAlarmHandle:00000000 $d
    {standard input}:175    .data.PassengerButton:00000000 $d
    {standard input}:185    .data.PhotoSensor:00000000 $d
    {standard input}:193    .data.ExternAlarmHandle:00000000 $d
    {standard input}:201    .data.StopBut:00000000 $d
    {standard input}:209    .data.DisabledButton:00000000 $d
    {standard input}:219    .data.Open1DoorBut:00000000 $d
    {standard input}:227    .data.StepLights:00000000 $d
    {standard input}:234    .data.DisabledButSB3:00000000 $d

UNDEFINED SYMBOLS
BUS_IO_Read
BUS_IO_Write
DI_PNP
HS_SW_5
GROUP_IN
GROUP_OUT
DI_NPN
HS_SW_3
