   1              	 .cpu cortex-m4
   2              	 .eabi_attribute 27,1
   3              	 .eabi_attribute 20,1
   4              	 .eabi_attribute 21,1
   5              	 .eabi_attribute 23,3
   6              	 .eabi_attribute 24,1
   7              	 .eabi_attribute 25,1
   8              	 .eabi_attribute 26,1
   9              	 .eabi_attribute 30,6
  10              	 .eabi_attribute 34,1
  11              	 .eabi_attribute 18,4
  12              	 .file "global_can.c"
  13              	 .text
  14              	.Ltext0:
  15              	 .cfi_sections .debug_frame
  16              	 .section .text.GLOBAL_CAN_GetAppVersion,"ax",%progbits
  17              	 .align 1
  18              	 .global GLOBAL_CAN_GetAppVersion
  19              	 .arch armv7e-m
  20              	 .syntax unified
  21              	 .thumb
  22              	 .thumb_func
  23              	 .fpu fpv4-sp-d16
  25              	GLOBAL_CAN_GetAppVersion:
  26              	.LFB229:
  27              	 .file 1 "../Dave/Generated/GLOBAL_CAN/global_can.c"
   1:../Dave/Generated/GLOBAL_CAN/global_can.c **** /**
   2:../Dave/Generated/GLOBAL_CAN/global_can.c ****  * @file global_can.c
   3:../Dave/Generated/GLOBAL_CAN/global_can.c ****  * @date 2015-06-30
   4:../Dave/Generated/GLOBAL_CAN/global_can.c ****  *
   5:../Dave/Generated/GLOBAL_CAN/global_can.c ****  * NOTE:
   6:../Dave/Generated/GLOBAL_CAN/global_can.c ****  * This file is generated by DAVE. Any manual modification done to this file will be lost when the 
   7:../Dave/Generated/GLOBAL_CAN/global_can.c ****  *
   8:../Dave/Generated/GLOBAL_CAN/global_can.c ****  * @cond
   9:../Dave/Generated/GLOBAL_CAN/global_can.c ****  **************************************************************************************************
  10:../Dave/Generated/GLOBAL_CAN/global_can.c ****  * GLOBAL_CAN v4.0.20 - Configures global resources of MultiCAN module.
  11:../Dave/Generated/GLOBAL_CAN/global_can.c ****  *
  12:../Dave/Generated/GLOBAL_CAN/global_can.c ****  * Copyright (c) 2015-2020, Infineon Technologies AG
  13:../Dave/Generated/GLOBAL_CAN/global_can.c ****  * All rights reserved.
  14:../Dave/Generated/GLOBAL_CAN/global_can.c ****  *
  15:../Dave/Generated/GLOBAL_CAN/global_can.c ****  * Redistribution and use in source and binary forms, with or without modification,are permitted pr
  16:../Dave/Generated/GLOBAL_CAN/global_can.c ****  * following conditions are met:
  17:../Dave/Generated/GLOBAL_CAN/global_can.c ****  *
  18:../Dave/Generated/GLOBAL_CAN/global_can.c ****  *   Redistributions of source code must retain the above copyright notice, this list of conditions
  19:../Dave/Generated/GLOBAL_CAN/global_can.c ****  *   disclaimer.
  20:../Dave/Generated/GLOBAL_CAN/global_can.c ****  *
  21:../Dave/Generated/GLOBAL_CAN/global_can.c ****  *   Redistributions in binary form must reproduce the above copyright notice, this list of conditi
  22:../Dave/Generated/GLOBAL_CAN/global_can.c ****  *   following disclaimer in the documentation and/or other materials provided with the distributio
  23:../Dave/Generated/GLOBAL_CAN/global_can.c ****  *
  24:../Dave/Generated/GLOBAL_CAN/global_can.c ****  *   Neither the name of the copyright holders nor the names of its contributors may be used to end
  25:../Dave/Generated/GLOBAL_CAN/global_can.c ****  *   products derived from this software without specific prior written permission.
  26:../Dave/Generated/GLOBAL_CAN/global_can.c ****  *
  27:../Dave/Generated/GLOBAL_CAN/global_can.c ****  * THIS SOFTWARE IS PROVIDED BY THE COPYRIGHT HOLDERS AND CONTRIBUTORS "AS IS" AND ANY EXPRESS OR I
  28:../Dave/Generated/GLOBAL_CAN/global_can.c ****  * INCLUDING, BUT NOT LIMITED TO, THE IMPLIED WARRANTIES OF MERCHANTABILITY AND FITNESS FOR A PARTI
  29:../Dave/Generated/GLOBAL_CAN/global_can.c ****  * DISCLAIMED. IN NO EVENT SHALL THE COPYRIGHT HOLDER OR CONTRIBUTORS BE LIABLE  FOR ANY DIRECT, IN
  30:../Dave/Generated/GLOBAL_CAN/global_can.c ****  * SPECIAL, EXEMPLARY, OR CONSEQUENTIAL DAMAGES (INCLUDING, BUT NOT LIMITED TO, PROCUREMENT OF SUBS
  31:../Dave/Generated/GLOBAL_CAN/global_can.c ****  * SERVICES; LOSS OF USE, DATA, OR PROFITS; OR BUSINESS INTERRUPTION) HOWEVER CAUSED AND ON ANY THE
  32:../Dave/Generated/GLOBAL_CAN/global_can.c ****  * WHETHER IN CONTRACT, STRICT LIABILITY,OR TORT (INCLUDING NEGLIGENCE OR OTHERWISE) ARISING IN ANY
  33:../Dave/Generated/GLOBAL_CAN/global_can.c ****  * USE OF THIS SOFTWARE, EVEN IF ADVISED OF THE POSSIBILITY OF SUCH DAMAGE.
  34:../Dave/Generated/GLOBAL_CAN/global_can.c ****  *
  35:../Dave/Generated/GLOBAL_CAN/global_can.c ****  * To improve the quality of the software, users are encouraged to share modifications, enhancement
  36:../Dave/Generated/GLOBAL_CAN/global_can.c ****  * with Infineon Technologies AG (dave@infineon.com).
  37:../Dave/Generated/GLOBAL_CAN/global_can.c ****  **************************************************************************************************
  38:../Dave/Generated/GLOBAL_CAN/global_can.c ****  * Change History
  39:../Dave/Generated/GLOBAL_CAN/global_can.c ****  * --------------
  40:../Dave/Generated/GLOBAL_CAN/global_can.c ****  *
  41:../Dave/Generated/GLOBAL_CAN/global_can.c ****  * 2015-02-16:
  42:../Dave/Generated/GLOBAL_CAN/global_can.c ****  *     - Initial version<br>
  43:../Dave/Generated/GLOBAL_CAN/global_can.c ****  *
  44:../Dave/Generated/GLOBAL_CAN/global_can.c ****  * 2015-05-19:
  45:../Dave/Generated/GLOBAL_CAN/global_can.c ****  *     - XMC_ASSERT debug statement is added in all API's.<br>
  46:../Dave/Generated/GLOBAL_CAN/global_can.c ****  *
  47:../Dave/Generated/GLOBAL_CAN/global_can.c ****  * 2015-06-18:
  48:../Dave/Generated/GLOBAL_CAN/global_can.c ****  *     - LLD version change is removed.<br>
  49:../Dave/Generated/GLOBAL_CAN/global_can.c ****  *
  50:../Dave/Generated/GLOBAL_CAN/global_can.c ****  * 2015-06-30:
  51:../Dave/Generated/GLOBAL_CAN/global_can.c ****  *     - GLOBAL_CAN_Enable() and GLOBAL_CAN_Disable() APIs are removed.<br>
  52:../Dave/Generated/GLOBAL_CAN/global_can.c ****  *
  53:../Dave/Generated/GLOBAL_CAN/global_can.c ****  * 2018-06-21:
  54:../Dave/Generated/GLOBAL_CAN/global_can.c ****  *     - Change GLOBAL_CAN_Init() to use  XMC_CAN_InitEx() which avoids using fractional divider
  55:../Dave/Generated/GLOBAL_CAN/global_can.c ****  *
  56:../Dave/Generated/GLOBAL_CAN/global_can.c ****  * @endcond
  57:../Dave/Generated/GLOBAL_CAN/global_can.c ****  *
  58:../Dave/Generated/GLOBAL_CAN/global_can.c ****  */
  59:../Dave/Generated/GLOBAL_CAN/global_can.c **** 
  60:../Dave/Generated/GLOBAL_CAN/global_can.c **** /**************************************************************************************************
  61:../Dave/Generated/GLOBAL_CAN/global_can.c ****  * HEADER FILES
  62:../Dave/Generated/GLOBAL_CAN/global_can.c ****  **************************************************************************************************
  63:../Dave/Generated/GLOBAL_CAN/global_can.c **** #include "global_can.h"
  64:../Dave/Generated/GLOBAL_CAN/global_can.c **** 
  65:../Dave/Generated/GLOBAL_CAN/global_can.c **** /**************************************************************************************************
  66:../Dave/Generated/GLOBAL_CAN/global_can.c ****  * MACROS
  67:../Dave/Generated/GLOBAL_CAN/global_can.c ****  **************************************************************************************************
  68:../Dave/Generated/GLOBAL_CAN/global_can.c **** 
  69:../Dave/Generated/GLOBAL_CAN/global_can.c **** /**************************************************************************************************
  70:../Dave/Generated/GLOBAL_CAN/global_can.c ****  * LOCAL DATA
  71:../Dave/Generated/GLOBAL_CAN/global_can.c ****  **************************************************************************************************
  72:../Dave/Generated/GLOBAL_CAN/global_can.c **** 
  73:../Dave/Generated/GLOBAL_CAN/global_can.c **** /**************************************************************************************************
  74:../Dave/Generated/GLOBAL_CAN/global_can.c ****  * LOCAL ROUTINES
  75:../Dave/Generated/GLOBAL_CAN/global_can.c ****  **************************************************************************************************
  76:../Dave/Generated/GLOBAL_CAN/global_can.c **** 
  77:../Dave/Generated/GLOBAL_CAN/global_can.c **** /**************************************************************************************************
  78:../Dave/Generated/GLOBAL_CAN/global_can.c ****  * API IMPLEMENTATION
  79:../Dave/Generated/GLOBAL_CAN/global_can.c ****  **************************************************************************************************
  80:../Dave/Generated/GLOBAL_CAN/global_can.c **** 
  81:../Dave/Generated/GLOBAL_CAN/global_can.c **** /* API to retrieve the version of the GLOBAL_CAN APP  */
  82:../Dave/Generated/GLOBAL_CAN/global_can.c **** DAVE_APP_VERSION_t GLOBAL_CAN_GetAppVersion()
  83:../Dave/Generated/GLOBAL_CAN/global_can.c **** {
  28              	 .loc 1 83 1
  29              	 .cfi_startproc
  30              	 
  31              	 
  32              	 
  33 0000 80B4     	 push {r7}
  34              	.LCFI0:
  35              	 .cfi_def_cfa_offset 4
  36              	 .cfi_offset 7,-4
  37 0002 83B0     	 sub sp,sp,#12
  38              	.LCFI1:
  39              	 .cfi_def_cfa_offset 16
  40 0004 00AF     	 add r7,sp,#0
  41              	.LCFI2:
  42              	 .cfi_def_cfa_register 7
  84:../Dave/Generated/GLOBAL_CAN/global_can.c ****   DAVE_APP_VERSION_t version;
  85:../Dave/Generated/GLOBAL_CAN/global_can.c **** 
  86:../Dave/Generated/GLOBAL_CAN/global_can.c ****   version.major = (uint8_t)GLOBAL_CAN_MAJOR_VERSION;
  43              	 .loc 1 86 17
  44 0006 0423     	 movs r3,#4
  45 0008 3B70     	 strb r3,[r7]
  87:../Dave/Generated/GLOBAL_CAN/global_can.c ****   version.minor = (uint8_t)GLOBAL_CAN_MINOR_VERSION;
  46              	 .loc 1 87 17
  47 000a 0023     	 movs r3,#0
  48 000c 7B70     	 strb r3,[r7,#1]
  88:../Dave/Generated/GLOBAL_CAN/global_can.c ****   version.patch = (uint8_t)GLOBAL_CAN_PATCH_VERSION;
  49              	 .loc 1 88 17
  50 000e 1423     	 movs r3,#20
  51 0010 BB70     	 strb r3,[r7,#2]
  89:../Dave/Generated/GLOBAL_CAN/global_can.c **** 
  90:../Dave/Generated/GLOBAL_CAN/global_can.c ****   return (version);
  52              	 .loc 1 90 10
  53 0012 3B1D     	 adds r3,r7,#4
  54 0014 3A46     	 mov r2,r7
  55 0016 1268     	 ldr r2,[r2]
  56 0018 1146     	 mov r1,r2
  57 001a 1980     	 strh r1,[r3]
  58 001c 0233     	 adds r3,r3,#2
  59 001e 120C     	 lsrs r2,r2,#16
  60 0020 1A70     	 strb r2,[r3]
  61 0022 0023     	 movs r3,#0
  62 0024 3A79     	 ldrb r2,[r7,#4]
  63 0026 62F30703 	 bfi r3,r2,#0,#8
  64 002a 7A79     	 ldrb r2,[r7,#5]
  65 002c 62F30F23 	 bfi r3,r2,#8,#8
  66 0030 BA79     	 ldrb r2,[r7,#6]
  67 0032 62F31743 	 bfi r3,r2,#16,#8
  91:../Dave/Generated/GLOBAL_CAN/global_can.c **** }
  68              	 .loc 1 91 1
  69 0036 1846     	 mov r0,r3
  70 0038 0C37     	 adds r7,r7,#12
  71              	.LCFI3:
  72              	 .cfi_def_cfa_offset 4
  73 003a BD46     	 mov sp,r7
  74              	.LCFI4:
  75              	 .cfi_def_cfa_register 13
  76              	 
  77 003c 5DF8047B 	 ldr r7,[sp],#4
  78              	.LCFI5:
  79              	 .cfi_restore 7
  80              	 .cfi_def_cfa_offset 0
  81 0040 7047     	 bx lr
  82              	 .cfi_endproc
  83              	.LFE229:
  85              	 .section .text.GLOBAL_CAN_Init,"ax",%progbits
  86              	 .align 1
  87              	 .global GLOBAL_CAN_Init
  88              	 .syntax unified
  89              	 .thumb
  90              	 .thumb_func
  91              	 .fpu fpv4-sp-d16
  93              	GLOBAL_CAN_Init:
  94              	.LFB230:
  92:../Dave/Generated/GLOBAL_CAN/global_can.c **** 
  93:../Dave/Generated/GLOBAL_CAN/global_can.c **** /*  Function to initialize the CAN Peripheral module clock.  */
  94:../Dave/Generated/GLOBAL_CAN/global_can.c **** GLOBAL_CAN_STATUS_t GLOBAL_CAN_Init(GLOBAL_CAN_t *handle)
  95:../Dave/Generated/GLOBAL_CAN/global_can.c **** {
  95              	 .loc 1 95 1
  96              	 .cfi_startproc
  97              	 
  98              	 
  99 0000 80B5     	 push {r7,lr}
 100              	.LCFI6:
 101              	 .cfi_def_cfa_offset 8
 102              	 .cfi_offset 7,-8
 103              	 .cfi_offset 14,-4
 104 0002 84B0     	 sub sp,sp,#16
 105              	.LCFI7:
 106              	 .cfi_def_cfa_offset 24
 107 0004 00AF     	 add r7,sp,#0
 108              	.LCFI8:
 109              	 .cfi_def_cfa_register 7
 110 0006 7860     	 str r0,[r7,#4]
  96:../Dave/Generated/GLOBAL_CAN/global_can.c ****   GLOBAL_CAN_STATUS_t status = GLOBAL_CAN_STATUS_SUCCESS;
 111              	 .loc 1 96 23
 112 0008 0023     	 movs r3,#0
 113 000a FB73     	 strb r3,[r7,#15]
  97:../Dave/Generated/GLOBAL_CAN/global_can.c **** 
  98:../Dave/Generated/GLOBAL_CAN/global_can.c ****   XMC_ASSERT("GLOBAL_CAN_Init: handle null", handle != NULL);
  99:../Dave/Generated/GLOBAL_CAN/global_can.c **** 
 100:../Dave/Generated/GLOBAL_CAN/global_can.c ****   if (handle->init_status != true)
 114              	 .loc 1 100 13
 115 000c 7B68     	 ldr r3,[r7,#4]
 116 000e 5B7A     	 ldrb r3,[r3,#9]
 117              	 .loc 1 100 27
 118 0010 83F00103 	 eor r3,r3,#1
 119 0014 DBB2     	 uxtb r3,r3
 120              	 .loc 1 100 6
 121 0016 002B     	 cmp r3,#0
 122 0018 0DD0     	 beq .L4
 101:../Dave/Generated/GLOBAL_CAN/global_can.c ****   {
 102:../Dave/Generated/GLOBAL_CAN/global_can.c **** #if defined(MULTICAN_PLUS)
 103:../Dave/Generated/GLOBAL_CAN/global_can.c ****     XMC_CAN_InitEx(handle->canglobal_ptr, (XMC_CAN_CANCLKSRC_t)handle->can_clock_src, handle->can_f
 123              	 .loc 1 103 5
 124 001a 7B68     	 ldr r3,[r7,#4]
 125 001c 5868     	 ldr r0,[r3,#4]
 126              	 .loc 1 103 70
 127 001e 7B68     	 ldr r3,[r7,#4]
 128 0020 197A     	 ldrb r1,[r3,#8]
 129              	 .loc 1 103 5
 130 0022 7B68     	 ldr r3,[r7,#4]
 131 0024 1B68     	 ldr r3,[r3]
 132 0026 1A46     	 mov r2,r3
 133 0028 FFF7FEFF 	 bl XMC_CAN_InitEx
 104:../Dave/Generated/GLOBAL_CAN/global_can.c **** #else
 105:../Dave/Generated/GLOBAL_CAN/global_can.c ****     XMC_CAN_InitEx(handle->canglobal_ptr, XMC_CAN_CANCLKSRC_FPERI, handle->can_frequency);
 106:../Dave/Generated/GLOBAL_CAN/global_can.c **** #endif
 107:../Dave/Generated/GLOBAL_CAN/global_can.c ****     handle->init_status = true;
 134              	 .loc 1 107 25
 135 002c 7B68     	 ldr r3,[r7,#4]
 136 002e 0122     	 movs r2,#1
 137 0030 5A72     	 strb r2,[r3,#9]
 108:../Dave/Generated/GLOBAL_CAN/global_can.c ****     status = GLOBAL_CAN_STATUS_SUCCESS;
 138              	 .loc 1 108 12
 139 0032 0023     	 movs r3,#0
 140 0034 FB73     	 strb r3,[r7,#15]
 141              	.L4:
 109:../Dave/Generated/GLOBAL_CAN/global_can.c ****   }
 110:../Dave/Generated/GLOBAL_CAN/global_can.c ****   return (status);
 142              	 .loc 1 110 10
 143 0036 FB7B     	 ldrb r3,[r7,#15]
 111:../Dave/Generated/GLOBAL_CAN/global_can.c **** 
 112:../Dave/Generated/GLOBAL_CAN/global_can.c **** }
 144              	 .loc 1 112 1
 145 0038 1846     	 mov r0,r3
 146 003a 1037     	 adds r7,r7,#16
 147              	.LCFI9:
 148              	 .cfi_def_cfa_offset 8
 149 003c BD46     	 mov sp,r7
 150              	.LCFI10:
 151              	 .cfi_def_cfa_register 13
 152              	 
 153 003e 80BD     	 pop {r7,pc}
 154              	 .cfi_endproc
 155              	.LFE230:
 157              	 .text
 158              	.Letext0:
 159              	 .file 2 "c:\\program files (x86)\\gnu arm embedded toolchain\\10 2020-q4-major\\arm-none-eabi\\include\\machine\\_default_types.h"
 160              	 .file 3 "c:\\program files (x86)\\gnu arm embedded toolchain\\10 2020-q4-major\\arm-none-eabi\\include\\sys\\_stdint.h"
 161              	 .file 4 "C:/Workspaces/DAVE-4.4.2-64Bit/_PKDS_TSTS06_811_X47_V1_0/Libraries/CMSIS/Infineon/XMC4700_series/Include/XMC4700.h"
 162              	 .file 5 "C:/Workspaces/DAVE-4.4.2-64Bit/_PKDS_TSTS06_811_X47_V1_0/Libraries/XMCLib/inc/xmc_can.h"
 163              	 .file 6 "C:/Workspaces/DAVE-4.4.2-64Bit/_PKDS_TSTS06_811_X47_V1_0/Dave/Generated/DAVE_Common.h"
 164              	 .file 7 "../Dave/Generated/GLOBAL_CAN/global_can.h"
DEFINED SYMBOLS
                            *ABS*:00000000 global_can.c
    {standard input}:17     .text.GLOBAL_CAN_GetAppVersion:00000000 $t
    {standard input}:25     .text.GLOBAL_CAN_GetAppVersion:00000000 GLOBAL_CAN_GetAppVersion
    {standard input}:86     .text.GLOBAL_CAN_Init:00000000 $t
    {standard input}:93     .text.GLOBAL_CAN_Init:00000000 GLOBAL_CAN_Init

UNDEFINED SYMBOLS
XMC_CAN_InitEx
