   1              	 .syntax unified
   2              	 .cpu cortex-m4
   3              	 .eabi_attribute 27,3
   4              	 .fpu fpv4-sp-d16
   5              	 .eabi_attribute 20,1
   6              	 .eabi_attribute 21,1
   7              	 .eabi_attribute 23,3
   8              	 .eabi_attribute 24,1
   9              	 .eabi_attribute 25,1
  10              	 .eabi_attribute 26,1
  11              	 .eabi_attribute 30,4
  12              	 .eabi_attribute 34,1
  13              	 .eabi_attribute 18,4
  14              	 .thumb
  15              	 .file "bldc_scalar_user_interface.c"
  16              	 .section .text.Motor0_BLDC_SCALAR_Init,"ax",%progbits
  17              	 .align 1
  18              	 .global Motor0_BLDC_SCALAR_Init
  19              	 .thumb
  20              	 .thumb_func
  22              	Motor0_BLDC_SCALAR_Init:
  23              	 
  24              	 
  25 0000 07B5     	 push {r0,r1,r2,lr}
  26 0002 0023     	 movs r3,#0
  27              	.L9:
  28 0004 0193     	 str r3,[sp,#4]
  29 0006 019A     	 ldr r2,[sp,#4]
  30 0008 184B     	 ldr r3,.L13
  31 000a 9A42     	 cmp r2,r3
  32 000c 02D8     	 bhi .L12
  33 000e 019B     	 ldr r3,[sp,#4]
  34 0010 0133     	 adds r3,r3,#1
  35 0012 F7E7     	 b .L9
  36              	.L12:
  37 0014 FFF7FEFF 	 bl Motor0_BLDC_SCALAR_PWM_BC_Init
  38 0018 FFF7FEFF 	 bl Motor0_BLDC_SCALAR_SPEED_POS_HALL_Init
  39 001c FFF7FEFF 	 bl Motor0_BLDC_SCALAR_VADC_Init
  40 0020 FFF7FEFF 	 bl Motor0_BLDC_SCALAR_Current_Measurment_Init
  41 0024 124B     	 ldr r3,.L13+4
  42 0026 1A68     	 ldr r2,[r3]
  43 0028 124B     	 ldr r3,.L13+8
  44 002a 1A60     	 str r2,[r3]
  45 002c 124A     	 ldr r2,.L13+12
  46 002e 02F12001 	 add r1,r2,#32
  47              	.L7:
  48 0032 138C     	 ldrh r3,[r2,#32]
  49 0034 03F47060 	 and r0,r3,#3840
  50 0038 B0F5807F 	 cmp r0,#256
  51 003c 02D1     	 bne .L4
  52 003e 43F40073 	 orr r3,r3,#512
  53 0042 0CE0     	 b .L10
  54              	.L4:
  55 0044 03F0F000 	 and r0,r3,#240
  56 0048 1028     	 cmp r0,#16
  57 004a 02D1     	 bne .L6
  58 004c 43F02003 	 orr r3,r3,#32
  59 0050 05E0     	 b .L10
  60              	.L6:
  61 0052 03F00F00 	 and r0,r3,#15
  62 0056 0128     	 cmp r0,#1
  63 0058 02D1     	 bne .L5
  64 005a 43F00203 	 orr r3,r3,#2
  65              	.L10:
  66 005e 1380     	 strh r3,[r2]
  67              	.L5:
  68 0060 0232     	 adds r2,r2,#2
  69 0062 8A42     	 cmp r2,r1
  70 0064 E5D1     	 bne .L7
  71 0066 03B0     	 add sp,sp,#12
  72              	 
  73 0068 5DF804FB 	 ldr pc,[sp],#4
  74              	.L14:
  75              	 .align 2
  76              	.L13:
  77 006c FEFF0700 	 .word 524286
  78 0070 00000000 	 .word Motor0_BLDC_SCALAR_SpeedControl
  79 0074 00000000 	 .word Motor0_BLDC_SCALAR_Ramp
  80 0078 04000000 	 .word Motor0_BLDC_SCALAR+4
  82              	 .section .text.Motor0_BLDC_SCALAR_MotorStart,"ax",%progbits
  83              	 .align 1
  84              	 .global Motor0_BLDC_SCALAR_MotorStart
  85              	 .thumb
  86              	 .thumb_func
  88              	Motor0_BLDC_SCALAR_MotorStart:
  89              	 
  90              	 
  91              	 
  92 0000 044B     	 ldr r3,.L17
  93 0002 93F86420 	 ldrb r2,[r3,#100]
  94 0006 22B9     	 cbnz r2,.L15
  95 0008 0122     	 movs r2,#1
  96 000a 83F86420 	 strb r2,[r3,#100]
  97 000e FFF7FEBF 	 b Motor0_BLDC_SCALAR_MSM
  98              	.L15:
  99 0012 7047     	 bx lr
 100              	.L18:
 101              	 .align 2
 102              	.L17:
 103 0014 00000000 	 .word Motor0_BLDC_SCALAR
 105              	 .section .text.Motor0_BLDC_SCALAR_MotorStop,"ax",%progbits
 106              	 .align 1
 107              	 .global Motor0_BLDC_SCALAR_MotorStop
 108              	 .thumb
 109              	 .thumb_func
 111              	Motor0_BLDC_SCALAR_MotorStop:
 112              	 
 113              	 
 114 0000 08B5     	 push {r3,lr}
 115 0002 FFF7FEFF 	 bl Motor0_BLDC_SCALAR_PWM_BC_Stop
 116 0006 FFF7FEFF 	 bl Motor0_BLDC_SCALAR_SPEED_POS_HALL_Stop
 117 000a FFF7FEFF 	 bl Motor0_BLDC_SCALAR_PWM_BC_InverterDisable
 118 000e 084B     	 ldr r3,.L21
 119 0010 0022     	 movs r2,#0
 120 0012 DA66     	 str r2,[r3,#108]
 121 0014 1A67     	 str r2,[r3,#112]
 122 0016 5A67     	 str r2,[r3,#116]
 123 0018 9A6E     	 ldr r2,[r3,#104]
 124 001a 32B1     	 cbz r2,.L20
 125 001c 0822     	 movs r2,#8
 126 001e 83F86420 	 strb r2,[r3,#100]
 127 0022 BDE80840 	 pop {r3,lr}
 128 0026 FFF7FEBF 	 b Motor0_BLDC_SCALAR_MSM
 129              	.L20:
 130 002a 83F86420 	 strb r2,[r3,#100]
 131 002e 08BD     	 pop {r3,pc}
 132              	.L22:
 133              	 .align 2
 134              	.L21:
 135 0030 00000000 	 .word Motor0_BLDC_SCALAR
 137              	 .ident "GCC: (GNU Tools for ARM Embedded Processors) 4.9.3 20141119 (release) [ARM/embedded-4_9-branch revision 218278]"
DEFINED SYMBOLS
                            *ABS*:00000000 bldc_scalar_user_interface.c
    {standard input}:17     .text.Motor0_BLDC_SCALAR_Init:00000000 $t
    {standard input}:22     .text.Motor0_BLDC_SCALAR_Init:00000000 Motor0_BLDC_SCALAR_Init
    {standard input}:77     .text.Motor0_BLDC_SCALAR_Init:0000006c $d
    {standard input}:83     .text.Motor0_BLDC_SCALAR_MotorStart:00000000 $t
    {standard input}:88     .text.Motor0_BLDC_SCALAR_MotorStart:00000000 Motor0_BLDC_SCALAR_MotorStart
    {standard input}:103    .text.Motor0_BLDC_SCALAR_MotorStart:00000014 $d
    {standard input}:106    .text.Motor0_BLDC_SCALAR_MotorStop:00000000 $t
    {standard input}:111    .text.Motor0_BLDC_SCALAR_MotorStop:00000000 Motor0_BLDC_SCALAR_MotorStop
    {standard input}:135    .text.Motor0_BLDC_SCALAR_MotorStop:00000030 $d

UNDEFINED SYMBOLS
Motor0_BLDC_SCALAR_PWM_BC_Init
Motor0_BLDC_SCALAR_SPEED_POS_HALL_Init
Motor0_BLDC_SCALAR_VADC_Init
Motor0_BLDC_SCALAR_Current_Measurment_Init
Motor0_BLDC_SCALAR_SpeedControl
Motor0_BLDC_SCALAR_Ramp
Motor0_BLDC_SCALAR
Motor0_BLDC_SCALAR_MSM
Motor0_BLDC_SCALAR_PWM_BC_Stop
Motor0_BLDC_SCALAR_SPEED_POS_HALL_Stop
Motor0_BLDC_SCALAR_PWM_BC_InverterDisable
