   1              	 .cpu cortex-m4
   2              	 .eabi_attribute 27,1
   3              	 .eabi_attribute 20,1
   4              	 .eabi_attribute 21,1
   5              	 .eabi_attribute 23,3
   6              	 .eabi_attribute 24,1
   7              	 .eabi_attribute 25,1
   8              	 .eabi_attribute 26,1
   9              	 .eabi_attribute 30,6
  10              	 .eabi_attribute 34,1
  11              	 .eabi_attribute 18,4
  12              	 .file "syscalls.c"
  13              	 .text
  14              	.Ltext0:
  15              	 .cfi_sections .debug_frame
  16              	 .weak __dso_handle
  17              	 .section .bss.__dso_handle,"aw",%nobits
  18              	 .align 2
  21              	__dso_handle:
  22 0000 00000000 	 .space 4
  23              	 .section .bss.heap_ptr.0,"aw",%nobits
  24              	 .align 2
  27              	heap_ptr.0:
  28 0000 00000000 	 .space 4
  29              	 .section .text._sbrk,"ax",%progbits
  30              	 .align 1
  31              	 .global _sbrk
  32              	 .arch armv7e-m
  33              	 .syntax unified
  34              	 .thumb
  35              	 .thumb_func
  36              	 .fpu fpv4-sp-d16
  38              	_sbrk:
  39              	.LFB0:
  40              	 .file 1 "../Libraries/Newlib/syscalls.c"
   1:../Libraries/Newlib/syscalls.c **** /**
   2:../Libraries/Newlib/syscalls.c ****  * @file syscalls.c
   3:../Libraries/Newlib/syscalls.c ****  * @brief    Newlib stubs
   4:../Libraries/Newlib/syscalls.c ****  * @version  V1.8
   5:../Libraries/Newlib/syscalls.c ****  * @date 2019-09-21
   6:../Libraries/Newlib/syscalls.c ****  *
   7:../Libraries/Newlib/syscalls.c ****  * @cond
   8:../Libraries/Newlib/syscalls.c ****  *****************************************************************************
   9:../Libraries/Newlib/syscalls.c ****  * Copyright (c) 2015-2020, Infineon Technologies AG
  10:../Libraries/Newlib/syscalls.c ****  * All rights reserved.
  11:../Libraries/Newlib/syscalls.c ****  *
  12:../Libraries/Newlib/syscalls.c ****  * Boost Software License - Version 1.0 - August 17th, 2003
  13:../Libraries/Newlib/syscalls.c ****  *
  14:../Libraries/Newlib/syscalls.c ****  * Permission is hereby granted, free of charge, to any person or organization
  15:../Libraries/Newlib/syscalls.c ****  * obtaining a copy of the software and accompanying documentation covered by
  16:../Libraries/Newlib/syscalls.c ****  * this license (the "Software") to use, reproduce, display, distribute,
  17:../Libraries/Newlib/syscalls.c ****  * execute, and transmit the Software, and to prepare derivative works of the
  18:../Libraries/Newlib/syscalls.c ****  * Software, and to permit third-parties to whom the Software is furnished to
  19:../Libraries/Newlib/syscalls.c ****  * do so, all subject to the following:
  20:../Libraries/Newlib/syscalls.c ****  *
  21:../Libraries/Newlib/syscalls.c ****  * The copyright notices in the Software and this entire statement, including
  22:../Libraries/Newlib/syscalls.c ****  * the above license grant, this restriction and the following disclaimer,
  23:../Libraries/Newlib/syscalls.c ****  * must be included in all copies of the Software, in whole or in part, and
  24:../Libraries/Newlib/syscalls.c ****  * all derivative works of the Software, unless such copies or derivative
  25:../Libraries/Newlib/syscalls.c ****  * works are solely in the form of machine-executable object code generated by
  26:../Libraries/Newlib/syscalls.c ****  * a source language processor.
  27:../Libraries/Newlib/syscalls.c ****  *
  28:../Libraries/Newlib/syscalls.c ****  * THE SOFTWARE IS PROVIDED "AS IS", WITHOUT WARRANTY OF ANY KIND, EXPRESS OR
  29:../Libraries/Newlib/syscalls.c ****  * IMPLIED, INCLUDING BUT NOT LIMITED TO THE WARRANTIES OF MERCHANTABILITY,
  30:../Libraries/Newlib/syscalls.c ****  * FITNESS FOR A PARTICULAR PURPOSE, TITLE AND NON-INFRINGEMENT. IN NO EVENT
  31:../Libraries/Newlib/syscalls.c ****  * SHALL THE COPYRIGHT HOLDERS OR ANYONE DISTRIBUTING THE SOFTWARE BE LIABLE
  32:../Libraries/Newlib/syscalls.c ****  * FOR ANY DAMAGES OR OTHER LIABILITY, WHETHER IN CONTRACT, TORT OR OTHERWISE,
  33:../Libraries/Newlib/syscalls.c ****  * ARISING FROM, OUT OF OR IN CONNECTION WITH THE SOFTWARE OR THE USE OR OTHER
  34:../Libraries/Newlib/syscalls.c ****  * DEALINGS IN THE SOFTWARE.
  35:../Libraries/Newlib/syscalls.c ****  *
  36:../Libraries/Newlib/syscalls.c ****  * To improve the quality of the software, users are encouraged to share
  37:../Libraries/Newlib/syscalls.c ****  * modifications, enhancements or bug fixes with Infineon Technologies AG
  38:../Libraries/Newlib/syscalls.c ****  * at XMCSupport@infineon.com.
  39:../Libraries/Newlib/syscalls.c ****  *****************************************************************************
  40:../Libraries/Newlib/syscalls.c ****  *
  41:../Libraries/Newlib/syscalls.c ****  * *************************** Change history ********************************
  42:../Libraries/Newlib/syscalls.c ****  * V0.1                  : Initial version
  43:../Libraries/Newlib/syscalls.c ****  * V0.2                  : Label updates
  44:../Libraries/Newlib/syscalls.c ****  * V1.0                  : Made _sbrk device agnostic
  45:../Libraries/Newlib/syscalls.c ****  * V1.1                  : C++ support
  46:../Libraries/Newlib/syscalls.c ****  * V1.2                  : Restored compatibility with old project files
  47:../Libraries/Newlib/syscalls.c ****  * V1.3    Jan 2014, PKB : Encapsulating everything in this file for use only with GCC
  48:../Libraries/Newlib/syscalls.c ****  * V1.4 11 Dec 2015, JFT : Fix heap overflow
  49:../Libraries/Newlib/syscalls.c ****  * V1.5 09 Mar 2016, JFT : Add dso_handle to support destructors call at exit 
  50:../Libraries/Newlib/syscalls.c ****  * V1.6 20 Apr 2017, JFT : Foward declaration of __sbrk to fix link time optimization (-flto) compi
  51:../Libraries/Newlib/syscalls.c ****  * V1.7 21 Sep 2019, JFT : Fixed C++ compilation issues
  52:../Libraries/Newlib/syscalls.c ****  * V1.8 11 Nov 2020, JFT : Fix compilation with ARMCC
  53:../Libraries/Newlib/syscalls.c ****  * @endcond
  54:../Libraries/Newlib/syscalls.c ****  */
  55:../Libraries/Newlib/syscalls.c **** 
  56:../Libraries/Newlib/syscalls.c **** /*
  57:../Libraries/Newlib/syscalls.c ****  * This file contains stubs for standard C library functionality that must
  58:../Libraries/Newlib/syscalls.c ****  * typically be provided for the underlying platform.
  59:../Libraries/Newlib/syscalls.c ****  *
  60:../Libraries/Newlib/syscalls.c ****  */
  61:../Libraries/Newlib/syscalls.c **** #if defined ( __GNUC__ ) && !defined (__ARMCC_VERSION)
  62:../Libraries/Newlib/syscalls.c **** 
  63:../Libraries/Newlib/syscalls.c **** #include <stdint.h>
  64:../Libraries/Newlib/syscalls.c **** #include <errno.h>
  65:../Libraries/Newlib/syscalls.c **** #include <sys/types.h>
  66:../Libraries/Newlib/syscalls.c **** 
  67:../Libraries/Newlib/syscalls.c **** #ifdef __cplusplus
  68:../Libraries/Newlib/syscalls.c **** extern "C" {
  69:../Libraries/Newlib/syscalls.c **** #endif
  70:../Libraries/Newlib/syscalls.c **** 
  71:../Libraries/Newlib/syscalls.c **** /* Forward prototypes.  */
  72:../Libraries/Newlib/syscalls.c **** caddr_t _sbrk(int nbytes) __attribute__((externally_visible));
  73:../Libraries/Newlib/syscalls.c **** void _init(void) __attribute__((externally_visible));
  74:../Libraries/Newlib/syscalls.c **** 
  75:../Libraries/Newlib/syscalls.c **** #ifdef __cplusplus
  76:../Libraries/Newlib/syscalls.c **** }
  77:../Libraries/Newlib/syscalls.c **** #endif
  78:../Libraries/Newlib/syscalls.c **** 
  79:../Libraries/Newlib/syscalls.c **** /* c++ destructor dynamic shared object needed if -fuse-cxa-atexit is used*/
  80:../Libraries/Newlib/syscalls.c **** void *__dso_handle __attribute__ ((weak));
  81:../Libraries/Newlib/syscalls.c **** 
  82:../Libraries/Newlib/syscalls.c **** // defined in linker script
  83:../Libraries/Newlib/syscalls.c **** extern caddr_t Heap_Bank1_Start;
  84:../Libraries/Newlib/syscalls.c **** extern caddr_t Heap_Bank1_End;
  85:../Libraries/Newlib/syscalls.c **** caddr_t _sbrk(int nbytes)
  86:../Libraries/Newlib/syscalls.c **** {
  41              	 .loc 1 86 1
  42              	 .cfi_startproc
  43              	 
  44              	 
  45 0000 80B5     	 push {r7,lr}
  46              	.LCFI0:
  47              	 .cfi_def_cfa_offset 8
  48              	 .cfi_offset 7,-8
  49              	 .cfi_offset 14,-4
  50 0002 84B0     	 sub sp,sp,#16
  51              	.LCFI1:
  52              	 .cfi_def_cfa_offset 24
  53 0004 00AF     	 add r7,sp,#0
  54              	.LCFI2:
  55              	 .cfi_def_cfa_register 7
  56 0006 7860     	 str r0,[r7,#4]
  87:../Libraries/Newlib/syscalls.c ****   static caddr_t heap_ptr = NULL;
  88:../Libraries/Newlib/syscalls.c ****   caddr_t base;
  89:../Libraries/Newlib/syscalls.c **** 
  90:../Libraries/Newlib/syscalls.c ****   if (heap_ptr == NULL) {
  57              	 .loc 1 90 16
  58 0008 144B     	 ldr r3,.L5
  59 000a 1B68     	 ldr r3,[r3]
  60              	 .loc 1 90 6
  61 000c 002B     	 cmp r3,#0
  62 000e 02D1     	 bne .L2
  91:../Libraries/Newlib/syscalls.c ****     heap_ptr = (caddr_t)&Heap_Bank1_Start;
  63              	 .loc 1 91 14
  64 0010 124B     	 ldr r3,.L5
  65 0012 134A     	 ldr r2,.L5+4
  66 0014 1A60     	 str r2,[r3]
  67              	.L2:
  92:../Libraries/Newlib/syscalls.c ****   }
  93:../Libraries/Newlib/syscalls.c **** 
  94:../Libraries/Newlib/syscalls.c ****   base = heap_ptr;
  68              	 .loc 1 94 8
  69 0016 114B     	 ldr r3,.L5
  70 0018 1B68     	 ldr r3,[r3]
  71 001a FB60     	 str r3,[r7,#12]
  95:../Libraries/Newlib/syscalls.c **** 
  96:../Libraries/Newlib/syscalls.c ****   /* heap word alignment */
  97:../Libraries/Newlib/syscalls.c ****   nbytes = (nbytes + 3) & ~0x3U;
  72              	 .loc 1 97 20
  73 001c 7B68     	 ldr r3,[r7,#4]
  74 001e 0333     	 adds r3,r3,#3
  75              	 .loc 1 97 10
  76 0020 23F00303 	 bic r3,r3,#3
  77 0024 7B60     	 str r3,[r7,#4]
  98:../Libraries/Newlib/syscalls.c ****   if ((caddr_t)&Heap_Bank1_End > (heap_ptr + nbytes))
  78              	 .loc 1 98 44
  79 0026 0D4B     	 ldr r3,.L5
  80 0028 1A68     	 ldr r2,[r3]
  81 002a 7B68     	 ldr r3,[r7,#4]
  82 002c 1344     	 add r3,r3,r2
  83              	 .loc 1 98 6
  84 002e 0D4A     	 ldr r2,.L5+8
  85 0030 9342     	 cmp r3,r2
  86 0032 07D2     	 bcs .L3
  99:../Libraries/Newlib/syscalls.c ****   {
 100:../Libraries/Newlib/syscalls.c ****     heap_ptr += nbytes;
  87              	 .loc 1 100 14
  88 0034 094B     	 ldr r3,.L5
  89 0036 1A68     	 ldr r2,[r3]
  90 0038 7B68     	 ldr r3,[r7,#4]
  91 003a 1344     	 add r3,r3,r2
  92 003c 074A     	 ldr r2,.L5
  93 003e 1360     	 str r3,[r2]
 101:../Libraries/Newlib/syscalls.c ****     return (base);
  94              	 .loc 1 101 12
  95 0040 FB68     	 ldr r3,[r7,#12]
  96 0042 06E0     	 b .L4
  97              	.L3:
 102:../Libraries/Newlib/syscalls.c ****   }
 103:../Libraries/Newlib/syscalls.c ****   else
 104:../Libraries/Newlib/syscalls.c ****   {
 105:../Libraries/Newlib/syscalls.c ****     /* Heap overflow */
 106:../Libraries/Newlib/syscalls.c ****     errno = ENOMEM;
  98              	 .loc 1 106 5
  99 0044 FFF7FEFF 	 bl __errno
 100 0048 0346     	 mov r3,r0
 101              	 .loc 1 106 11
 102 004a 0C22     	 movs r2,#12
 103 004c 1A60     	 str r2,[r3]
 107:../Libraries/Newlib/syscalls.c ****     return ((caddr_t)-1);
 104              	 .loc 1 107 12
 105 004e 4FF0FF33 	 mov r3,#-1
 106              	.L4:
 108:../Libraries/Newlib/syscalls.c ****   }
 109:../Libraries/Newlib/syscalls.c **** }
 107              	 .loc 1 109 1
 108 0052 1846     	 mov r0,r3
 109 0054 1037     	 adds r7,r7,#16
 110              	.LCFI3:
 111              	 .cfi_def_cfa_offset 8
 112 0056 BD46     	 mov sp,r7
 113              	.LCFI4:
 114              	 .cfi_def_cfa_register 13
 115              	 
 116 0058 80BD     	 pop {r7,pc}
 117              	.L6:
 118 005a 00BF     	 .align 2
 119              	.L5:
 120 005c 00000000 	 .word heap_ptr.0
 121 0060 00000000 	 .word Heap_Bank1_Start
 122 0064 00000000 	 .word Heap_Bank1_End
 123              	 .cfi_endproc
 124              	.LFE0:
 126              	 .section .text._init,"ax",%progbits
 127              	 .align 1
 128              	 .global _init
 129              	 .syntax unified
 130              	 .thumb
 131              	 .thumb_func
 132              	 .fpu fpv4-sp-d16
 134              	_init:
 135              	.LFB1:
 110:../Libraries/Newlib/syscalls.c **** 
 111:../Libraries/Newlib/syscalls.c **** /* Init */
 112:../Libraries/Newlib/syscalls.c **** void _init(void)
 113:../Libraries/Newlib/syscalls.c **** {}
 136              	 .loc 1 113 1
 137              	 .cfi_startproc
 138              	 
 139              	 
 140              	 
 141 0000 80B4     	 push {r7}
 142              	.LCFI5:
 143              	 .cfi_def_cfa_offset 4
 144              	 .cfi_offset 7,-4
 145 0002 00AF     	 add r7,sp,#0
 146              	.LCFI6:
 147              	 .cfi_def_cfa_register 7
 148              	 .loc 1 113 2
 149 0004 00BF     	 nop
 150 0006 BD46     	 mov sp,r7
 151              	.LCFI7:
 152              	 .cfi_def_cfa_register 13
 153              	 
 154 0008 5DF8047B 	 ldr r7,[sp],#4
 155              	.LCFI8:
 156              	 .cfi_restore 7
 157              	 .cfi_def_cfa_offset 0
 158 000c 7047     	 bx lr
 159              	 .cfi_endproc
 160              	.LFE1:
 162              	 .text
 163              	.Letext0:
 164              	 .file 2 "c:\\program files (x86)\\gnu arm embedded toolchain\\10 2020-q4-major\\arm-none-eabi\\include\\sys\\types.h"
DEFINED SYMBOLS
                            *ABS*:00000000 syscalls.c
    {standard input}:21     .bss.__dso_handle:00000000 __dso_handle
    {standard input}:18     .bss.__dso_handle:00000000 $d
    {standard input}:24     .bss.heap_ptr.0:00000000 $d
    {standard input}:27     .bss.heap_ptr.0:00000000 heap_ptr.0
    {standard input}:30     .text._sbrk:00000000 $t
    {standard input}:38     .text._sbrk:00000000 _sbrk
    {standard input}:120    .text._sbrk:0000005c $d
    {standard input}:127    .text._init:00000000 $t
    {standard input}:134    .text._init:00000000 _init

UNDEFINED SYMBOLS
__errno
Heap_Bank1_Start
Heap_Bank1_End
