   1              	 .cpu cortex-m4
   2              	 .eabi_attribute 27,1
   3              	 .eabi_attribute 20,1
   4              	 .eabi_attribute 21,1
   5              	 .eabi_attribute 23,3
   6              	 .eabi_attribute 24,1
   7              	 .eabi_attribute 25,1
   8              	 .eabi_attribute 26,1
   9              	 .eabi_attribute 30,6
  10              	 .eabi_attribute 34,1
  11              	 .eabi_attribute 18,4
  12              	 .file "j1939.c"
  13              	 .text
  14              	.Ltext0:
  15              	 .cfi_sections .debug_frame
  16              	 .global CanCmd
  17              	 .section .bss.CanCmd,"aw",%nobits
  18              	 .align 2
  21              	CanCmd:
  22 0000 00000000 	 .space 9
  22      00000000 
  22      00
  23              	 .global CanPeriphControl
  24              	 .section .bss.CanPeriphControl,"aw",%nobits
  25              	 .align 2
  28              	CanPeriphControl:
  29 0000 00000000 	 .space 14
  29      00000000 
  29      00000000 
  29      0000
  30              	 .global CanTime
  31              	 .section .bss.CanTime,"aw",%nobits
  32              	 .align 2
  35              	CanTime:
  36 0000 00000000 	 .space 6
  36      0000
  37              	 .global VehicleSpeed
  38              	 .section .bss.VehicleSpeed,"aw",%nobits
  39              	 .align 1
  42              	VehicleSpeed:
  43 0000 0000     	 .space 2
  44              	 .global VehicleSpeedThreshold
  45              	 .section .bss.VehicleSpeedThreshold,"aw",%nobits
  46              	 .align 1
  49              	VehicleSpeedThreshold:
  50 0000 0000     	 .space 2
  51              	 .section .text.CAN0_3_IRQHandler,"ax",%progbits
  52              	 .align 1
  53              	 .global CAN0_3_IRQHandler
  54              	 .arch armv7e-m
  55              	 .syntax unified
  56              	 .thumb
  57              	 .thumb_func
  58              	 .fpu fpv4-sp-d16
  60              	CAN0_3_IRQHandler:
  61              	.LFB416:
  62              	 .file 1 "../MainAlg/Protocols/j1939.c"
   1:../MainAlg/Protocols/j1939.c **** /*
   2:../MainAlg/Protocols/j1939.c ****  * j1939.c
   3:../MainAlg/Protocols/j1939.c ****  *
   4:../MainAlg/Protocols/j1939.c ****  *  Created on: Jan 22, 2023
   5:../MainAlg/Protocols/j1939.c ****  *      Author: kendor
   6:../MainAlg/Protocols/j1939.c ****  *
   7:../MainAlg/Protocols/j1939.c ****  */
   8:../MainAlg/Protocols/j1939.c **** #include <DAVE.h>
   9:../MainAlg/Protocols/j1939.c **** #include "j1939.h"
  10:../MainAlg/Protocols/j1939.c **** #include <xmc_can.h>
  11:../MainAlg/Protocols/j1939.c **** #include "MainAlg/presets.h"
  12:../MainAlg/Protocols/j1939.c **** 
  13:../MainAlg/Protocols/j1939.c **** 
  14:../MainAlg/Protocols/j1939.c **** // CAN BASE_IDs
  15:../MainAlg/Protocols/j1939.c **** #define DSC1_ID_BASE 0x18B6CC27
  16:../MainAlg/Protocols/j1939.c **** #define DCS2_ID_BASE 0x18B7CC27
  17:../MainAlg/Protocols/j1939.c **** #define DCS3_ID_BASE 0x18EFCC27
  18:../MainAlg/Protocols/j1939.c **** // CAN GLOBAL_IDs
  19:../MainAlg/Protocols/j1939.c **** #define CCVS_ID 0x18FEF100
  20:../MainAlg/Protocols/j1939.c **** #define TD_ID 0x18FEE600
  21:../MainAlg/Protocols/j1939.c **** 
  22:../MainAlg/Protocols/j1939.c **** 
  23:../MainAlg/Protocols/j1939.c **** // CAN DSC1_MASKS
  24:../MainAlg/Protocols/j1939.c **** #define DSC1_OPEN_CMD_Msk (1UL<<0)
  25:../MainAlg/Protocols/j1939.c **** #define DSC1_CLOSE_CMD_Msk (1UL<<1)
  26:../MainAlg/Protocols/j1939.c **** 
  27:../MainAlg/Protocols/j1939.c **** #define DSC1_INTERN_PASSENGER_BUTTON_ON_Msk (1UL<<2)
  28:../MainAlg/Protocols/j1939.c **** #define DSC1_INTERN_PASSENGER_BUTTON_NON_Msk (1UL<<3)
  29:../MainAlg/Protocols/j1939.c **** 
  30:../MainAlg/Protocols/j1939.c **** #define DSC1_EXTERN_PASSENGER_BUTTON_ON_Msk (1UL<<4)
  31:../MainAlg/Protocols/j1939.c **** #define DSC1_EXTERN_PASSENGER_BUTTON_NON_Msk (1UL<<5)
  32:../MainAlg/Protocols/j1939.c **** 
  33:../MainAlg/Protocols/j1939.c **** #define DSC1_OPEN_DRIVER_DOOR_Msk (1UL<<6)
  34:../MainAlg/Protocols/j1939.c **** #define DSC1_CLOSE_DRIVER_DOOR_Msk (1UL<<7)
  35:../MainAlg/Protocols/j1939.c **** 
  36:../MainAlg/Protocols/j1939.c **** #define DSC1_IGNITION_ON_Msk (1UL<<8)
  37:../MainAlg/Protocols/j1939.c **** #define DSC1_IGNITION_NON_Msk (1UL<<9)
  38:../MainAlg/Protocols/j1939.c **** 
  39:../MainAlg/Protocols/j1939.c **** #define DSC1_LINK_ON_Msk (1UL<<10)
  40:../MainAlg/Protocols/j1939.c **** #define DSC1_LINK_NON_Msk (1UL<<11)
  41:../MainAlg/Protocols/j1939.c **** 
  42:../MainAlg/Protocols/j1939.c **** #define DSC1_PARKING_LIGHTS_ON_Msk (1UL<<12)
  43:../MainAlg/Protocols/j1939.c **** #define DSC1_PARKING_LIGHTS_NON_Msk (1UL<<13)
  44:../MainAlg/Protocols/j1939.c **** 
  45:../MainAlg/Protocols/j1939.c **** // etc..............................
  46:../MainAlg/Protocols/j1939.c **** 
  47:../MainAlg/Protocols/j1939.c **** 
  48:../MainAlg/Protocols/j1939.c **** // Public vars
  49:../MainAlg/Protocols/j1939.c **** CAN_CMD_t CanCmd;
  50:../MainAlg/Protocols/j1939.c **** CAN_Periph_ctrl_t CanPeriphControl;
  51:../MainAlg/Protocols/j1939.c **** CAN_Time_t CanTime;
  52:../MainAlg/Protocols/j1939.c **** 
  53:../MainAlg/Protocols/j1939.c **** 
  54:../MainAlg/Protocols/j1939.c **** // private vars
  55:../MainAlg/Protocols/j1939.c **** uint16_t VehicleSpeed;
  56:../MainAlg/Protocols/j1939.c **** uint16_t VehicleSpeedThreshold;
  57:../MainAlg/Protocols/j1939.c **** 
  58:../MainAlg/Protocols/j1939.c **** void DSC1IsrHandler(void)
  59:../MainAlg/Protocols/j1939.c **** {
  63              	 .loc 1 59 1
  64              	 .cfi_startproc
  65              	 
  66              	 
  67              	 
  68 0000 80B4     	 push {r7}
  69              	.LCFI0:
  70              	 .cfi_def_cfa_offset 4
  71              	 .cfi_offset 7,-4
  72 0002 85B0     	 sub sp,sp,#20
  73              	.LCFI1:
  74              	 .cfi_def_cfa_offset 24
  75 0004 00AF     	 add r7,sp,#0
  76              	.LCFI2:
  77              	 .cfi_def_cfa_register 7
  60:../MainAlg/Protocols/j1939.c **** 	XMC_CAN_MO_t* Msg;
  61:../MainAlg/Protocols/j1939.c **** 	Msg = CAN_EXT_LMO_01_Config.mo_ptr;
  78              	 .loc 1 61 6
  79 0006 584B     	 ldr r3,.L21
  80 0008 1B68     	 ldr r3,[r3]
  81 000a FB60     	 str r3,[r7,#12]
  62:../MainAlg/Protocols/j1939.c **** 
  63:../MainAlg/Protocols/j1939.c **** 	uint32_t data[2] = {0,0};
  82              	 .loc 1 63 11
  83 000c 0023     	 movs r3,#0
  84 000e 7B60     	 str r3,[r7,#4]
  85 0010 0023     	 movs r3,#0
  86 0012 BB60     	 str r3,[r7,#8]
  64:../MainAlg/Protocols/j1939.c **** 
  65:../MainAlg/Protocols/j1939.c **** 	if(Msg->can_identifier == (DSC1_ID_BASE + ((Presets.DOOR_NUMBER - 1) * 0x0100)) )
  87              	 .loc 1 65 8
  88 0014 FB68     	 ldr r3,[r7,#12]
  89 0016 5B68     	 ldr r3,[r3,#4]
  90 0018 C3F31C03 	 ubfx r3,r3,#0,#29
  91 001c 1946     	 mov r1,r3
  92              	 .loc 1 65 53
  93 001e 534B     	 ldr r3,.L21+4
  94 0020 9B68     	 ldr r3,[r3,#8]
  95              	 .loc 1 65 66
  96 0022 013B     	 subs r3,r3,#1
  97              	 .loc 1 65 71
  98 0024 1A02     	 lsls r2,r3,#8
  99              	 .loc 1 65 42
 100 0026 524B     	 ldr r3,.L21+8
 101 0028 1344     	 add r3,r3,r2
 102              	 .loc 1 65 4
 103 002a 9942     	 cmp r1,r3
 104 002c 02D1     	 bne .L2
  66:../MainAlg/Protocols/j1939.c **** 	{
  67:../MainAlg/Protocols/j1939.c **** 		data[0] = Msg->can_data[0];
 105              	 .loc 1 67 26
 106 002e FB68     	 ldr r3,[r7,#12]
 107 0030 1B69     	 ldr r3,[r3,#16]
 108              	 .loc 1 67 11
 109 0032 7B60     	 str r3,[r7,#4]
 110              	.L2:
  68:../MainAlg/Protocols/j1939.c **** 		//data[1] = Msg->can_data[1];
  69:../MainAlg/Protocols/j1939.c **** 	}
  70:../MainAlg/Protocols/j1939.c **** 	//Parce to CanCmd struct
  71:../MainAlg/Protocols/j1939.c **** 
  72:../MainAlg/Protocols/j1939.c **** 
  73:../MainAlg/Protocols/j1939.c **** 	if((data[0] & DSC1_CLOSE_CMD_Msk) && !(data[0] & DSC1_OPEN_CMD_Msk))
 111              	 .loc 1 73 10
 112 0034 7B68     	 ldr r3,[r7,#4]
 113              	 .loc 1 73 14
 114 0036 03F00203 	 and r3,r3,#2
 115              	 .loc 1 73 4
 116 003a 002B     	 cmp r3,#0
 117 003c 08D0     	 beq .L3
 118              	 .loc 1 73 45 discriminator 1
 119 003e 7B68     	 ldr r3,[r7,#4]
 120              	 .loc 1 73 49 discriminator 1
 121 0040 03F00103 	 and r3,r3,#1
 122              	 .loc 1 73 36 discriminator 1
 123 0044 002B     	 cmp r3,#0
 124 0046 03D1     	 bne .L3
  74:../MainAlg/Protocols/j1939.c **** 	{
  75:../MainAlg/Protocols/j1939.c **** 		CanCmd.close = 1;
 125              	 .loc 1 75 16
 126 0048 4A4B     	 ldr r3,.L21+12
 127 004a 0122     	 movs r2,#1
 128 004c 1A70     	 strb r2,[r3]
 129 004e 02E0     	 b .L4
 130              	.L3:
  76:../MainAlg/Protocols/j1939.c **** 	}
  77:../MainAlg/Protocols/j1939.c **** 	else
  78:../MainAlg/Protocols/j1939.c **** 	{
  79:../MainAlg/Protocols/j1939.c **** 		CanCmd.close = 0;
 131              	 .loc 1 79 16
 132 0050 484B     	 ldr r3,.L21+12
 133 0052 0022     	 movs r2,#0
 134 0054 1A70     	 strb r2,[r3]
 135              	.L4:
  80:../MainAlg/Protocols/j1939.c **** 	}
  81:../MainAlg/Protocols/j1939.c **** 
  82:../MainAlg/Protocols/j1939.c **** 	if((data[0] & DSC1_OPEN_CMD_Msk) && !(data[0] & DSC1_CLOSE_CMD_Msk))
 136              	 .loc 1 82 10
 137 0056 7B68     	 ldr r3,[r7,#4]
 138              	 .loc 1 82 14
 139 0058 03F00103 	 and r3,r3,#1
 140              	 .loc 1 82 4
 141 005c 002B     	 cmp r3,#0
 142 005e 08D0     	 beq .L5
 143              	 .loc 1 82 44 discriminator 1
 144 0060 7B68     	 ldr r3,[r7,#4]
 145              	 .loc 1 82 48 discriminator 1
 146 0062 03F00203 	 and r3,r3,#2
 147              	 .loc 1 82 35 discriminator 1
 148 0066 002B     	 cmp r3,#0
 149 0068 03D1     	 bne .L5
  83:../MainAlg/Protocols/j1939.c **** 	{
  84:../MainAlg/Protocols/j1939.c **** 		CanCmd.open = 1;
 150              	 .loc 1 84 15
 151 006a 424B     	 ldr r3,.L21+12
 152 006c 0122     	 movs r2,#1
 153 006e 5A70     	 strb r2,[r3,#1]
 154 0070 02E0     	 b .L6
 155              	.L5:
  85:../MainAlg/Protocols/j1939.c **** 	}
  86:../MainAlg/Protocols/j1939.c **** 	else
  87:../MainAlg/Protocols/j1939.c **** 	{
  88:../MainAlg/Protocols/j1939.c **** 		CanCmd.open = 0;
 156              	 .loc 1 88 15
 157 0072 404B     	 ldr r3,.L21+12
 158 0074 0022     	 movs r2,#0
 159 0076 5A70     	 strb r2,[r3,#1]
 160              	.L6:
  89:../MainAlg/Protocols/j1939.c **** 	}
  90:../MainAlg/Protocols/j1939.c **** 
  91:../MainAlg/Protocols/j1939.c **** 	if( ((data[0] & DSC1_EXTERN_PASSENGER_BUTTON_ON_Msk) && !(data[0] & DSC1_EXTERN_PASSENGER_BUTTON_N
 161              	 .loc 1 91 12
 162 0078 7B68     	 ldr r3,[r7,#4]
 163              	 .loc 1 91 16
 164 007a 03F01003 	 and r3,r3,#16
 165              	 .loc 1 91 4
 166 007e 002B     	 cmp r3,#0
 167 0080 04D0     	 beq .L7
 168              	 .loc 1 91 64 discriminator 1
 169 0082 7B68     	 ldr r3,[r7,#4]
 170              	 .loc 1 91 68 discriminator 1
 171 0084 03F02003 	 and r3,r3,#32
 172              	 .loc 1 91 55 discriminator 1
 173 0088 002B     	 cmp r3,#0
 174 008a 09D0     	 beq .L8
 175              	.L7:
  92:../MainAlg/Protocols/j1939.c **** 		((data[0] & DSC1_INTERN_PASSENGER_BUTTON_ON_Msk) && !(data[0] & DSC1_INTERN_PASSENGER_BUTTON_NON_
 176              	 .loc 1 92 9 discriminator 3
 177 008c 7B68     	 ldr r3,[r7,#4]
 178              	 .loc 1 92 13 discriminator 3
 179 008e 03F00403 	 and r3,r3,#4
  91:../MainAlg/Protocols/j1939.c **** 		((data[0] & DSC1_INTERN_PASSENGER_BUTTON_ON_Msk) && !(data[0] & DSC1_INTERN_PASSENGER_BUTTON_NON_
 180              	 .loc 1 91 109 discriminator 3
 181 0092 002B     	 cmp r3,#0
 182 0094 08D0     	 beq .L9
 183              	 .loc 1 92 61
 184 0096 7B68     	 ldr r3,[r7,#4]
 185              	 .loc 1 92 65
 186 0098 03F00803 	 and r3,r3,#8
 187              	 .loc 1 92 52
 188 009c 002B     	 cmp r3,#0
 189 009e 03D1     	 bne .L9
 190              	.L8:
  93:../MainAlg/Protocols/j1939.c **** 	{
  94:../MainAlg/Protocols/j1939.c **** 		CanCmd.passengersButtonEn = 1;
 191              	 .loc 1 94 29
 192 00a0 344B     	 ldr r3,.L21+12
 193 00a2 0122     	 movs r2,#1
 194 00a4 9A70     	 strb r2,[r3,#2]
 195 00a6 02E0     	 b .L10
 196              	.L9:
  95:../MainAlg/Protocols/j1939.c **** 	}
  96:../MainAlg/Protocols/j1939.c **** 	else
  97:../MainAlg/Protocols/j1939.c **** 	{
  98:../MainAlg/Protocols/j1939.c **** 		CanCmd.passengersButtonEn = 0;
 197              	 .loc 1 98 29
 198 00a8 324B     	 ldr r3,.L21+12
 199 00aa 0022     	 movs r2,#0
 200 00ac 9A70     	 strb r2,[r3,#2]
 201              	.L10:
  99:../MainAlg/Protocols/j1939.c **** 	}
 100:../MainAlg/Protocols/j1939.c **** 
 101:../MainAlg/Protocols/j1939.c **** 	if((data[0] & DSC1_OPEN_DRIVER_DOOR_Msk) && !(data[0] & DSC1_CLOSE_DRIVER_DOOR_Msk))
 202              	 .loc 1 101 10
 203 00ae 7B68     	 ldr r3,[r7,#4]
 204              	 .loc 1 101 14
 205 00b0 03F04003 	 and r3,r3,#64
 206              	 .loc 1 101 4
 207 00b4 002B     	 cmp r3,#0
 208 00b6 08D0     	 beq .L11
 209              	 .loc 1 101 52 discriminator 1
 210 00b8 7B68     	 ldr r3,[r7,#4]
 211              	 .loc 1 101 56 discriminator 1
 212 00ba 03F08003 	 and r3,r3,#128
 213              	 .loc 1 101 43 discriminator 1
 214 00be 002B     	 cmp r3,#0
 215 00c0 03D1     	 bne .L11
 102:../MainAlg/Protocols/j1939.c **** 	{
 103:../MainAlg/Protocols/j1939.c **** 		CanCmd.openDriverDoor = 1;
 216              	 .loc 1 103 25
 217 00c2 2C4B     	 ldr r3,.L21+12
 218 00c4 0122     	 movs r2,#1
 219 00c6 DA70     	 strb r2,[r3,#3]
 220 00c8 02E0     	 b .L12
 221              	.L11:
 104:../MainAlg/Protocols/j1939.c **** 	}
 105:../MainAlg/Protocols/j1939.c **** 	else
 106:../MainAlg/Protocols/j1939.c **** 	{
 107:../MainAlg/Protocols/j1939.c **** 		CanCmd.openDriverDoor = 0;
 222              	 .loc 1 107 25
 223 00ca 2A4B     	 ldr r3,.L21+12
 224 00cc 0022     	 movs r2,#0
 225 00ce DA70     	 strb r2,[r3,#3]
 226              	.L12:
 108:../MainAlg/Protocols/j1939.c **** 	}
 109:../MainAlg/Protocols/j1939.c **** 
 110:../MainAlg/Protocols/j1939.c **** 	if((data[0] & DSC1_CLOSE_DRIVER_DOOR_Msk) && !(data[0] & DSC1_OPEN_DRIVER_DOOR_Msk))
 227              	 .loc 1 110 10
 228 00d0 7B68     	 ldr r3,[r7,#4]
 229              	 .loc 1 110 14
 230 00d2 03F08003 	 and r3,r3,#128
 231              	 .loc 1 110 4
 232 00d6 002B     	 cmp r3,#0
 233 00d8 08D0     	 beq .L13
 234              	 .loc 1 110 53 discriminator 1
 235 00da 7B68     	 ldr r3,[r7,#4]
 236              	 .loc 1 110 57 discriminator 1
 237 00dc 03F04003 	 and r3,r3,#64
 238              	 .loc 1 110 44 discriminator 1
 239 00e0 002B     	 cmp r3,#0
 240 00e2 03D1     	 bne .L13
 111:../MainAlg/Protocols/j1939.c **** 	{
 112:../MainAlg/Protocols/j1939.c **** 		CanCmd.closeDriverDoor = 1;
 241              	 .loc 1 112 26
 242 00e4 234B     	 ldr r3,.L21+12
 243 00e6 0122     	 movs r2,#1
 244 00e8 1A71     	 strb r2,[r3,#4]
 245 00ea 02E0     	 b .L14
 246              	.L13:
 113:../MainAlg/Protocols/j1939.c **** 	}
 114:../MainAlg/Protocols/j1939.c **** 	else
 115:../MainAlg/Protocols/j1939.c **** 	{
 116:../MainAlg/Protocols/j1939.c **** 		CanCmd.closeDriverDoor = 0;
 247              	 .loc 1 116 26
 248 00ec 214B     	 ldr r3,.L21+12
 249 00ee 0022     	 movs r2,#0
 250 00f0 1A71     	 strb r2,[r3,#4]
 251              	.L14:
 117:../MainAlg/Protocols/j1939.c **** 	}
 118:../MainAlg/Protocols/j1939.c **** 
 119:../MainAlg/Protocols/j1939.c **** 	if((data[0] & DSC1_IGNITION_ON_Msk) && !(data[0] & DSC1_IGNITION_NON_Msk))
 252              	 .loc 1 119 10
 253 00f2 7B68     	 ldr r3,[r7,#4]
 254              	 .loc 1 119 14
 255 00f4 03F48073 	 and r3,r3,#256
 256              	 .loc 1 119 4
 257 00f8 002B     	 cmp r3,#0
 258 00fa 08D0     	 beq .L15
 259              	 .loc 1 119 47 discriminator 1
 260 00fc 7B68     	 ldr r3,[r7,#4]
 261              	 .loc 1 119 51 discriminator 1
 262 00fe 03F40073 	 and r3,r3,#512
 263              	 .loc 1 119 38 discriminator 1
 264 0102 002B     	 cmp r3,#0
 265 0104 03D1     	 bne .L15
 120:../MainAlg/Protocols/j1939.c **** 	{
 121:../MainAlg/Protocols/j1939.c **** 		CanCmd.ignitionOn = 1;
 266              	 .loc 1 121 21
 267 0106 1B4B     	 ldr r3,.L21+12
 268 0108 0122     	 movs r2,#1
 269 010a 5A71     	 strb r2,[r3,#5]
 270 010c 02E0     	 b .L16
 271              	.L15:
 122:../MainAlg/Protocols/j1939.c **** 	}
 123:../MainAlg/Protocols/j1939.c **** 	else
 124:../MainAlg/Protocols/j1939.c **** 	{
 125:../MainAlg/Protocols/j1939.c **** 		CanCmd.ignitionOn = 0;
 272              	 .loc 1 125 21
 273 010e 194B     	 ldr r3,.L21+12
 274 0110 0022     	 movs r2,#0
 275 0112 5A71     	 strb r2,[r3,#5]
 276              	.L16:
 126:../MainAlg/Protocols/j1939.c **** 	}
 127:../MainAlg/Protocols/j1939.c **** 
 128:../MainAlg/Protocols/j1939.c **** 	if((data[0] & DSC1_LINK_ON_Msk) && !(data[0] & DSC1_LINK_NON_Msk))
 277              	 .loc 1 128 10
 278 0114 7B68     	 ldr r3,[r7,#4]
 279              	 .loc 1 128 14
 280 0116 03F48063 	 and r3,r3,#1024
 281              	 .loc 1 128 4
 282 011a 002B     	 cmp r3,#0
 283 011c 08D0     	 beq .L17
 284              	 .loc 1 128 43 discriminator 1
 285 011e 7B68     	 ldr r3,[r7,#4]
 286              	 .loc 1 128 47 discriminator 1
 287 0120 03F40063 	 and r3,r3,#2048
 288              	 .loc 1 128 34 discriminator 1
 289 0124 002B     	 cmp r3,#0
 290 0126 03D1     	 bne .L17
 129:../MainAlg/Protocols/j1939.c **** 	{
 130:../MainAlg/Protocols/j1939.c **** 		CanCmd.linkOn = 1;
 291              	 .loc 1 130 17
 292 0128 124B     	 ldr r3,.L21+12
 293 012a 0122     	 movs r2,#1
 294 012c 9A71     	 strb r2,[r3,#6]
 295 012e 02E0     	 b .L18
 296              	.L17:
 131:../MainAlg/Protocols/j1939.c **** 	}
 132:../MainAlg/Protocols/j1939.c **** 	else
 133:../MainAlg/Protocols/j1939.c **** 	{
 134:../MainAlg/Protocols/j1939.c **** 		CanCmd.linkOn = 0;
 297              	 .loc 1 134 17
 298 0130 104B     	 ldr r3,.L21+12
 299 0132 0022     	 movs r2,#0
 300 0134 9A71     	 strb r2,[r3,#6]
 301              	.L18:
 135:../MainAlg/Protocols/j1939.c **** 	}
 136:../MainAlg/Protocols/j1939.c **** 
 137:../MainAlg/Protocols/j1939.c **** 	if((data[0] & DSC1_PARKING_LIGHTS_ON_Msk) && !(data[0] & DSC1_PARKING_LIGHTS_NON_Msk))
 302              	 .loc 1 137 10
 303 0136 7B68     	 ldr r3,[r7,#4]
 304              	 .loc 1 137 14
 305 0138 03F48053 	 and r3,r3,#4096
 306              	 .loc 1 137 4
 307 013c 002B     	 cmp r3,#0
 308 013e 08D0     	 beq .L19
 309              	 .loc 1 137 53 discriminator 1
 310 0140 7B68     	 ldr r3,[r7,#4]
 311              	 .loc 1 137 57 discriminator 1
 312 0142 03F40053 	 and r3,r3,#8192
 313              	 .loc 1 137 44 discriminator 1
 314 0146 002B     	 cmp r3,#0
 315 0148 03D1     	 bne .L19
 138:../MainAlg/Protocols/j1939.c **** 	{
 139:../MainAlg/Protocols/j1939.c **** 		CanCmd.parkingLightsEn = 1;
 316              	 .loc 1 139 26
 317 014a 0A4B     	 ldr r3,.L21+12
 318 014c 0122     	 movs r2,#1
 319 014e DA71     	 strb r2,[r3,#7]
 320 0150 03E0     	 b .L20
 321              	.L19:
 140:../MainAlg/Protocols/j1939.c **** 	}
 141:../MainAlg/Protocols/j1939.c **** 	else
 142:../MainAlg/Protocols/j1939.c **** 	{
 143:../MainAlg/Protocols/j1939.c **** 		CanCmd.parkingLightsEn = 0;
 322              	 .loc 1 143 26
 323 0152 084B     	 ldr r3,.L21+12
 324 0154 0022     	 movs r2,#0
 325 0156 DA71     	 strb r2,[r3,#7]
 144:../MainAlg/Protocols/j1939.c **** 	}
 145:../MainAlg/Protocols/j1939.c **** }
 326              	 .loc 1 145 1
 327 0158 00BF     	 nop
 328              	.L20:
 329 015a 00BF     	 nop
 330 015c 1437     	 adds r7,r7,#20
 331              	.LCFI3:
 332              	 .cfi_def_cfa_offset 4
 333 015e BD46     	 mov sp,r7
 334              	.LCFI4:
 335              	 .cfi_def_cfa_register 13
 336              	 
 337 0160 5DF8047B 	 ldr r7,[sp],#4
 338              	.LCFI5:
 339              	 .cfi_restore 7
 340              	 .cfi_def_cfa_offset 0
 341 0164 7047     	 bx lr
 342              	.L22:
 343 0166 00BF     	 .align 2
 344              	.L21:
 345 0168 00000000 	 .word CAN_EXT_LMO_01_Config
 346 016c 00000000 	 .word Presets
 347 0170 27CCB618 	 .word 414632999
 348 0174 00000000 	 .word CanCmd
 349              	 .cfi_endproc
 350              	.LFE416:
 352              	 .section .text.CAN0_5_IRQHandler,"ax",%progbits
 353              	 .align 1
 354              	 .global CAN0_5_IRQHandler
 355              	 .syntax unified
 356              	 .thumb
 357              	 .thumb_func
 358              	 .fpu fpv4-sp-d16
 360              	CAN0_5_IRQHandler:
 361              	.LFB417:
 146:../MainAlg/Protocols/j1939.c **** 
 147:../MainAlg/Protocols/j1939.c **** void DSC2IsrHandler (void)
 148:../MainAlg/Protocols/j1939.c **** {
 362              	 .loc 1 148 1
 363              	 .cfi_startproc
 364              	 
 365              	 
 366              	 
 367 0000 80B4     	 push {r7}
 368              	.LCFI6:
 369              	 .cfi_def_cfa_offset 4
 370              	 .cfi_offset 7,-4
 371 0002 85B0     	 sub sp,sp,#20
 372              	.LCFI7:
 373              	 .cfi_def_cfa_offset 24
 374 0004 00AF     	 add r7,sp,#0
 375              	.LCFI8:
 376              	 .cfi_def_cfa_register 7
 149:../MainAlg/Protocols/j1939.c **** 	XMC_CAN_MO_t* Msg;
 150:../MainAlg/Protocols/j1939.c **** 	Msg = CAN_EXT_LMO_02_Config.mo_ptr;
 377              	 .loc 1 150 6
 378 0006 104B     	 ldr r3,.L26
 379 0008 1B68     	 ldr r3,[r3]
 380 000a FB60     	 str r3,[r7,#12]
 151:../MainAlg/Protocols/j1939.c **** 
 152:../MainAlg/Protocols/j1939.c **** 	uint32_t data[2] = {0,0};
 381              	 .loc 1 152 11
 382 000c 0023     	 movs r3,#0
 383 000e 7B60     	 str r3,[r7,#4]
 384 0010 0023     	 movs r3,#0
 385 0012 BB60     	 str r3,[r7,#8]
 153:../MainAlg/Protocols/j1939.c **** 
 154:../MainAlg/Protocols/j1939.c **** 	if(Msg->can_identifier == (DCS2_ID_BASE + ((Presets.DOOR_NUMBER - 1) * 0x0100)) )
 386              	 .loc 1 154 8
 387 0014 FB68     	 ldr r3,[r7,#12]
 388 0016 5B68     	 ldr r3,[r3,#4]
 389 0018 C3F31C03 	 ubfx r3,r3,#0,#29
 390 001c 1946     	 mov r1,r3
 391              	 .loc 1 154 53
 392 001e 0B4B     	 ldr r3,.L26+4
 393 0020 9B68     	 ldr r3,[r3,#8]
 394              	 .loc 1 154 66
 395 0022 013B     	 subs r3,r3,#1
 396              	 .loc 1 154 71
 397 0024 1A02     	 lsls r2,r3,#8
 398              	 .loc 1 154 42
 399 0026 0A4B     	 ldr r3,.L26+8
 400 0028 1344     	 add r3,r3,r2
 401              	 .loc 1 154 4
 402 002a 9942     	 cmp r1,r3
 403 002c 05D1     	 bne .L25
 155:../MainAlg/Protocols/j1939.c **** 	{
 156:../MainAlg/Protocols/j1939.c **** 		data[0] = Msg->can_data[0];
 404              	 .loc 1 156 26
 405 002e FB68     	 ldr r3,[r7,#12]
 406 0030 1B69     	 ldr r3,[r3,#16]
 407              	 .loc 1 156 11
 408 0032 7B60     	 str r3,[r7,#4]
 157:../MainAlg/Protocols/j1939.c **** 		data[1] = Msg->can_data[1];
 409              	 .loc 1 157 26
 410 0034 FB68     	 ldr r3,[r7,#12]
 411 0036 5B69     	 ldr r3,[r3,#20]
 412              	 .loc 1 157 11
 413 0038 BB60     	 str r3,[r7,#8]
 414              	.L25:
 158:../MainAlg/Protocols/j1939.c **** 	}
 159:../MainAlg/Protocols/j1939.c **** 
 160:../MainAlg/Protocols/j1939.c **** 	// Parce to CanPeriphControl struct
 161:../MainAlg/Protocols/j1939.c **** }
 415              	 .loc 1 161 1
 416 003a 00BF     	 nop
 417 003c 1437     	 adds r7,r7,#20
 418              	.LCFI9:
 419              	 .cfi_def_cfa_offset 4
 420 003e BD46     	 mov sp,r7
 421              	.LCFI10:
 422              	 .cfi_def_cfa_register 13
 423              	 
 424 0040 5DF8047B 	 ldr r7,[sp],#4
 425              	.LCFI11:
 426              	 .cfi_restore 7
 427              	 .cfi_def_cfa_offset 0
 428 0044 7047     	 bx lr
 429              	.L27:
 430 0046 00BF     	 .align 2
 431              	.L26:
 432 0048 00000000 	 .word CAN_EXT_LMO_02_Config
 433 004c 00000000 	 .word Presets
 434 0050 27CCB718 	 .word 414698535
 435              	 .cfi_endproc
 436              	.LFE417:
 438              	 .section .text.CAN0_6_IRQHandler,"ax",%progbits
 439              	 .align 1
 440              	 .global CAN0_6_IRQHandler
 441              	 .syntax unified
 442              	 .thumb
 443              	 .thumb_func
 444              	 .fpu fpv4-sp-d16
 446              	CAN0_6_IRQHandler:
 447              	.LFB418:
 162:../MainAlg/Protocols/j1939.c **** 
 163:../MainAlg/Protocols/j1939.c **** 
 164:../MainAlg/Protocols/j1939.c **** void DSC3IsrHandler (void)
 165:../MainAlg/Protocols/j1939.c **** {
 448              	 .loc 1 165 1
 449              	 .cfi_startproc
 450              	 
 451              	 
 452              	 
 453 0000 80B4     	 push {r7}
 454              	.LCFI12:
 455              	 .cfi_def_cfa_offset 4
 456              	 .cfi_offset 7,-4
 457 0002 85B0     	 sub sp,sp,#20
 458              	.LCFI13:
 459              	 .cfi_def_cfa_offset 24
 460 0004 00AF     	 add r7,sp,#0
 461              	.LCFI14:
 462              	 .cfi_def_cfa_register 7
 166:../MainAlg/Protocols/j1939.c **** 	XMC_CAN_MO_t* Msg;
 167:../MainAlg/Protocols/j1939.c **** 	Msg = CAN_EXT_LMO_03_Config.mo_ptr;
 463              	 .loc 1 167 6
 464 0006 104B     	 ldr r3,.L31
 465 0008 1B68     	 ldr r3,[r3]
 466 000a FB60     	 str r3,[r7,#12]
 168:../MainAlg/Protocols/j1939.c **** 
 169:../MainAlg/Protocols/j1939.c **** 	uint32_t data[2] = {0,0};
 467              	 .loc 1 169 11
 468 000c 0023     	 movs r3,#0
 469 000e 7B60     	 str r3,[r7,#4]
 470 0010 0023     	 movs r3,#0
 471 0012 BB60     	 str r3,[r7,#8]
 170:../MainAlg/Protocols/j1939.c **** 
 171:../MainAlg/Protocols/j1939.c **** 	if(Msg->can_identifier == (DCS3_ID_BASE + ((Presets.DOOR_NUMBER - 1) * 0x0100)) )
 472              	 .loc 1 171 8
 473 0014 FB68     	 ldr r3,[r7,#12]
 474 0016 5B68     	 ldr r3,[r3,#4]
 475 0018 C3F31C03 	 ubfx r3,r3,#0,#29
 476 001c 1946     	 mov r1,r3
 477              	 .loc 1 171 53
 478 001e 0B4B     	 ldr r3,.L31+4
 479 0020 9B68     	 ldr r3,[r3,#8]
 480              	 .loc 1 171 66
 481 0022 013B     	 subs r3,r3,#1
 482              	 .loc 1 171 71
 483 0024 1A02     	 lsls r2,r3,#8
 484              	 .loc 1 171 42
 485 0026 0A4B     	 ldr r3,.L31+8
 486 0028 1344     	 add r3,r3,r2
 487              	 .loc 1 171 4
 488 002a 9942     	 cmp r1,r3
 489 002c 05D1     	 bne .L30
 172:../MainAlg/Protocols/j1939.c **** 	{
 173:../MainAlg/Protocols/j1939.c **** 		data[0] = Msg->can_data[0];
 490              	 .loc 1 173 26
 491 002e FB68     	 ldr r3,[r7,#12]
 492 0030 1B69     	 ldr r3,[r3,#16]
 493              	 .loc 1 173 11
 494 0032 7B60     	 str r3,[r7,#4]
 174:../MainAlg/Protocols/j1939.c **** 		data[1] = Msg->can_data[1];
 495              	 .loc 1 174 26
 496 0034 FB68     	 ldr r3,[r7,#12]
 497 0036 5B69     	 ldr r3,[r3,#20]
 498              	 .loc 1 174 11
 499 0038 BB60     	 str r3,[r7,#8]
 500              	.L30:
 175:../MainAlg/Protocols/j1939.c **** 	}
 176:../MainAlg/Protocols/j1939.c **** 
 177:../MainAlg/Protocols/j1939.c **** 	// don't parce yet. Need to think how it can be doing
 178:../MainAlg/Protocols/j1939.c **** }
 501              	 .loc 1 178 1
 502 003a 00BF     	 nop
 503 003c 1437     	 adds r7,r7,#20
 504              	.LCFI15:
 505              	 .cfi_def_cfa_offset 4
 506 003e BD46     	 mov sp,r7
 507              	.LCFI16:
 508              	 .cfi_def_cfa_register 13
 509              	 
 510 0040 5DF8047B 	 ldr r7,[sp],#4
 511              	.LCFI17:
 512              	 .cfi_restore 7
 513              	 .cfi_def_cfa_offset 0
 514 0044 7047     	 bx lr
 515              	.L32:
 516 0046 00BF     	 .align 2
 517              	.L31:
 518 0048 00000000 	 .word CAN_EXT_LMO_03_Config
 519 004c 00000000 	 .word Presets
 520 0050 27CCEF18 	 .word 418368551
 521              	 .cfi_endproc
 522              	.LFE418:
 524              	 .section .text.CAN0_2_IRQHandler,"ax",%progbits
 525              	 .align 1
 526              	 .global CAN0_2_IRQHandler
 527              	 .syntax unified
 528              	 .thumb
 529              	 .thumb_func
 530              	 .fpu fpv4-sp-d16
 532              	CAN0_2_IRQHandler:
 533              	.LFB419:
 179:../MainAlg/Protocols/j1939.c **** 
 180:../MainAlg/Protocols/j1939.c **** void CCVSIsrHandler(void)
 181:../MainAlg/Protocols/j1939.c **** {
 534              	 .loc 1 181 1
 535              	 .cfi_startproc
 536              	 
 537              	 
 538              	 
 539 0000 80B4     	 push {r7}
 540              	.LCFI18:
 541              	 .cfi_def_cfa_offset 4
 542              	 .cfi_offset 7,-4
 543 0002 85B0     	 sub sp,sp,#20
 544              	.LCFI19:
 545              	 .cfi_def_cfa_offset 24
 546 0004 00AF     	 add r7,sp,#0
 547              	.LCFI20:
 548              	 .cfi_def_cfa_register 7
 182:../MainAlg/Protocols/j1939.c **** 	XMC_CAN_MO_t* Msg;
 183:../MainAlg/Protocols/j1939.c **** 	Msg = CAN_EXT_LMO_04_Config.mo_ptr;
 549              	 .loc 1 183 6
 550 0006 0D4B     	 ldr r3,.L36
 551 0008 1B68     	 ldr r3,[r3]
 552 000a FB60     	 str r3,[r7,#12]
 184:../MainAlg/Protocols/j1939.c **** 
 185:../MainAlg/Protocols/j1939.c **** 	uint32_t data[2] = {0,0};
 553              	 .loc 1 185 11
 554 000c 0023     	 movs r3,#0
 555 000e 7B60     	 str r3,[r7,#4]
 556 0010 0023     	 movs r3,#0
 557 0012 BB60     	 str r3,[r7,#8]
 186:../MainAlg/Protocols/j1939.c **** 
 187:../MainAlg/Protocols/j1939.c **** 	if(Msg->can_identifier == CCVS_ID)
 558              	 .loc 1 187 25
 559 0014 FB68     	 ldr r3,[r7,#12]
 560 0016 5B68     	 ldr r3,[r3,#4]
 561 0018 23F06043 	 bic r3,r3,#-536870912
 562              	 .loc 1 187 4
 563 001c 084A     	 ldr r2,.L36+4
 564 001e 9342     	 cmp r3,r2
 565 0020 05D1     	 bne .L35
 188:../MainAlg/Protocols/j1939.c **** 	{
 189:../MainAlg/Protocols/j1939.c **** 		data[0] = Msg->can_data[0];
 566              	 .loc 1 189 26
 567 0022 FB68     	 ldr r3,[r7,#12]
 568 0024 1B69     	 ldr r3,[r3,#16]
 569              	 .loc 1 189 11
 570 0026 7B60     	 str r3,[r7,#4]
 190:../MainAlg/Protocols/j1939.c **** 		data[1] = Msg->can_data[1];
 571              	 .loc 1 190 26
 572 0028 FB68     	 ldr r3,[r7,#12]
 573 002a 5B69     	 ldr r3,[r3,#20]
 574              	 .loc 1 190 11
 575 002c BB60     	 str r3,[r7,#8]
 576              	.L35:
 191:../MainAlg/Protocols/j1939.c **** 	}
 192:../MainAlg/Protocols/j1939.c **** 	// Parce to CanCmd.speedIsZero  throw compare with (uint16_t)Presets.VEHICLE_SPEED_THRESHOLD
 193:../MainAlg/Protocols/j1939.c **** }
 577              	 .loc 1 193 1
 578 002e 00BF     	 nop
 579 0030 1437     	 adds r7,r7,#20
 580              	.LCFI21:
 581              	 .cfi_def_cfa_offset 4
 582 0032 BD46     	 mov sp,r7
 583              	.LCFI22:
 584              	 .cfi_def_cfa_register 13
 585              	 
 586 0034 5DF8047B 	 ldr r7,[sp],#4
 587              	.LCFI23:
 588              	 .cfi_restore 7
 589              	 .cfi_def_cfa_offset 0
 590 0038 7047     	 bx lr
 591              	.L37:
 592 003a 00BF     	 .align 2
 593              	.L36:
 594 003c 00000000 	 .word CAN_EXT_LMO_04_Config
 595 0040 00F1FE18 	 .word 419361024
 596              	 .cfi_endproc
 597              	.LFE419:
 599              	 .section .text.CAN0_4_IRQHandler,"ax",%progbits
 600              	 .align 1
 601              	 .global CAN0_4_IRQHandler
 602              	 .syntax unified
 603              	 .thumb
 604              	 .thumb_func
 605              	 .fpu fpv4-sp-d16
 607              	CAN0_4_IRQHandler:
 608              	.LFB420:
 194:../MainAlg/Protocols/j1939.c **** 
 195:../MainAlg/Protocols/j1939.c **** void TDIsrHandler (void)
 196:../MainAlg/Protocols/j1939.c **** {
 609              	 .loc 1 196 1
 610              	 .cfi_startproc
 611              	 
 612              	 
 613              	 
 614 0000 80B4     	 push {r7}
 615              	.LCFI24:
 616              	 .cfi_def_cfa_offset 4
 617              	 .cfi_offset 7,-4
 618 0002 85B0     	 sub sp,sp,#20
 619              	.LCFI25:
 620              	 .cfi_def_cfa_offset 24
 621 0004 00AF     	 add r7,sp,#0
 622              	.LCFI26:
 623              	 .cfi_def_cfa_register 7
 197:../MainAlg/Protocols/j1939.c **** 	XMC_CAN_MO_t* Msg;
 198:../MainAlg/Protocols/j1939.c **** 	Msg = CAN_EXT_LMO_05_Config.mo_ptr;
 624              	 .loc 1 198 6
 625 0006 0D4B     	 ldr r3,.L41
 626 0008 1B68     	 ldr r3,[r3]
 627 000a FB60     	 str r3,[r7,#12]
 199:../MainAlg/Protocols/j1939.c **** 
 200:../MainAlg/Protocols/j1939.c **** 	uint32_t data[2] = {0,0};
 628              	 .loc 1 200 11
 629 000c 0023     	 movs r3,#0
 630 000e 7B60     	 str r3,[r7,#4]
 631 0010 0023     	 movs r3,#0
 632 0012 BB60     	 str r3,[r7,#8]
 201:../MainAlg/Protocols/j1939.c **** 
 202:../MainAlg/Protocols/j1939.c **** 	if(Msg->can_identifier == TD_ID)
 633              	 .loc 1 202 25
 634 0014 FB68     	 ldr r3,[r7,#12]
 635 0016 5B68     	 ldr r3,[r3,#4]
 636 0018 23F06043 	 bic r3,r3,#-536870912
 637              	 .loc 1 202 4
 638 001c 084A     	 ldr r2,.L41+4
 639 001e 9342     	 cmp r3,r2
 640 0020 05D1     	 bne .L40
 203:../MainAlg/Protocols/j1939.c **** 	{
 204:../MainAlg/Protocols/j1939.c **** 		data[0] = Msg->can_data[0];
 641              	 .loc 1 204 26
 642 0022 FB68     	 ldr r3,[r7,#12]
 643 0024 1B69     	 ldr r3,[r3,#16]
 644              	 .loc 1 204 11
 645 0026 7B60     	 str r3,[r7,#4]
 205:../MainAlg/Protocols/j1939.c **** 		data[1] = Msg->can_data[1];
 646              	 .loc 1 205 26
 647 0028 FB68     	 ldr r3,[r7,#12]
 648 002a 5B69     	 ldr r3,[r3,#20]
 649              	 .loc 1 205 11
 650 002c BB60     	 str r3,[r7,#8]
 651              	.L40:
 206:../MainAlg/Protocols/j1939.c **** 	}
 207:../MainAlg/Protocols/j1939.c **** 
 208:../MainAlg/Protocols/j1939.c **** 	//Parce to CanTime
 209:../MainAlg/Protocols/j1939.c **** }
 652              	 .loc 1 209 1
 653 002e 00BF     	 nop
 654 0030 1437     	 adds r7,r7,#20
 655              	.LCFI27:
 656              	 .cfi_def_cfa_offset 4
 657 0032 BD46     	 mov sp,r7
 658              	.LCFI28:
 659              	 .cfi_def_cfa_register 13
 660              	 
 661 0034 5DF8047B 	 ldr r7,[sp],#4
 662              	.LCFI29:
 663              	 .cfi_restore 7
 664              	 .cfi_def_cfa_offset 0
 665 0038 7047     	 bx lr
 666              	.L42:
 667 003a 00BF     	 .align 2
 668              	.L41:
 669 003c 00000000 	 .word CAN_EXT_LMO_05_Config
 670 0040 00E6FE18 	 .word 419358208
 671              	 .cfi_endproc
 672              	.LFE420:
 674              	 .text
 675              	.Letext0:
 676              	 .file 2 "c:\\program files (x86)\\gnu arm embedded toolchain\\10 2020-q4-major\\arm-none-eabi\\include\\machine\\_default_types.h"
 677              	 .file 3 "c:\\program files (x86)\\gnu arm embedded toolchain\\10 2020-q4-major\\arm-none-eabi\\include\\sys\\_stdint.h"
 678              	 .file 4 "C:/Workspaces/DAVE-4.4.2-64Bit/_PKDS_TSTS06_811_X47_V1_0/Libraries/CMSIS/Infineon/XMC4700_series/Include/XMC4700.h"
 679              	 .file 5 "C:/Workspaces/DAVE-4.4.2-64Bit/_PKDS_TSTS06_811_X47_V1_0/Libraries/XMCLib/inc/xmc_can.h"
 680              	 .file 6 "C:/Workspaces/DAVE-4.4.2-64Bit/_PKDS_TSTS06_811_X47_V1_0/Dave/Generated/CAN_NODE/can_node.h"
 681              	 .file 7 "C:/Workspaces/DAVE-4.4.2-64Bit/_PKDS_TSTS06_811_X47_V1_0/Dave/Generated/CAN_NODE/can_node_extern.h"
 682              	 .file 8 "../MainAlg/Protocols/j1939.h"
 683              	 .file 9 "C:/Workspaces/DAVE-4.4.2-64Bit/_PKDS_TSTS06_811_X47_V1_0/MainAlg/presets.h"
DEFINED SYMBOLS
                            *ABS*:00000000 j1939.c
    {standard input}:21     .bss.CanCmd:00000000 CanCmd
    {standard input}:18     .bss.CanCmd:00000000 $d
    {standard input}:28     .bss.CanPeriphControl:00000000 CanPeriphControl
    {standard input}:25     .bss.CanPeriphControl:00000000 $d
    {standard input}:35     .bss.CanTime:00000000 CanTime
    {standard input}:32     .bss.CanTime:00000000 $d
    {standard input}:42     .bss.VehicleSpeed:00000000 VehicleSpeed
    {standard input}:39     .bss.VehicleSpeed:00000000 $d
    {standard input}:49     .bss.VehicleSpeedThreshold:00000000 VehicleSpeedThreshold
    {standard input}:46     .bss.VehicleSpeedThreshold:00000000 $d
    {standard input}:52     .text.CAN0_3_IRQHandler:00000000 $t
    {standard input}:60     .text.CAN0_3_IRQHandler:00000000 CAN0_3_IRQHandler
    {standard input}:345    .text.CAN0_3_IRQHandler:00000168 $d
    {standard input}:353    .text.CAN0_5_IRQHandler:00000000 $t
    {standard input}:360    .text.CAN0_5_IRQHandler:00000000 CAN0_5_IRQHandler
    {standard input}:432    .text.CAN0_5_IRQHandler:00000048 $d
    {standard input}:439    .text.CAN0_6_IRQHandler:00000000 $t
    {standard input}:446    .text.CAN0_6_IRQHandler:00000000 CAN0_6_IRQHandler
    {standard input}:518    .text.CAN0_6_IRQHandler:00000048 $d
    {standard input}:525    .text.CAN0_2_IRQHandler:00000000 $t
    {standard input}:532    .text.CAN0_2_IRQHandler:00000000 CAN0_2_IRQHandler
    {standard input}:594    .text.CAN0_2_IRQHandler:0000003c $d
    {standard input}:600    .text.CAN0_4_IRQHandler:00000000 $t
    {standard input}:607    .text.CAN0_4_IRQHandler:00000000 CAN0_4_IRQHandler
    {standard input}:669    .text.CAN0_4_IRQHandler:0000003c $d

UNDEFINED SYMBOLS
CAN_EXT_LMO_01_Config
Presets
CAN_EXT_LMO_02_Config
CAN_EXT_LMO_03_Config
CAN_EXT_LMO_04_Config
CAN_EXT_LMO_05_Config
