   1              	 .cpu cortex-m4
   2              	 .eabi_attribute 27,1
   3              	 .eabi_attribute 20,1
   4              	 .eabi_attribute 21,1
   5              	 .eabi_attribute 23,3
   6              	 .eabi_attribute 24,1
   7              	 .eabi_attribute 25,1
   8              	 .eabi_attribute 26,1
   9              	 .eabi_attribute 30,6
  10              	 .eabi_attribute 34,1
  11              	 .eabi_attribute 18,4
  12              	 .file "xmc4_eru.c"
  13              	 .text
  14              	.Ltext0:
  15              	 .cfi_sections .debug_frame
  16              	 .section .text.XMC_ERU_Enable,"ax",%progbits
  17              	 .align 1
  18              	 .global XMC_ERU_Enable
  19              	 .arch armv7e-m
  20              	 .syntax unified
  21              	 .thumb
  22              	 .thumb_func
  23              	 .fpu fpv4-sp-d16
  25              	XMC_ERU_Enable:
  26              	.LFB175:
  27              	 .file 1 "../Libraries/XMCLib/src/xmc4_eru.c"
   1:../Libraries/XMCLib/src/xmc4_eru.c **** /**
   2:../Libraries/XMCLib/src/xmc4_eru.c ****  * @file xmc4_eru.c
   3:../Libraries/XMCLib/src/xmc4_eru.c ****  * @date 2015-02-20
   4:../Libraries/XMCLib/src/xmc4_eru.c ****  *
   5:../Libraries/XMCLib/src/xmc4_eru.c ****  * @cond
   6:../Libraries/XMCLib/src/xmc4_eru.c ****  *****************************************************************************
   7:../Libraries/XMCLib/src/xmc4_eru.c ****  * XMClib v2.2.0 - XMC Peripheral Driver Library
   8:../Libraries/XMCLib/src/xmc4_eru.c ****  *
   9:../Libraries/XMCLib/src/xmc4_eru.c ****  * Copyright (c) 2015-2020, Infineon Technologies AG
  10:../Libraries/XMCLib/src/xmc4_eru.c ****  * All rights reserved.
  11:../Libraries/XMCLib/src/xmc4_eru.c ****  *
  12:../Libraries/XMCLib/src/xmc4_eru.c ****  * Boost Software License - Version 1.0 - August 17th, 2003
  13:../Libraries/XMCLib/src/xmc4_eru.c ****  *
  14:../Libraries/XMCLib/src/xmc4_eru.c ****  * Permission is hereby granted, free of charge, to any person or organization
  15:../Libraries/XMCLib/src/xmc4_eru.c ****  * obtaining a copy of the software and accompanying documentation covered by
  16:../Libraries/XMCLib/src/xmc4_eru.c ****  * this license (the "Software") to use, reproduce, display, distribute,
  17:../Libraries/XMCLib/src/xmc4_eru.c ****  * execute, and transmit the Software, and to prepare derivative works of the
  18:../Libraries/XMCLib/src/xmc4_eru.c ****  * Software, and to permit third-parties to whom the Software is furnished to
  19:../Libraries/XMCLib/src/xmc4_eru.c ****  * do so, all subject to the following:
  20:../Libraries/XMCLib/src/xmc4_eru.c ****  *
  21:../Libraries/XMCLib/src/xmc4_eru.c ****  * The copyright notices in the Software and this entire statement, including
  22:../Libraries/XMCLib/src/xmc4_eru.c ****  * the above license grant, this restriction and the following disclaimer,
  23:../Libraries/XMCLib/src/xmc4_eru.c ****  * must be included in all copies of the Software, in whole or in part, and
  24:../Libraries/XMCLib/src/xmc4_eru.c ****  * all derivative works of the Software, unless such copies or derivative
  25:../Libraries/XMCLib/src/xmc4_eru.c ****  * works are solely in the form of machine-executable object code generated by
  26:../Libraries/XMCLib/src/xmc4_eru.c ****  * a source language processor.
  27:../Libraries/XMCLib/src/xmc4_eru.c ****  *
  28:../Libraries/XMCLib/src/xmc4_eru.c ****  * THE SOFTWARE IS PROVIDED "AS IS", WITHOUT WARRANTY OF ANY KIND, EXPRESS OR
  29:../Libraries/XMCLib/src/xmc4_eru.c ****  * IMPLIED, INCLUDING BUT NOT LIMITED TO THE WARRANTIES OF MERCHANTABILITY,
  30:../Libraries/XMCLib/src/xmc4_eru.c ****  * FITNESS FOR A PARTICULAR PURPOSE, TITLE AND NON-INFRINGEMENT. IN NO EVENT
  31:../Libraries/XMCLib/src/xmc4_eru.c ****  * SHALL THE COPYRIGHT HOLDERS OR ANYONE DISTRIBUTING THE SOFTWARE BE LIABLE
  32:../Libraries/XMCLib/src/xmc4_eru.c ****  * FOR ANY DAMAGES OR OTHER LIABILITY, WHETHER IN CONTRACT, TORT OR OTHERWISE,
  33:../Libraries/XMCLib/src/xmc4_eru.c ****  * ARISING FROM, OUT OF OR IN CONNECTION WITH THE SOFTWARE OR THE USE OR OTHER
  34:../Libraries/XMCLib/src/xmc4_eru.c ****  * DEALINGS IN THE SOFTWARE.
  35:../Libraries/XMCLib/src/xmc4_eru.c ****  *
  36:../Libraries/XMCLib/src/xmc4_eru.c ****  * To improve the quality of the software, users are encouraged to share
  37:../Libraries/XMCLib/src/xmc4_eru.c ****  * modifications, enhancements or bug fixes with Infineon Technologies AG
  38:../Libraries/XMCLib/src/xmc4_eru.c ****  * at XMCSupport@infineon.com.
  39:../Libraries/XMCLib/src/xmc4_eru.c ****  *****************************************************************************
  40:../Libraries/XMCLib/src/xmc4_eru.c ****  *
  41:../Libraries/XMCLib/src/xmc4_eru.c ****  * Change History
  42:../Libraries/XMCLib/src/xmc4_eru.c ****  * --------------
  43:../Libraries/XMCLib/src/xmc4_eru.c ****  *
  44:../Libraries/XMCLib/src/xmc4_eru.c ****  * 2015-02-20:
  45:../Libraries/XMCLib/src/xmc4_eru.c ****  *     - Initial <br>
  46:../Libraries/XMCLib/src/xmc4_eru.c ****  *
  47:../Libraries/XMCLib/src/xmc4_eru.c ****  * @endcond
  48:../Libraries/XMCLib/src/xmc4_eru.c ****  */
  49:../Libraries/XMCLib/src/xmc4_eru.c **** #include "xmc_eru.h"
  50:../Libraries/XMCLib/src/xmc4_eru.c **** 
  51:../Libraries/XMCLib/src/xmc4_eru.c **** #if UC_FAMILY == XMC4
  52:../Libraries/XMCLib/src/xmc4_eru.c **** #include "xmc_scu.h"
  53:../Libraries/XMCLib/src/xmc4_eru.c **** 
  54:../Libraries/XMCLib/src/xmc4_eru.c **** /**************************************************************************************************
  55:../Libraries/XMCLib/src/xmc4_eru.c ****  * API IMPLEMENTATION
  56:../Libraries/XMCLib/src/xmc4_eru.c ****  **************************************************************************************************
  57:../Libraries/XMCLib/src/xmc4_eru.c **** /* Enable the clock and De-assert the ERU module from the reset state. */
  58:../Libraries/XMCLib/src/xmc4_eru.c **** void XMC_ERU_Enable(XMC_ERU_t *const eru)
  59:../Libraries/XMCLib/src/xmc4_eru.c **** {
  28              	 .loc 1 59 1
  29              	 .cfi_startproc
  30              	 
  31              	 
  32 0000 80B5     	 push {r7,lr}
  33              	.LCFI0:
  34              	 .cfi_def_cfa_offset 8
  35              	 .cfi_offset 7,-8
  36              	 .cfi_offset 14,-4
  37 0002 82B0     	 sub sp,sp,#8
  38              	.LCFI1:
  39              	 .cfi_def_cfa_offset 16
  40 0004 00AF     	 add r7,sp,#0
  41              	.LCFI2:
  42              	 .cfi_def_cfa_register 7
  43 0006 7860     	 str r0,[r7,#4]
  60:../Libraries/XMCLib/src/xmc4_eru.c **** #if defined(XMC_ERU1)
  61:../Libraries/XMCLib/src/xmc4_eru.c ****   if (eru == XMC_ERU1)
  44              	 .loc 1 61 6
  45 0008 7B68     	 ldr r3,[r7,#4]
  46 000a 074A     	 ldr r2,.L4
  47 000c 9342     	 cmp r3,r2
  48 000e 07D1     	 bne .L3
  62:../Libraries/XMCLib/src/xmc4_eru.c ****   {
  63:../Libraries/XMCLib/src/xmc4_eru.c **** #if defined(CLOCK_GATING_SUPPORTED)
  64:../Libraries/XMCLib/src/xmc4_eru.c ****     XMC_SCU_CLOCK_UngatePeripheralClock(XMC_SCU_PERIPHERAL_CLOCK_ERU1);
  49              	 .loc 1 64 5
  50 0010 4FF48030 	 mov r0,#65536
  51 0014 FFF7FEFF 	 bl XMC_SCU_CLOCK_UngatePeripheralClock
  65:../Libraries/XMCLib/src/xmc4_eru.c **** #endif
  66:../Libraries/XMCLib/src/xmc4_eru.c ****     XMC_SCU_RESET_DeassertPeripheralReset(XMC_SCU_PERIPHERAL_RESET_ERU1);
  52              	 .loc 1 66 5
  53 0018 4FF48030 	 mov r0,#65536
  54 001c FFF7FEFF 	 bl XMC_SCU_RESET_DeassertPeripheralReset
  55              	.L3:
  67:../Libraries/XMCLib/src/xmc4_eru.c ****   }
  68:../Libraries/XMCLib/src/xmc4_eru.c **** #else
  69:../Libraries/XMCLib/src/xmc4_eru.c ****   XMC_UNUSED_ARG(eru);
  70:../Libraries/XMCLib/src/xmc4_eru.c **** #endif
  71:../Libraries/XMCLib/src/xmc4_eru.c **** }
  56              	 .loc 1 71 1
  57 0020 00BF     	 nop
  58 0022 0837     	 adds r7,r7,#8
  59              	.LCFI3:
  60              	 .cfi_def_cfa_offset 8
  61 0024 BD46     	 mov sp,r7
  62              	.LCFI4:
  63              	 .cfi_def_cfa_register 13
  64              	 
  65 0026 80BD     	 pop {r7,pc}
  66              	.L5:
  67              	 .align 2
  68              	.L4:
  69 0028 00400440 	 .word 1074020352
  70              	 .cfi_endproc
  71              	.LFE175:
  73              	 .section .text.XMC_ERU_Disable,"ax",%progbits
  74              	 .align 1
  75              	 .global XMC_ERU_Disable
  76              	 .syntax unified
  77              	 .thumb
  78              	 .thumb_func
  79              	 .fpu fpv4-sp-d16
  81              	XMC_ERU_Disable:
  82              	.LFB176:
  72:../Libraries/XMCLib/src/xmc4_eru.c **** 
  73:../Libraries/XMCLib/src/xmc4_eru.c **** /* Disable the clock and Reset the ERU module. */
  74:../Libraries/XMCLib/src/xmc4_eru.c **** void XMC_ERU_Disable(XMC_ERU_t *const eru)
  75:../Libraries/XMCLib/src/xmc4_eru.c **** {
  83              	 .loc 1 75 1
  84              	 .cfi_startproc
  85              	 
  86              	 
  87 0000 80B5     	 push {r7,lr}
  88              	.LCFI5:
  89              	 .cfi_def_cfa_offset 8
  90              	 .cfi_offset 7,-8
  91              	 .cfi_offset 14,-4
  92 0002 82B0     	 sub sp,sp,#8
  93              	.LCFI6:
  94              	 .cfi_def_cfa_offset 16
  95 0004 00AF     	 add r7,sp,#0
  96              	.LCFI7:
  97              	 .cfi_def_cfa_register 7
  98 0006 7860     	 str r0,[r7,#4]
  76:../Libraries/XMCLib/src/xmc4_eru.c **** #if defined(XMC_ERU1)
  77:../Libraries/XMCLib/src/xmc4_eru.c ****   if (eru == XMC_ERU1)
  99              	 .loc 1 77 6
 100 0008 7B68     	 ldr r3,[r7,#4]
 101 000a 074A     	 ldr r2,.L9
 102 000c 9342     	 cmp r3,r2
 103 000e 07D1     	 bne .L8
  78:../Libraries/XMCLib/src/xmc4_eru.c ****   {
  79:../Libraries/XMCLib/src/xmc4_eru.c ****     XMC_SCU_RESET_AssertPeripheralReset(XMC_SCU_PERIPHERAL_RESET_ERU1);
 104              	 .loc 1 79 5
 105 0010 4FF48030 	 mov r0,#65536
 106 0014 FFF7FEFF 	 bl XMC_SCU_RESET_AssertPeripheralReset
  80:../Libraries/XMCLib/src/xmc4_eru.c **** #if defined(CLOCK_GATING_SUPPORTED)
  81:../Libraries/XMCLib/src/xmc4_eru.c ****     XMC_SCU_CLOCK_GatePeripheralClock(XMC_SCU_PERIPHERAL_CLOCK_ERU1);
 107              	 .loc 1 81 5
 108 0018 4FF48030 	 mov r0,#65536
 109 001c FFF7FEFF 	 bl XMC_SCU_CLOCK_GatePeripheralClock
 110              	.L8:
  82:../Libraries/XMCLib/src/xmc4_eru.c **** #endif
  83:../Libraries/XMCLib/src/xmc4_eru.c ****   }
  84:../Libraries/XMCLib/src/xmc4_eru.c **** #else
  85:../Libraries/XMCLib/src/xmc4_eru.c ****   XMC_UNUSED_ARG(eru);
  86:../Libraries/XMCLib/src/xmc4_eru.c **** #endif
  87:../Libraries/XMCLib/src/xmc4_eru.c **** }
 111              	 .loc 1 87 1
 112 0020 00BF     	 nop
 113 0022 0837     	 adds r7,r7,#8
 114              	.LCFI8:
 115              	 .cfi_def_cfa_offset 8
 116 0024 BD46     	 mov sp,r7
 117              	.LCFI9:
 118              	 .cfi_def_cfa_register 13
 119              	 
 120 0026 80BD     	 pop {r7,pc}
 121              	.L10:
 122              	 .align 2
 123              	.L9:
 124 0028 00400440 	 .word 1074020352
 125              	 .cfi_endproc
 126              	.LFE176:
 128              	 .text
 129              	.Letext0:
 130              	 .file 2 "c:\\program files (x86)\\gnu arm embedded toolchain\\10 2020-q4-major\\arm-none-eabi\\include\\machine\\_default_types.h"
 131              	 .file 3 "c:\\program files (x86)\\gnu arm embedded toolchain\\10 2020-q4-major\\arm-none-eabi\\include\\sys\\_stdint.h"
 132              	 .file 4 "C:/Workspaces/DAVE-4.4.2-64Bit/_PKDS_TSTS06_811_X47_V1_0/Libraries/XMCLib/inc/xmc_eru.h"
 133              	 .file 5 "C:/Workspaces/DAVE-4.4.2-64Bit/_PKDS_TSTS06_811_X47_V1_0/Libraries/XMCLib/inc/xmc4_scu.h"
DEFINED SYMBOLS
                            *ABS*:00000000 xmc4_eru.c
    {standard input}:17     .text.XMC_ERU_Enable:00000000 $t
    {standard input}:25     .text.XMC_ERU_Enable:00000000 XMC_ERU_Enable
    {standard input}:69     .text.XMC_ERU_Enable:00000028 $d
    {standard input}:74     .text.XMC_ERU_Disable:00000000 $t
    {standard input}:81     .text.XMC_ERU_Disable:00000000 XMC_ERU_Disable
    {standard input}:124    .text.XMC_ERU_Disable:00000028 $d

UNDEFINED SYMBOLS
XMC_SCU_CLOCK_UngatePeripheralClock
XMC_SCU_RESET_DeassertPeripheralReset
XMC_SCU_RESET_AssertPeripheralReset
XMC_SCU_CLOCK_GatePeripheralClock
