   1              	 .cpu cortex-m4
   2              	 .eabi_attribute 27,1
   3              	 .eabi_attribute 20,1
   4              	 .eabi_attribute 21,1
   5              	 .eabi_attribute 23,3
   6              	 .eabi_attribute 24,1
   7              	 .eabi_attribute 25,1
   8              	 .eabi_attribute 26,1
   9              	 .eabi_attribute 30,6
  10              	 .eabi_attribute 34,1
  11              	 .eabi_attribute 18,4
  12              	 .file "xmc_wdt.c"
  13              	 .text
  14              	.Ltext0:
  15              	 .cfi_sections .debug_frame
  16              	 .section .text.XMC_WDT_Enable,"ax",%progbits
  17              	 .align 1
  18              	 .global XMC_WDT_Enable
  19              	 .arch armv7e-m
  20              	 .syntax unified
  21              	 .thumb
  22              	 .thumb_func
  23              	 .fpu fpv4-sp-d16
  25              	XMC_WDT_Enable:
  26              	.LFB180:
  27              	 .file 1 "../Libraries/XMCLib/src/xmc_wdt.c"
   1:../Libraries/XMCLib/src/xmc_wdt.c **** /**
   2:../Libraries/XMCLib/src/xmc_wdt.c ****  * @file xmc_wdt.c
   3:../Libraries/XMCLib/src/xmc_wdt.c ****  * @date 2015-06-20
   4:../Libraries/XMCLib/src/xmc_wdt.c ****  *
   5:../Libraries/XMCLib/src/xmc_wdt.c ****  * @cond
   6:../Libraries/XMCLib/src/xmc_wdt.c ****  *****************************************************************************
   7:../Libraries/XMCLib/src/xmc_wdt.c ****  * XMClib v2.2.0 - XMC Peripheral Driver Library
   8:../Libraries/XMCLib/src/xmc_wdt.c ****  *
   9:../Libraries/XMCLib/src/xmc_wdt.c ****  * Copyright (c) 2015-2020, Infineon Technologies AG
  10:../Libraries/XMCLib/src/xmc_wdt.c ****  * All rights reserved.
  11:../Libraries/XMCLib/src/xmc_wdt.c ****  *
  12:../Libraries/XMCLib/src/xmc_wdt.c ****  * Boost Software License - Version 1.0 - August 17th, 2003
  13:../Libraries/XMCLib/src/xmc_wdt.c ****  *
  14:../Libraries/XMCLib/src/xmc_wdt.c ****  * Permission is hereby granted, free of charge, to any person or organization
  15:../Libraries/XMCLib/src/xmc_wdt.c ****  * obtaining a copy of the software and accompanying documentation covered by
  16:../Libraries/XMCLib/src/xmc_wdt.c ****  * this license (the "Software") to use, reproduce, display, distribute,
  17:../Libraries/XMCLib/src/xmc_wdt.c ****  * execute, and transmit the Software, and to prepare derivative works of the
  18:../Libraries/XMCLib/src/xmc_wdt.c ****  * Software, and to permit third-parties to whom the Software is furnished to
  19:../Libraries/XMCLib/src/xmc_wdt.c ****  * do so, all subject to the following:
  20:../Libraries/XMCLib/src/xmc_wdt.c ****  *
  21:../Libraries/XMCLib/src/xmc_wdt.c ****  * The copyright notices in the Software and this entire statement, including
  22:../Libraries/XMCLib/src/xmc_wdt.c ****  * the above license grant, this restriction and the following disclaimer,
  23:../Libraries/XMCLib/src/xmc_wdt.c ****  * must be included in all copies of the Software, in whole or in part, and
  24:../Libraries/XMCLib/src/xmc_wdt.c ****  * all derivative works of the Software, unless such copies or derivative
  25:../Libraries/XMCLib/src/xmc_wdt.c ****  * works are solely in the form of machine-executable object code generated by
  26:../Libraries/XMCLib/src/xmc_wdt.c ****  * a source language processor.
  27:../Libraries/XMCLib/src/xmc_wdt.c ****  *
  28:../Libraries/XMCLib/src/xmc_wdt.c ****  * THE SOFTWARE IS PROVIDED "AS IS", WITHOUT WARRANTY OF ANY KIND, EXPRESS OR
  29:../Libraries/XMCLib/src/xmc_wdt.c ****  * IMPLIED, INCLUDING BUT NOT LIMITED TO THE WARRANTIES OF MERCHANTABILITY,
  30:../Libraries/XMCLib/src/xmc_wdt.c ****  * FITNESS FOR A PARTICULAR PURPOSE, TITLE AND NON-INFRINGEMENT. IN NO EVENT
  31:../Libraries/XMCLib/src/xmc_wdt.c ****  * SHALL THE COPYRIGHT HOLDERS OR ANYONE DISTRIBUTING THE SOFTWARE BE LIABLE
  32:../Libraries/XMCLib/src/xmc_wdt.c ****  * FOR ANY DAMAGES OR OTHER LIABILITY, WHETHER IN CONTRACT, TORT OR OTHERWISE,
  33:../Libraries/XMCLib/src/xmc_wdt.c ****  * ARISING FROM, OUT OF OR IN CONNECTION WITH THE SOFTWARE OR THE USE OR OTHER
  34:../Libraries/XMCLib/src/xmc_wdt.c ****  * DEALINGS IN THE SOFTWARE.
  35:../Libraries/XMCLib/src/xmc_wdt.c ****  *
  36:../Libraries/XMCLib/src/xmc_wdt.c ****  * To improve the quality of the software, users are encouraged to share
  37:../Libraries/XMCLib/src/xmc_wdt.c ****  * modifications, enhancements or bug fixes with Infineon Technologies AG
  38:../Libraries/XMCLib/src/xmc_wdt.c ****  * at XMCSupport@infineon.com.
  39:../Libraries/XMCLib/src/xmc_wdt.c ****  *****************************************************************************
  40:../Libraries/XMCLib/src/xmc_wdt.c ****  *
  41:../Libraries/XMCLib/src/xmc_wdt.c ****  * Change History
  42:../Libraries/XMCLib/src/xmc_wdt.c ****  * --------------
  43:../Libraries/XMCLib/src/xmc_wdt.c ****  *
  44:../Libraries/XMCLib/src/xmc_wdt.c ****  * 2015-02-20:
  45:../Libraries/XMCLib/src/xmc_wdt.c ****  *     - Initial <br>
  46:../Libraries/XMCLib/src/xmc_wdt.c ****  *
  47:../Libraries/XMCLib/src/xmc_wdt.c ****  * 2015-06-20:
  48:../Libraries/XMCLib/src/xmc_wdt.c ****  *     - Removed definition of GetDriverVersion API <br>
  49:../Libraries/XMCLib/src/xmc_wdt.c ****  *
  50:../Libraries/XMCLib/src/xmc_wdt.c ****  * @endcond
  51:../Libraries/XMCLib/src/xmc_wdt.c ****  */
  52:../Libraries/XMCLib/src/xmc_wdt.c **** 
  53:../Libraries/XMCLib/src/xmc_wdt.c **** /**************************************************************************************************
  54:../Libraries/XMCLib/src/xmc_wdt.c ****  * HEADER FILES
  55:../Libraries/XMCLib/src/xmc_wdt.c ****  **************************************************************************************************
  56:../Libraries/XMCLib/src/xmc_wdt.c **** #include "xmc_wdt.h"
  57:../Libraries/XMCLib/src/xmc_wdt.c **** #include "xmc_scu.h"
  58:../Libraries/XMCLib/src/xmc_wdt.c **** 
  59:../Libraries/XMCLib/src/xmc_wdt.c **** /**************************************************************************************************
  60:../Libraries/XMCLib/src/xmc_wdt.c ****  * API IMPLEMENTATION
  61:../Libraries/XMCLib/src/xmc_wdt.c ****   *************************************************************************************************
  62:../Libraries/XMCLib/src/xmc_wdt.c **** 
  63:../Libraries/XMCLib/src/xmc_wdt.c **** /* Enables watchdog clock and releases watchdog reset. */
  64:../Libraries/XMCLib/src/xmc_wdt.c **** void XMC_WDT_Enable(void)
  65:../Libraries/XMCLib/src/xmc_wdt.c **** {
  28              	 .loc 1 65 1
  29              	 .cfi_startproc
  30              	 
  31              	 
  32 0000 80B5     	 push {r7,lr}
  33              	.LCFI0:
  34              	 .cfi_def_cfa_offset 8
  35              	 .cfi_offset 7,-8
  36              	 .cfi_offset 14,-4
  37 0002 00AF     	 add r7,sp,#0
  38              	.LCFI1:
  39              	 .cfi_def_cfa_register 7
  66:../Libraries/XMCLib/src/xmc_wdt.c **** #if UC_FAMILY == XMC4
  67:../Libraries/XMCLib/src/xmc_wdt.c ****   XMC_SCU_CLOCK_EnableClock(XMC_SCU_CLOCK_WDT);
  40              	 .loc 1 67 3
  41 0004 2020     	 movs r0,#32
  42 0006 FFF7FEFF 	 bl XMC_SCU_CLOCK_EnableClock
  68:../Libraries/XMCLib/src/xmc_wdt.c **** #endif
  69:../Libraries/XMCLib/src/xmc_wdt.c **** 
  70:../Libraries/XMCLib/src/xmc_wdt.c **** #if defined(CLOCK_GATING_SUPPORTED)
  71:../Libraries/XMCLib/src/xmc_wdt.c ****   XMC_SCU_CLOCK_UngatePeripheralClock(XMC_SCU_PERIPHERAL_CLOCK_WDT);
  43              	 .loc 1 71 3
  44 000a 0448     	 ldr r0,.L2
  45 000c FFF7FEFF 	 bl XMC_SCU_CLOCK_UngatePeripheralClock
  72:../Libraries/XMCLib/src/xmc_wdt.c **** #endif
  73:../Libraries/XMCLib/src/xmc_wdt.c **** #if defined(PERIPHERAL_RESET_SUPPORTED)
  74:../Libraries/XMCLib/src/xmc_wdt.c ****   XMC_SCU_RESET_DeassertPeripheralReset(XMC_SCU_PERIPHERAL_RESET_WDT);
  46              	 .loc 1 74 3
  47 0010 0248     	 ldr r0,.L2
  48 0012 FFF7FEFF 	 bl XMC_SCU_RESET_DeassertPeripheralReset
  75:../Libraries/XMCLib/src/xmc_wdt.c **** #endif
  76:../Libraries/XMCLib/src/xmc_wdt.c **** }
  49              	 .loc 1 76 1
  50 0016 00BF     	 nop
  51 0018 80BD     	 pop {r7,pc}
  52              	.L3:
  53 001a 00BF     	 .align 2
  54              	.L2:
  55 001c 02000020 	 .word 536870914
  56              	 .cfi_endproc
  57              	.LFE180:
  59              	 .section .text.XMC_WDT_Disable,"ax",%progbits
  60              	 .align 1
  61              	 .global XMC_WDT_Disable
  62              	 .syntax unified
  63              	 .thumb
  64              	 .thumb_func
  65              	 .fpu fpv4-sp-d16
  67              	XMC_WDT_Disable:
  68              	.LFB181:
  77:../Libraries/XMCLib/src/xmc_wdt.c **** 
  78:../Libraries/XMCLib/src/xmc_wdt.c **** /* Disables watchdog clock and resets watchdog. */
  79:../Libraries/XMCLib/src/xmc_wdt.c **** void XMC_WDT_Disable(void)
  80:../Libraries/XMCLib/src/xmc_wdt.c **** {
  69              	 .loc 1 80 1
  70              	 .cfi_startproc
  71              	 
  72              	 
  73 0000 80B5     	 push {r7,lr}
  74              	.LCFI2:
  75              	 .cfi_def_cfa_offset 8
  76              	 .cfi_offset 7,-8
  77              	 .cfi_offset 14,-4
  78 0002 00AF     	 add r7,sp,#0
  79              	.LCFI3:
  80              	 .cfi_def_cfa_register 7
  81:../Libraries/XMCLib/src/xmc_wdt.c **** #if defined(PERIPHERAL_RESET_SUPPORTED)
  82:../Libraries/XMCLib/src/xmc_wdt.c ****   XMC_SCU_RESET_AssertPeripheralReset(XMC_SCU_PERIPHERAL_RESET_WDT);
  81              	 .loc 1 82 3
  82 0004 0548     	 ldr r0,.L5
  83 0006 FFF7FEFF 	 bl XMC_SCU_RESET_AssertPeripheralReset
  83:../Libraries/XMCLib/src/xmc_wdt.c **** #endif
  84:../Libraries/XMCLib/src/xmc_wdt.c **** #if defined(CLOCK_GATING_SUPPORTED)
  85:../Libraries/XMCLib/src/xmc_wdt.c ****   XMC_SCU_CLOCK_GatePeripheralClock(XMC_SCU_PERIPHERAL_CLOCK_WDT);
  84              	 .loc 1 85 3
  85 000a 0448     	 ldr r0,.L5
  86 000c FFF7FEFF 	 bl XMC_SCU_CLOCK_GatePeripheralClock
  86:../Libraries/XMCLib/src/xmc_wdt.c **** #endif
  87:../Libraries/XMCLib/src/xmc_wdt.c **** 
  88:../Libraries/XMCLib/src/xmc_wdt.c **** #if UC_FAMILY == XMC4
  89:../Libraries/XMCLib/src/xmc_wdt.c ****   XMC_SCU_CLOCK_DisableClock(XMC_SCU_CLOCK_WDT);
  87              	 .loc 1 89 3
  88 0010 2020     	 movs r0,#32
  89 0012 FFF7FEFF 	 bl XMC_SCU_CLOCK_DisableClock
  90:../Libraries/XMCLib/src/xmc_wdt.c **** #endif
  91:../Libraries/XMCLib/src/xmc_wdt.c **** }
  90              	 .loc 1 91 1
  91 0016 00BF     	 nop
  92 0018 80BD     	 pop {r7,pc}
  93              	.L6:
  94 001a 00BF     	 .align 2
  95              	.L5:
  96 001c 02000020 	 .word 536870914
  97              	 .cfi_endproc
  98              	.LFE181:
 100              	 .section .text.XMC_WDT_Init,"ax",%progbits
 101              	 .align 1
 102              	 .global XMC_WDT_Init
 103              	 .syntax unified
 104              	 .thumb
 105              	 .thumb_func
 106              	 .fpu fpv4-sp-d16
 108              	XMC_WDT_Init:
 109              	.LFB182:
  92:../Libraries/XMCLib/src/xmc_wdt.c **** /* Initializes and configures watchdog with configuration data pointed by \a config. */
  93:../Libraries/XMCLib/src/xmc_wdt.c **** void XMC_WDT_Init(const XMC_WDT_CONFIG_t *const config)
  94:../Libraries/XMCLib/src/xmc_wdt.c **** {
 110              	 .loc 1 94 1
 111              	 .cfi_startproc
 112              	 
 113              	 
 114 0000 80B5     	 push {r7,lr}
 115              	.LCFI4:
 116              	 .cfi_def_cfa_offset 8
 117              	 .cfi_offset 7,-8
 118              	 .cfi_offset 14,-4
 119 0002 82B0     	 sub sp,sp,#8
 120              	.LCFI5:
 121              	 .cfi_def_cfa_offset 16
 122 0004 00AF     	 add r7,sp,#0
 123              	.LCFI6:
 124              	 .cfi_def_cfa_register 7
 125 0006 7860     	 str r0,[r7,#4]
  95:../Libraries/XMCLib/src/xmc_wdt.c ****   XMC_WDT_Enable();
 126              	 .loc 1 95 3
 127 0008 FFF7FEFF 	 bl XMC_WDT_Enable
  96:../Libraries/XMCLib/src/xmc_wdt.c ****   WDT->CTR = config->wdt_ctr;
 128              	 .loc 1 96 6
 129 000c 074A     	 ldr r2,.L8
 130              	 .loc 1 96 20
 131 000e 7B68     	 ldr r3,[r7,#4]
 132 0010 9B68     	 ldr r3,[r3,#8]
 133              	 .loc 1 96 12
 134 0012 5360     	 str r3,[r2,#4]
  97:../Libraries/XMCLib/src/xmc_wdt.c ****   WDT->WLB = config->window_lower_bound;
 135              	 .loc 1 97 6
 136 0014 054A     	 ldr r2,.L8
 137              	 .loc 1 97 20
 138 0016 7B68     	 ldr r3,[r7,#4]
 139 0018 5B68     	 ldr r3,[r3,#4]
 140              	 .loc 1 97 12
 141 001a 1361     	 str r3,[r2,#16]
  98:../Libraries/XMCLib/src/xmc_wdt.c ****   WDT->WUB = config->window_upper_bound;
 142              	 .loc 1 98 6
 143 001c 034A     	 ldr r2,.L8
 144              	 .loc 1 98 20
 145 001e 7B68     	 ldr r3,[r7,#4]
 146 0020 1B68     	 ldr r3,[r3]
 147              	 .loc 1 98 12
 148 0022 5361     	 str r3,[r2,#20]
  99:../Libraries/XMCLib/src/xmc_wdt.c **** }
 149              	 .loc 1 99 1
 150 0024 00BF     	 nop
 151 0026 0837     	 adds r7,r7,#8
 152              	.LCFI7:
 153              	 .cfi_def_cfa_offset 8
 154 0028 BD46     	 mov sp,r7
 155              	.LCFI8:
 156              	 .cfi_def_cfa_register 13
 157              	 
 158 002a 80BD     	 pop {r7,pc}
 159              	.L9:
 160              	 .align 2
 161              	.L8:
 162 002c 00800050 	 .word 1342210048
 163              	 .cfi_endproc
 164              	.LFE182:
 166              	 .text
 167              	.Letext0:
 168              	 .file 2 "c:\\program files (x86)\\gnu arm embedded toolchain\\10 2020-q4-major\\arm-none-eabi\\include\\machine\\_default_types.h"
 169              	 .file 3 "c:\\program files (x86)\\gnu arm embedded toolchain\\10 2020-q4-major\\arm-none-eabi\\include\\sys\\_stdint.h"
 170              	 .file 4 "C:/Workspaces/DAVE-4.4.2-64Bit/_PKDS_TSTS06_811_X47_V1_0/Libraries/CMSIS/Infineon/XMC4700_series/Include/XMC4700.h"
 171              	 .file 5 "C:/Workspaces/DAVE-4.4.2-64Bit/_PKDS_TSTS06_811_X47_V1_0/Libraries/XMCLib/inc/xmc4_scu.h"
 172              	 .file 6 "C:/Workspaces/DAVE-4.4.2-64Bit/_PKDS_TSTS06_811_X47_V1_0/Libraries/XMCLib/inc/xmc_wdt.h"
DEFINED SYMBOLS
                            *ABS*:00000000 xmc_wdt.c
    {standard input}:17     .text.XMC_WDT_Enable:00000000 $t
    {standard input}:25     .text.XMC_WDT_Enable:00000000 XMC_WDT_Enable
    {standard input}:55     .text.XMC_WDT_Enable:0000001c $d
    {standard input}:60     .text.XMC_WDT_Disable:00000000 $t
    {standard input}:67     .text.XMC_WDT_Disable:00000000 XMC_WDT_Disable
    {standard input}:96     .text.XMC_WDT_Disable:0000001c $d
    {standard input}:101    .text.XMC_WDT_Init:00000000 $t
    {standard input}:108    .text.XMC_WDT_Init:00000000 XMC_WDT_Init
    {standard input}:162    .text.XMC_WDT_Init:0000002c $d

UNDEFINED SYMBOLS
XMC_SCU_CLOCK_EnableClock
XMC_SCU_CLOCK_UngatePeripheralClock
XMC_SCU_RESET_DeassertPeripheralReset
XMC_SCU_RESET_AssertPeripheralReset
XMC_SCU_CLOCK_GatePeripheralClock
XMC_SCU_CLOCK_DisableClock
