   1              	 .cpu cortex-m4
   2              	 .eabi_attribute 27,1
   3              	 .eabi_attribute 20,1
   4              	 .eabi_attribute 21,1
   5              	 .eabi_attribute 23,3
   6              	 .eabi_attribute 24,1
   7              	 .eabi_attribute 25,1
   8              	 .eabi_attribute 26,1
   9              	 .eabi_attribute 30,6
  10              	 .eabi_attribute 34,1
  11              	 .eabi_attribute 18,4
  12              	 .file "xmc_dsd.c"
  13              	 .text
  14              	.Ltext0:
  15              	 .cfi_sections .debug_frame
  16              	 .section .text.XMC_DSD_Enable,"ax",%progbits
  17              	 .align 1
  18              	 .global XMC_DSD_Enable
  19              	 .arch armv7e-m
  20              	 .syntax unified
  21              	 .thumb
  22              	 .thumb_func
  23              	 .fpu fpv4-sp-d16
  25              	XMC_DSD_Enable:
  26              	.LFB189:
  27              	 .file 1 "../Libraries/XMCLib/src/xmc_dsd.c"
   1:../Libraries/XMCLib/src/xmc_dsd.c **** /**
   2:../Libraries/XMCLib/src/xmc_dsd.c ****  * @file xmc_dsd.c
   3:../Libraries/XMCLib/src/xmc_dsd.c ****  * @date 2019-05-07
   4:../Libraries/XMCLib/src/xmc_dsd.c ****  *
   5:../Libraries/XMCLib/src/xmc_dsd.c ****  * @cond
   6:../Libraries/XMCLib/src/xmc_dsd.c ****  *****************************************************************************
   7:../Libraries/XMCLib/src/xmc_dsd.c ****  * XMClib v2.2.0 - XMC Peripheral Driver Library
   8:../Libraries/XMCLib/src/xmc_dsd.c ****  *
   9:../Libraries/XMCLib/src/xmc_dsd.c ****  * Copyright (c) 2015-2020, Infineon Technologies AG
  10:../Libraries/XMCLib/src/xmc_dsd.c ****  * All rights reserved.
  11:../Libraries/XMCLib/src/xmc_dsd.c ****  *
  12:../Libraries/XMCLib/src/xmc_dsd.c ****  * Boost Software License - Version 1.0 - August 17th, 2003
  13:../Libraries/XMCLib/src/xmc_dsd.c ****  *
  14:../Libraries/XMCLib/src/xmc_dsd.c ****  * Permission is hereby granted, free of charge, to any person or organization
  15:../Libraries/XMCLib/src/xmc_dsd.c ****  * obtaining a copy of the software and accompanying documentation covered by
  16:../Libraries/XMCLib/src/xmc_dsd.c ****  * this license (the "Software") to use, reproduce, display, distribute,
  17:../Libraries/XMCLib/src/xmc_dsd.c ****  * execute, and transmit the Software, and to prepare derivative works of the
  18:../Libraries/XMCLib/src/xmc_dsd.c ****  * Software, and to permit third-parties to whom the Software is furnished to
  19:../Libraries/XMCLib/src/xmc_dsd.c ****  * do so, all subject to the following:
  20:../Libraries/XMCLib/src/xmc_dsd.c ****  *
  21:../Libraries/XMCLib/src/xmc_dsd.c ****  * The copyright notices in the Software and this entire statement, including
  22:../Libraries/XMCLib/src/xmc_dsd.c ****  * the above license grant, this restriction and the following disclaimer,
  23:../Libraries/XMCLib/src/xmc_dsd.c ****  * must be included in all copies of the Software, in whole or in part, and
  24:../Libraries/XMCLib/src/xmc_dsd.c ****  * all derivative works of the Software, unless such copies or derivative
  25:../Libraries/XMCLib/src/xmc_dsd.c ****  * works are solely in the form of machine-executable object code generated by
  26:../Libraries/XMCLib/src/xmc_dsd.c ****  * a source language processor.
  27:../Libraries/XMCLib/src/xmc_dsd.c ****  *
  28:../Libraries/XMCLib/src/xmc_dsd.c ****  * THE SOFTWARE IS PROVIDED "AS IS", WITHOUT WARRANTY OF ANY KIND, EXPRESS OR
  29:../Libraries/XMCLib/src/xmc_dsd.c ****  * IMPLIED, INCLUDING BUT NOT LIMITED TO THE WARRANTIES OF MERCHANTABILITY,
  30:../Libraries/XMCLib/src/xmc_dsd.c ****  * FITNESS FOR A PARTICULAR PURPOSE, TITLE AND NON-INFRINGEMENT. IN NO EVENT
  31:../Libraries/XMCLib/src/xmc_dsd.c ****  * SHALL THE COPYRIGHT HOLDERS OR ANYONE DISTRIBUTING THE SOFTWARE BE LIABLE
  32:../Libraries/XMCLib/src/xmc_dsd.c ****  * FOR ANY DAMAGES OR OTHER LIABILITY, WHETHER IN CONTRACT, TORT OR OTHERWISE,
  33:../Libraries/XMCLib/src/xmc_dsd.c ****  * ARISING FROM, OUT OF OR IN CONNECTION WITH THE SOFTWARE OR THE USE OR OTHER
  34:../Libraries/XMCLib/src/xmc_dsd.c ****  * DEALINGS IN THE SOFTWARE.
  35:../Libraries/XMCLib/src/xmc_dsd.c ****  *
  36:../Libraries/XMCLib/src/xmc_dsd.c ****  * To improve the quality of the software, users are encouraged to share
  37:../Libraries/XMCLib/src/xmc_dsd.c ****  * modifications, enhancements or bug fixes with Infineon Technologies AG
  38:../Libraries/XMCLib/src/xmc_dsd.c ****  * at XMCSupport@infineon.com.
  39:../Libraries/XMCLib/src/xmc_dsd.c ****  *****************************************************************************
  40:../Libraries/XMCLib/src/xmc_dsd.c ****  *
  41:../Libraries/XMCLib/src/xmc_dsd.c ****  * Change History
  42:../Libraries/XMCLib/src/xmc_dsd.c ****  * --------------
  43:../Libraries/XMCLib/src/xmc_dsd.c ****  *
  44:../Libraries/XMCLib/src/xmc_dsd.c ****  * 2015-03-30:
  45:../Libraries/XMCLib/src/xmc_dsd.c ****  *     - Initial version
  46:../Libraries/XMCLib/src/xmc_dsd.c ****  *
  47:../Libraries/XMCLib/src/xmc_dsd.c ****  * 2015-06-19:
  48:../Libraries/XMCLib/src/xmc_dsd.c ****  *     - Removed GetDriverVersion API <BR>
  49:../Libraries/XMCLib/src/xmc_dsd.c ****  *
  50:../Libraries/XMCLib/src/xmc_dsd.c ****  * 2015-09-18:
  51:../Libraries/XMCLib/src/xmc_dsd.c ****  *     - Support added for XMC4800 microcontroller family <BR>
  52:../Libraries/XMCLib/src/xmc_dsd.c ****  *
  53:../Libraries/XMCLib/src/xmc_dsd.c ****  * 2019-05-07:
  54:../Libraries/XMCLib/src/xmc_dsd.c ****  *     - Fixed compilation warnings
  55:../Libraries/XMCLib/src/xmc_dsd.c ****  *
  56:../Libraries/XMCLib/src/xmc_dsd.c ****  * @endcond
  57:../Libraries/XMCLib/src/xmc_dsd.c ****  *
  58:../Libraries/XMCLib/src/xmc_dsd.c ****  */
  59:../Libraries/XMCLib/src/xmc_dsd.c **** 
  60:../Libraries/XMCLib/src/xmc_dsd.c **** /**************************************************************************************************
  61:../Libraries/XMCLib/src/xmc_dsd.c ****  * HEADER FILES
  62:../Libraries/XMCLib/src/xmc_dsd.c ****  **************************************************************************************************
  63:../Libraries/XMCLib/src/xmc_dsd.c **** #include "xmc_dsd.h"
  64:../Libraries/XMCLib/src/xmc_dsd.c **** 
  65:../Libraries/XMCLib/src/xmc_dsd.c **** #if defined(DSD)
  66:../Libraries/XMCLib/src/xmc_dsd.c **** 
  67:../Libraries/XMCLib/src/xmc_dsd.c **** /**************************************************************************************************
  68:../Libraries/XMCLib/src/xmc_dsd.c ****  * MACROS
  69:../Libraries/XMCLib/src/xmc_dsd.c ****  **************************************************************************************************
  70:../Libraries/XMCLib/src/xmc_dsd.c **** 
  71:../Libraries/XMCLib/src/xmc_dsd.c **** #define XMC_DSD_MIN_FILTER_START  (4U)
  72:../Libraries/XMCLib/src/xmc_dsd.c **** #define XMC_DSD_MIN_DECIMATION_FACTOR (4U)
  73:../Libraries/XMCLib/src/xmc_dsd.c **** #define XMC_DSD_MAX_DECIMATION_FACTOR (256U)
  74:../Libraries/XMCLib/src/xmc_dsd.c **** #define XMC_DSD_MAX_DECIMATION_FACTOR_AUX (32U)
  75:../Libraries/XMCLib/src/xmc_dsd.c **** 
  76:../Libraries/XMCLib/src/xmc_dsd.c **** /**************************************************************************************************
  77:../Libraries/XMCLib/src/xmc_dsd.c ****  * API IMPLEMENTATION
  78:../Libraries/XMCLib/src/xmc_dsd.c ****  **************************************************************************************************
  79:../Libraries/XMCLib/src/xmc_dsd.c **** 
  80:../Libraries/XMCLib/src/xmc_dsd.c **** /*Enable the DSD Module*/
  81:../Libraries/XMCLib/src/xmc_dsd.c **** void XMC_DSD_Enable(XMC_DSD_t *const dsd)
  82:../Libraries/XMCLib/src/xmc_dsd.c **** {
  28              	 .loc 1 82 1
  29              	 .cfi_startproc
  30              	 
  31              	 
  32 0000 80B5     	 push {r7,lr}
  33              	.LCFI0:
  34              	 .cfi_def_cfa_offset 8
  35              	 .cfi_offset 7,-8
  36              	 .cfi_offset 14,-4
  37 0002 82B0     	 sub sp,sp,#8
  38              	.LCFI1:
  39              	 .cfi_def_cfa_offset 16
  40 0004 00AF     	 add r7,sp,#0
  41              	.LCFI2:
  42              	 .cfi_def_cfa_register 7
  43 0006 7860     	 str r0,[r7,#4]
  83:../Libraries/XMCLib/src/xmc_dsd.c ****   XMC_ASSERT("XMC_DSD_Enable:Invalid module pointer", XMC_DSD_CHECK_MODULE_PTR(dsd));
  84:../Libraries/XMCLib/src/xmc_dsd.c ****   XMC_UNUSED_ARG(dsd);
  85:../Libraries/XMCLib/src/xmc_dsd.c **** 
  86:../Libraries/XMCLib/src/xmc_dsd.c **** #if defined(CLOCK_GATING_SUPPORTED)
  87:../Libraries/XMCLib/src/xmc_dsd.c ****   XMC_SCU_CLOCK_UngatePeripheralClock(XMC_SCU_PERIPHERAL_CLOCK_DSD);
  44              	 .loc 1 87 3
  45 0008 0220     	 movs r0,#2
  46 000a FFF7FEFF 	 bl XMC_SCU_CLOCK_UngatePeripheralClock
  88:../Libraries/XMCLib/src/xmc_dsd.c **** #endif
  89:../Libraries/XMCLib/src/xmc_dsd.c ****   XMC_SCU_RESET_DeassertPeripheralReset(XMC_SCU_PERIPHERAL_RESET_DSD);
  47              	 .loc 1 89 3
  48 000e 0220     	 movs r0,#2
  49 0010 FFF7FEFF 	 bl XMC_SCU_RESET_DeassertPeripheralReset
  90:../Libraries/XMCLib/src/xmc_dsd.c **** }
  50              	 .loc 1 90 1
  51 0014 00BF     	 nop
  52 0016 0837     	 adds r7,r7,#8
  53              	.LCFI3:
  54              	 .cfi_def_cfa_offset 8
  55 0018 BD46     	 mov sp,r7
  56              	.LCFI4:
  57              	 .cfi_def_cfa_register 13
  58              	 
  59 001a 80BD     	 pop {r7,pc}
  60              	 .cfi_endproc
  61              	.LFE189:
  63              	 .section .text.XMC_DSD_Disable,"ax",%progbits
  64              	 .align 1
  65              	 .global XMC_DSD_Disable
  66              	 .syntax unified
  67              	 .thumb
  68              	 .thumb_func
  69              	 .fpu fpv4-sp-d16
  71              	XMC_DSD_Disable:
  72              	.LFB190:
  91:../Libraries/XMCLib/src/xmc_dsd.c **** 
  92:../Libraries/XMCLib/src/xmc_dsd.c **** /*Disable the DSD Module*/
  93:../Libraries/XMCLib/src/xmc_dsd.c **** void XMC_DSD_Disable(XMC_DSD_t *const dsd)
  94:../Libraries/XMCLib/src/xmc_dsd.c **** {
  73              	 .loc 1 94 1
  74              	 .cfi_startproc
  75              	 
  76              	 
  77 0000 80B5     	 push {r7,lr}
  78              	.LCFI5:
  79              	 .cfi_def_cfa_offset 8
  80              	 .cfi_offset 7,-8
  81              	 .cfi_offset 14,-4
  82 0002 82B0     	 sub sp,sp,#8
  83              	.LCFI6:
  84              	 .cfi_def_cfa_offset 16
  85 0004 00AF     	 add r7,sp,#0
  86              	.LCFI7:
  87              	 .cfi_def_cfa_register 7
  88 0006 7860     	 str r0,[r7,#4]
  95:../Libraries/XMCLib/src/xmc_dsd.c ****   XMC_ASSERT("XMC_DSD_Disable:Invalid module pointer", XMC_DSD_CHECK_MODULE_PTR(dsd));
  96:../Libraries/XMCLib/src/xmc_dsd.c ****   XMC_UNUSED_ARG(dsd);
  97:../Libraries/XMCLib/src/xmc_dsd.c **** 
  98:../Libraries/XMCLib/src/xmc_dsd.c ****   XMC_SCU_RESET_AssertPeripheralReset(XMC_SCU_PERIPHERAL_RESET_DSD);
  89              	 .loc 1 98 3
  90 0008 0220     	 movs r0,#2
  91 000a FFF7FEFF 	 bl XMC_SCU_RESET_AssertPeripheralReset
  99:../Libraries/XMCLib/src/xmc_dsd.c **** #if defined(CLOCK_GATING_SUPPORTED)
 100:../Libraries/XMCLib/src/xmc_dsd.c ****   XMC_SCU_CLOCK_GatePeripheralClock(XMC_SCU_PERIPHERAL_CLOCK_DSD);
  92              	 .loc 1 100 3
  93 000e 0220     	 movs r0,#2
  94 0010 FFF7FEFF 	 bl XMC_SCU_CLOCK_GatePeripheralClock
 101:../Libraries/XMCLib/src/xmc_dsd.c **** #endif
 102:../Libraries/XMCLib/src/xmc_dsd.c **** }
  95              	 .loc 1 102 1
  96 0014 00BF     	 nop
  97 0016 0837     	 adds r7,r7,#8
  98              	.LCFI8:
  99              	 .cfi_def_cfa_offset 8
 100 0018 BD46     	 mov sp,r7
 101              	.LCFI9:
 102              	 .cfi_def_cfa_register 13
 103              	 
 104 001a 80BD     	 pop {r7,pc}
 105              	 .cfi_endproc
 106              	.LFE190:
 108              	 .section .text.XMC_DSD_EnableClock,"ax",%progbits
 109              	 .align 1
 110              	 .global XMC_DSD_EnableClock
 111              	 .syntax unified
 112              	 .thumb
 113              	 .thumb_func
 114              	 .fpu fpv4-sp-d16
 116              	XMC_DSD_EnableClock:
 117              	.LFB191:
 103:../Libraries/XMCLib/src/xmc_dsd.c **** 
 104:../Libraries/XMCLib/src/xmc_dsd.c **** /* Enable the module clock*/
 105:../Libraries/XMCLib/src/xmc_dsd.c **** void XMC_DSD_EnableClock(XMC_DSD_t *const dsd)
 106:../Libraries/XMCLib/src/xmc_dsd.c **** {
 118              	 .loc 1 106 1
 119              	 .cfi_startproc
 120              	 
 121              	 
 122              	 
 123 0000 80B4     	 push {r7}
 124              	.LCFI10:
 125              	 .cfi_def_cfa_offset 4
 126              	 .cfi_offset 7,-4
 127 0002 83B0     	 sub sp,sp,#12
 128              	.LCFI11:
 129              	 .cfi_def_cfa_offset 16
 130 0004 00AF     	 add r7,sp,#0
 131              	.LCFI12:
 132              	 .cfi_def_cfa_register 7
 133 0006 7860     	 str r0,[r7,#4]
 107:../Libraries/XMCLib/src/xmc_dsd.c ****   XMC_ASSERT("XMC_DSD_EnableClock:Invalid module pointer", XMC_DSD_CHECK_MODULE_PTR(dsd));
 108:../Libraries/XMCLib/src/xmc_dsd.c ****   /* Enable the module clock */
 109:../Libraries/XMCLib/src/xmc_dsd.c ****   dsd->CLC &= ~(uint32_t)DSD_CLC_DISR_Msk;
 134              	 .loc 1 109 12
 135 0008 7B68     	 ldr r3,[r7,#4]
 136 000a 1B68     	 ldr r3,[r3]
 137 000c 23F00102 	 bic r2,r3,#1
 138 0010 7B68     	 ldr r3,[r7,#4]
 139 0012 1A60     	 str r2,[r3]
 110:../Libraries/XMCLib/src/xmc_dsd.c ****   /* enable internal module clock */
 111:../Libraries/XMCLib/src/xmc_dsd.c ****   dsd ->GLOBCFG |= (uint32_t)0x01;
 140              	 .loc 1 111 17
 141 0014 7B68     	 ldr r3,[r7,#4]
 142 0016 D3F88030 	 ldr r3,[r3,#128]
 143 001a 43F00102 	 orr r2,r3,#1
 144 001e 7B68     	 ldr r3,[r7,#4]
 145 0020 C3F88020 	 str r2,[r3,#128]
 112:../Libraries/XMCLib/src/xmc_dsd.c **** }
 146              	 .loc 1 112 1
 147 0024 00BF     	 nop
 148 0026 0C37     	 adds r7,r7,#12
 149              	.LCFI13:
 150              	 .cfi_def_cfa_offset 4
 151 0028 BD46     	 mov sp,r7
 152              	.LCFI14:
 153              	 .cfi_def_cfa_register 13
 154              	 
 155 002a 5DF8047B 	 ldr r7,[sp],#4
 156              	.LCFI15:
 157              	 .cfi_restore 7
 158              	 .cfi_def_cfa_offset 0
 159 002e 7047     	 bx lr
 160              	 .cfi_endproc
 161              	.LFE191:
 163              	 .section .text.XMC_DSD_DisableClock,"ax",%progbits
 164              	 .align 1
 165              	 .global XMC_DSD_DisableClock
 166              	 .syntax unified
 167              	 .thumb
 168              	 .thumb_func
 169              	 .fpu fpv4-sp-d16
 171              	XMC_DSD_DisableClock:
 172              	.LFB192:
 113:../Libraries/XMCLib/src/xmc_dsd.c **** 
 114:../Libraries/XMCLib/src/xmc_dsd.c **** void XMC_DSD_DisableClock(XMC_DSD_t *const dsd)
 115:../Libraries/XMCLib/src/xmc_dsd.c **** {
 173              	 .loc 1 115 1
 174              	 .cfi_startproc
 175              	 
 176              	 
 177              	 
 178 0000 80B4     	 push {r7}
 179              	.LCFI16:
 180              	 .cfi_def_cfa_offset 4
 181              	 .cfi_offset 7,-4
 182 0002 83B0     	 sub sp,sp,#12
 183              	.LCFI17:
 184              	 .cfi_def_cfa_offset 16
 185 0004 00AF     	 add r7,sp,#0
 186              	.LCFI18:
 187              	 .cfi_def_cfa_register 7
 188 0006 7860     	 str r0,[r7,#4]
 116:../Libraries/XMCLib/src/xmc_dsd.c ****   XMC_ASSERT("XMC_DSD_DisableClock:Invalid module pointer", XMC_DSD_CHECK_MODULE_PTR(dsd));
 117:../Libraries/XMCLib/src/xmc_dsd.c **** 
 118:../Libraries/XMCLib/src/xmc_dsd.c ****   /* disable internal module clock */
 119:../Libraries/XMCLib/src/xmc_dsd.c ****   dsd->GLOBCFG &= ~(uint32_t)DSD_GLOBCFG_MCSEL_Msk;
 189              	 .loc 1 119 16
 190 0008 7B68     	 ldr r3,[r7,#4]
 191 000a D3F88030 	 ldr r3,[r3,#128]
 192 000e 23F00702 	 bic r2,r3,#7
 193 0012 7B68     	 ldr r3,[r7,#4]
 194 0014 C3F88020 	 str r2,[r3,#128]
 120:../Libraries/XMCLib/src/xmc_dsd.c **** 
 121:../Libraries/XMCLib/src/xmc_dsd.c ****   /* stop the module clock */
 122:../Libraries/XMCLib/src/xmc_dsd.c ****   dsd->CLC |= (uint32_t)DSD_CLC_DISR_Msk;
 195              	 .loc 1 122 12
 196 0018 7B68     	 ldr r3,[r7,#4]
 197 001a 1B68     	 ldr r3,[r3]
 198 001c 43F00102 	 orr r2,r3,#1
 199 0020 7B68     	 ldr r3,[r7,#4]
 200 0022 1A60     	 str r2,[r3]
 123:../Libraries/XMCLib/src/xmc_dsd.c **** 
 124:../Libraries/XMCLib/src/xmc_dsd.c **** }
 201              	 .loc 1 124 1
 202 0024 00BF     	 nop
 203 0026 0C37     	 adds r7,r7,#12
 204              	.LCFI19:
 205              	 .cfi_def_cfa_offset 4
 206 0028 BD46     	 mov sp,r7
 207              	.LCFI20:
 208              	 .cfi_def_cfa_register 13
 209              	 
 210 002a 5DF8047B 	 ldr r7,[sp],#4
 211              	.LCFI21:
 212              	 .cfi_restore 7
 213              	 .cfi_def_cfa_offset 0
 214 002e 7047     	 bx lr
 215              	 .cfi_endproc
 216              	.LFE192:
 218              	 .section .text.XMC_DSD_Init,"ax",%progbits
 219              	 .align 1
 220              	 .global XMC_DSD_Init
 221              	 .syntax unified
 222              	 .thumb
 223              	 .thumb_func
 224              	 .fpu fpv4-sp-d16
 226              	XMC_DSD_Init:
 227              	.LFB193:
 125:../Libraries/XMCLib/src/xmc_dsd.c **** 
 126:../Libraries/XMCLib/src/xmc_dsd.c **** /* Enable the DSD module and clock */
 127:../Libraries/XMCLib/src/xmc_dsd.c **** void XMC_DSD_Init(XMC_DSD_t *const dsd)
 128:../Libraries/XMCLib/src/xmc_dsd.c **** {
 228              	 .loc 1 128 1
 229              	 .cfi_startproc
 230              	 
 231              	 
 232 0000 80B5     	 push {r7,lr}
 233              	.LCFI22:
 234              	 .cfi_def_cfa_offset 8
 235              	 .cfi_offset 7,-8
 236              	 .cfi_offset 14,-4
 237 0002 82B0     	 sub sp,sp,#8
 238              	.LCFI23:
 239              	 .cfi_def_cfa_offset 16
 240 0004 00AF     	 add r7,sp,#0
 241              	.LCFI24:
 242              	 .cfi_def_cfa_register 7
 243 0006 7860     	 str r0,[r7,#4]
 129:../Libraries/XMCLib/src/xmc_dsd.c ****   XMC_ASSERT("XMC_DSD_Init:Invalid module pointer", XMC_DSD_CHECK_MODULE_PTR(dsd));
 130:../Libraries/XMCLib/src/xmc_dsd.c ****   XMC_DSD_Enable(dsd);
 244              	 .loc 1 130 3
 245 0008 7868     	 ldr r0,[r7,#4]
 246 000a FFF7FEFF 	 bl XMC_DSD_Enable
 131:../Libraries/XMCLib/src/xmc_dsd.c ****   XMC_DSD_EnableClock(dsd);
 247              	 .loc 1 131 3
 248 000e 7868     	 ldr r0,[r7,#4]
 249 0010 FFF7FEFF 	 bl XMC_DSD_EnableClock
 132:../Libraries/XMCLib/src/xmc_dsd.c **** }
 250              	 .loc 1 132 1
 251 0014 00BF     	 nop
 252 0016 0837     	 adds r7,r7,#8
 253              	.LCFI25:
 254              	 .cfi_def_cfa_offset 8
 255 0018 BD46     	 mov sp,r7
 256              	.LCFI26:
 257              	 .cfi_def_cfa_register 13
 258              	 
 259 001a 80BD     	 pop {r7,pc}
 260              	 .cfi_endproc
 261              	.LFE193:
 263              	 .section .text.XMC_DSD_IsEnabled,"ax",%progbits
 264              	 .align 1
 265              	 .global XMC_DSD_IsEnabled
 266              	 .syntax unified
 267              	 .thumb
 268              	 .thumb_func
 269              	 .fpu fpv4-sp-d16
 271              	XMC_DSD_IsEnabled:
 272              	.LFB194:
 133:../Libraries/XMCLib/src/xmc_dsd.c **** 
 134:../Libraries/XMCLib/src/xmc_dsd.c **** bool XMC_DSD_IsEnabled(XMC_DSD_t *const dsd)
 135:../Libraries/XMCLib/src/xmc_dsd.c **** {
 273              	 .loc 1 135 1
 274              	 .cfi_startproc
 275              	 
 276              	 
 277 0000 80B5     	 push {r7,lr}
 278              	.LCFI27:
 279              	 .cfi_def_cfa_offset 8
 280              	 .cfi_offset 7,-8
 281              	 .cfi_offset 14,-4
 282 0002 84B0     	 sub sp,sp,#16
 283              	.LCFI28:
 284              	 .cfi_def_cfa_offset 24
 285 0004 00AF     	 add r7,sp,#0
 286              	.LCFI29:
 287              	 .cfi_def_cfa_register 7
 288 0006 7860     	 str r0,[r7,#4]
 136:../Libraries/XMCLib/src/xmc_dsd.c ****   bool status;
 137:../Libraries/XMCLib/src/xmc_dsd.c ****   XMC_ASSERT("XMC_DSD_Disable:Invalid module pointer", XMC_DSD_CHECK_MODULE_PTR(dsd));
 138:../Libraries/XMCLib/src/xmc_dsd.c ****   XMC_UNUSED_ARG(dsd);
 139:../Libraries/XMCLib/src/xmc_dsd.c **** 
 140:../Libraries/XMCLib/src/xmc_dsd.c **** #if ((UC_SERIES == XMC44) || (UC_SERIES == XMC48)||(UC_SERIES == XMC47))
 141:../Libraries/XMCLib/src/xmc_dsd.c ****   if (XMC_SCU_RESET_IsPeripheralResetAsserted(XMC_SCU_PERIPHERAL_RESET_DSD) == false)
 289              	 .loc 1 141 7
 290 0008 0220     	 movs r0,#2
 291 000a FFF7FEFF 	 bl XMC_SCU_RESET_IsPeripheralResetAsserted
 292 000e 0346     	 mov r3,r0
 293              	 .loc 1 141 77
 294 0010 83F00103 	 eor r3,r3,#1
 295 0014 DBB2     	 uxtb r3,r3
 296              	 .loc 1 141 6
 297 0016 002B     	 cmp r3,#0
 298 0018 0ED0     	 beq .L7
 142:../Libraries/XMCLib/src/xmc_dsd.c ****   {
 143:../Libraries/XMCLib/src/xmc_dsd.c ****     if (XMC_SCU_CLOCK_IsPeripheralClockGated(XMC_SCU_PERIPHERAL_CLOCK_DSD) == false)
 299              	 .loc 1 143 9
 300 001a 0220     	 movs r0,#2
 301 001c FFF7FEFF 	 bl XMC_SCU_CLOCK_IsPeripheralClockGated
 302 0020 0346     	 mov r3,r0
 303              	 .loc 1 143 76
 304 0022 83F00103 	 eor r3,r3,#1
 305 0026 DBB2     	 uxtb r3,r3
 306              	 .loc 1 143 8
 307 0028 002B     	 cmp r3,#0
 308 002a 02D0     	 beq .L8
 144:../Libraries/XMCLib/src/xmc_dsd.c ****     {
 145:../Libraries/XMCLib/src/xmc_dsd.c ****       status = true;
 309              	 .loc 1 145 14
 310 002c 0123     	 movs r3,#1
 311 002e FB73     	 strb r3,[r7,#15]
 312 0030 04E0     	 b .L9
 313              	.L8:
 146:../Libraries/XMCLib/src/xmc_dsd.c ****     }
 147:../Libraries/XMCLib/src/xmc_dsd.c ****     else
 148:../Libraries/XMCLib/src/xmc_dsd.c ****     {
 149:../Libraries/XMCLib/src/xmc_dsd.c ****       status = false;
 314              	 .loc 1 149 14
 315 0032 0023     	 movs r3,#0
 316 0034 FB73     	 strb r3,[r7,#15]
 317 0036 01E0     	 b .L9
 318              	.L7:
 150:../Libraries/XMCLib/src/xmc_dsd.c ****     }
 151:../Libraries/XMCLib/src/xmc_dsd.c ****   }
 152:../Libraries/XMCLib/src/xmc_dsd.c ****   else
 153:../Libraries/XMCLib/src/xmc_dsd.c ****   {
 154:../Libraries/XMCLib/src/xmc_dsd.c ****     status = false;
 319              	 .loc 1 154 12
 320 0038 0023     	 movs r3,#0
 321 003a FB73     	 strb r3,[r7,#15]
 322              	.L9:
 155:../Libraries/XMCLib/src/xmc_dsd.c ****   }
 156:../Libraries/XMCLib/src/xmc_dsd.c **** #else
 157:../Libraries/XMCLib/src/xmc_dsd.c ****   if (XMC_SCU_RESET_IsPeripheralResetAsserted(XMC_SCU_PERIPHERAL_RESET_DSD) == false)
 158:../Libraries/XMCLib/src/xmc_dsd.c ****   {
 159:../Libraries/XMCLib/src/xmc_dsd.c ****     status = true;
 160:../Libraries/XMCLib/src/xmc_dsd.c ****   }
 161:../Libraries/XMCLib/src/xmc_dsd.c ****   else
 162:../Libraries/XMCLib/src/xmc_dsd.c ****   {
 163:../Libraries/XMCLib/src/xmc_dsd.c ****     status = false;
 164:../Libraries/XMCLib/src/xmc_dsd.c ****   }
 165:../Libraries/XMCLib/src/xmc_dsd.c **** #endif
 166:../Libraries/XMCLib/src/xmc_dsd.c **** 
 167:../Libraries/XMCLib/src/xmc_dsd.c ****   return (status);
 323              	 .loc 1 167 10
 324 003c FB7B     	 ldrb r3,[r7,#15]
 168:../Libraries/XMCLib/src/xmc_dsd.c **** }
 325              	 .loc 1 168 1
 326 003e 1846     	 mov r0,r3
 327 0040 1037     	 adds r7,r7,#16
 328              	.LCFI30:
 329              	 .cfi_def_cfa_offset 8
 330 0042 BD46     	 mov sp,r7
 331              	.LCFI31:
 332              	 .cfi_def_cfa_register 13
 333              	 
 334 0044 80BD     	 pop {r7,pc}
 335              	 .cfi_endproc
 336              	.LFE194:
 338              	 .section .text.XMC_DSD_Generator_Init,"ax",%progbits
 339              	 .align 1
 340              	 .global XMC_DSD_Generator_Init
 341              	 .syntax unified
 342              	 .thumb
 343              	 .thumb_func
 344              	 .fpu fpv4-sp-d16
 346              	XMC_DSD_Generator_Init:
 347              	.LFB195:
 169:../Libraries/XMCLib/src/xmc_dsd.c **** 
 170:../Libraries/XMCLib/src/xmc_dsd.c **** /*Initializes the Waveform Generator*/
 171:../Libraries/XMCLib/src/xmc_dsd.c **** void XMC_DSD_Generator_Init(XMC_DSD_t *const dsd, const XMC_DSD_GENERATOR_CONFIG_t *const config)
 172:../Libraries/XMCLib/src/xmc_dsd.c **** {
 348              	 .loc 1 172 1
 349              	 .cfi_startproc
 350              	 
 351              	 
 352              	 
 353 0000 80B4     	 push {r7}
 354              	.LCFI32:
 355              	 .cfi_def_cfa_offset 4
 356              	 .cfi_offset 7,-4
 357 0002 83B0     	 sub sp,sp,#12
 358              	.LCFI33:
 359              	 .cfi_def_cfa_offset 16
 360 0004 00AF     	 add r7,sp,#0
 361              	.LCFI34:
 362              	 .cfi_def_cfa_register 7
 363 0006 7860     	 str r0,[r7,#4]
 364 0008 3960     	 str r1,[r7]
 173:../Libraries/XMCLib/src/xmc_dsd.c ****   XMC_ASSERT("XMC_DSD_GENERATOR_Init:Invalid module pointer", XMC_DSD_CHECK_MODULE_PTR(dsd));
 174:../Libraries/XMCLib/src/xmc_dsd.c ****   XMC_ASSERT("XMC_DSD_GENERATOR_Init:NULL Pointer", (config != (XMC_DSD_GENERATOR_CONFIG_t *)NULL) 
 175:../Libraries/XMCLib/src/xmc_dsd.c ****   /* Reset Generator */
 176:../Libraries/XMCLib/src/xmc_dsd.c ****   dsd ->CGCFG &= ~((uint32_t)DSD_CGCFG_CGMOD_Msk | (uint32_t)DSD_CGCFG_BREV_Msk | (uint32_t)DSD_CGC
 365              	 .loc 1 176 15
 366 000a 7B68     	 ldr r3,[r7,#4]
 367 000c D3F8A030 	 ldr r3,[r3,#160]
 368 0010 23F0FF02 	 bic r2,r3,#255
 369 0014 7B68     	 ldr r3,[r7,#4]
 370 0016 C3F8A020 	 str r2,[r3,#160]
 177:../Libraries/XMCLib/src/xmc_dsd.c **** 
 178:../Libraries/XMCLib/src/xmc_dsd.c ****   /* Generator configuration */
 179:../Libraries/XMCLib/src/xmc_dsd.c ****   dsd ->CGCFG = config->generator_conf;
 371              	 .loc 1 179 23
 372 001a 3B68     	 ldr r3,[r7]
 373 001c 1A68     	 ldr r2,[r3]
 374              	 .loc 1 179 15
 375 001e 7B68     	 ldr r3,[r7,#4]
 376 0020 C3F8A020 	 str r2,[r3,#160]
 180:../Libraries/XMCLib/src/xmc_dsd.c **** }
 377              	 .loc 1 180 1
 378 0024 00BF     	 nop
 379 0026 0C37     	 adds r7,r7,#12
 380              	.LCFI35:
 381              	 .cfi_def_cfa_offset 4
 382 0028 BD46     	 mov sp,r7
 383              	.LCFI36:
 384              	 .cfi_def_cfa_register 13
 385              	 
 386 002a 5DF8047B 	 ldr r7,[sp],#4
 387              	.LCFI37:
 388              	 .cfi_restore 7
 389              	 .cfi_def_cfa_offset 0
 390 002e 7047     	 bx lr
 391              	 .cfi_endproc
 392              	.LFE195:
 394              	 .section .text.XMC_DSD_CH_Init,"ax",%progbits
 395              	 .align 1
 396              	 .global XMC_DSD_CH_Init
 397              	 .syntax unified
 398              	 .thumb
 399              	 .thumb_func
 400              	 .fpu fpv4-sp-d16
 402              	XMC_DSD_CH_Init:
 403              	.LFB196:
 181:../Libraries/XMCLib/src/xmc_dsd.c **** 
 182:../Libraries/XMCLib/src/xmc_dsd.c **** /* Initialize main filter,auxiliary filter,integrator, rectifier and timestamp of DSD*/
 183:../Libraries/XMCLib/src/xmc_dsd.c **** XMC_DSD_STATUS_t XMC_DSD_CH_Init( XMC_DSD_CH_t *const channel, const XMC_DSD_CH_CONFIG_t *const con
 184:../Libraries/XMCLib/src/xmc_dsd.c **** {
 404              	 .loc 1 184 1
 405              	 .cfi_startproc
 406              	 
 407              	 
 408 0000 80B5     	 push {r7,lr}
 409              	.LCFI38:
 410              	 .cfi_def_cfa_offset 8
 411              	 .cfi_offset 7,-8
 412              	 .cfi_offset 14,-4
 413 0002 84B0     	 sub sp,sp,#16
 414              	.LCFI39:
 415              	 .cfi_def_cfa_offset 24
 416 0004 00AF     	 add r7,sp,#0
 417              	.LCFI40:
 418              	 .cfi_def_cfa_register 7
 419 0006 7860     	 str r0,[r7,#4]
 420 0008 3960     	 str r1,[r7]
 185:../Libraries/XMCLib/src/xmc_dsd.c ****   XMC_DSD_STATUS_t status;
 186:../Libraries/XMCLib/src/xmc_dsd.c **** 
 187:../Libraries/XMCLib/src/xmc_dsd.c ****   XMC_ASSERT("XMC_DSD_CH_Init:Invalid module pointer", XMC_DSD_CHECK_CHANNEL_PTR(channel));
 188:../Libraries/XMCLib/src/xmc_dsd.c ****   XMC_ASSERT("XMC_DSD_CH_Init:NULL Pointer", (config != (XMC_DSD_CH_CONFIG_t *)NULL) );
 189:../Libraries/XMCLib/src/xmc_dsd.c **** 
 190:../Libraries/XMCLib/src/xmc_dsd.c ****   if (config->filter != (XMC_DSD_CH_FILTER_CONFIG_t *)NULL)
 421              	 .loc 1 190 13
 422 000a 3B68     	 ldr r3,[r7]
 423 000c 1B68     	 ldr r3,[r3]
 424              	 .loc 1 190 6
 425 000e 002B     	 cmp r3,#0
 426 0010 30D0     	 beq .L13
 191:../Libraries/XMCLib/src/xmc_dsd.c ****   {
 192:../Libraries/XMCLib/src/xmc_dsd.c ****     XMC_DSD_CH_MainFilter_Init(channel, config->filter);
 427              	 .loc 1 192 47
 428 0012 3B68     	 ldr r3,[r7]
 429 0014 1B68     	 ldr r3,[r3]
 430              	 .loc 1 192 5
 431 0016 1946     	 mov r1,r3
 432 0018 7868     	 ldr r0,[r7,#4]
 433 001a FFF7FEFF 	 bl XMC_DSD_CH_MainFilter_Init
 193:../Libraries/XMCLib/src/xmc_dsd.c **** 
 194:../Libraries/XMCLib/src/xmc_dsd.c ****     if (config->aux != (XMC_DSD_CH_AUX_FILTER_CONFIG_t *)NULL)
 434              	 .loc 1 194 15
 435 001e 3B68     	 ldr r3,[r7]
 436 0020 DB68     	 ldr r3,[r3,#12]
 437              	 .loc 1 194 8
 438 0022 002B     	 cmp r3,#0
 439 0024 05D0     	 beq .L14
 195:../Libraries/XMCLib/src/xmc_dsd.c ****     {
 196:../Libraries/XMCLib/src/xmc_dsd.c ****       XMC_DSD_CH_AuxFilter_Init(channel, config->aux);
 440              	 .loc 1 196 48
 441 0026 3B68     	 ldr r3,[r7]
 442 0028 DB68     	 ldr r3,[r3,#12]
 443              	 .loc 1 196 7
 444 002a 1946     	 mov r1,r3
 445 002c 7868     	 ldr r0,[r7,#4]
 446 002e FFF7FEFF 	 bl XMC_DSD_CH_AuxFilter_Init
 447              	.L14:
 197:../Libraries/XMCLib/src/xmc_dsd.c ****     }
 198:../Libraries/XMCLib/src/xmc_dsd.c ****     if (config->integrator != (XMC_DSD_CH_INTEGRATOR_CONFIG_t *)NULL)
 448              	 .loc 1 198 15
 449 0032 3B68     	 ldr r3,[r7]
 450 0034 5B68     	 ldr r3,[r3,#4]
 451              	 .loc 1 198 8
 452 0036 002B     	 cmp r3,#0
 453 0038 05D0     	 beq .L15
 199:../Libraries/XMCLib/src/xmc_dsd.c ****     {
 200:../Libraries/XMCLib/src/xmc_dsd.c ****       XMC_DSD_CH_Integrator_Init(channel, config->integrator);
 454              	 .loc 1 200 49
 455 003a 3B68     	 ldr r3,[r7]
 456 003c 5B68     	 ldr r3,[r3,#4]
 457              	 .loc 1 200 7
 458 003e 1946     	 mov r1,r3
 459 0040 7868     	 ldr r0,[r7,#4]
 460 0042 FFF7FEFF 	 bl XMC_DSD_CH_Integrator_Init
 461              	.L15:
 201:../Libraries/XMCLib/src/xmc_dsd.c ****     }
 202:../Libraries/XMCLib/src/xmc_dsd.c ****     if (config->rectify != (XMC_DSD_CH_RECTIFY_CONFIG_t *)NULL)
 462              	 .loc 1 202 15
 463 0046 3B68     	 ldr r3,[r7]
 464 0048 1B69     	 ldr r3,[r3,#16]
 465              	 .loc 1 202 8
 466 004a 002B     	 cmp r3,#0
 467 004c 05D0     	 beq .L16
 203:../Libraries/XMCLib/src/xmc_dsd.c ****     {
 204:../Libraries/XMCLib/src/xmc_dsd.c ****       XMC_DSD_CH_Rectify_Init(channel, config->rectify);
 468              	 .loc 1 204 46
 469 004e 3B68     	 ldr r3,[r7]
 470 0050 1B69     	 ldr r3,[r3,#16]
 471              	 .loc 1 204 7
 472 0052 1946     	 mov r1,r3
 473 0054 7868     	 ldr r0,[r7,#4]
 474 0056 FFF7FEFF 	 bl XMC_DSD_CH_Rectify_Init
 475              	.L16:
 205:../Libraries/XMCLib/src/xmc_dsd.c ****     }
 206:../Libraries/XMCLib/src/xmc_dsd.c ****     if (config->timestamp != (XMC_DSD_CH_TIMESTAMP_CONFIG_t *)NULL)
 476              	 .loc 1 206 15
 477 005a 3B68     	 ldr r3,[r7]
 478 005c 9B68     	 ldr r3,[r3,#8]
 479              	 .loc 1 206 8
 480 005e 002B     	 cmp r3,#0
 481 0060 05D0     	 beq .L17
 207:../Libraries/XMCLib/src/xmc_dsd.c ****     {
 208:../Libraries/XMCLib/src/xmc_dsd.c ****       XMC_DSD_CH_Timestamp_Init(channel, config->timestamp);
 482              	 .loc 1 208 48
 483 0062 3B68     	 ldr r3,[r7]
 484 0064 9B68     	 ldr r3,[r3,#8]
 485              	 .loc 1 208 7
 486 0066 1946     	 mov r1,r3
 487 0068 7868     	 ldr r0,[r7,#4]
 488 006a FFF7FEFF 	 bl XMC_DSD_CH_Timestamp_Init
 489              	.L17:
 209:../Libraries/XMCLib/src/xmc_dsd.c ****     }
 210:../Libraries/XMCLib/src/xmc_dsd.c ****     status =  XMC_DSD_STATUS_OK;
 490              	 .loc 1 210 12
 491 006e 0023     	 movs r3,#0
 492 0070 FB73     	 strb r3,[r7,#15]
 493 0072 01E0     	 b .L18
 494              	.L13:
 211:../Libraries/XMCLib/src/xmc_dsd.c ****   }
 212:../Libraries/XMCLib/src/xmc_dsd.c ****   else
 213:../Libraries/XMCLib/src/xmc_dsd.c ****   {
 214:../Libraries/XMCLib/src/xmc_dsd.c ****     status =  XMC_DSD_STATUS_ERROR;
 495              	 .loc 1 214 12
 496 0074 0123     	 movs r3,#1
 497 0076 FB73     	 strb r3,[r7,#15]
 498              	.L18:
 215:../Libraries/XMCLib/src/xmc_dsd.c ****   }
 216:../Libraries/XMCLib/src/xmc_dsd.c ****   return (status);
 499              	 .loc 1 216 10
 500 0078 FB7B     	 ldrb r3,[r7,#15]
 217:../Libraries/XMCLib/src/xmc_dsd.c **** 
 218:../Libraries/XMCLib/src/xmc_dsd.c **** }
 501              	 .loc 1 218 1
 502 007a 1846     	 mov r0,r3
 503 007c 1037     	 adds r7,r7,#16
 504              	.LCFI41:
 505              	 .cfi_def_cfa_offset 8
 506 007e BD46     	 mov sp,r7
 507              	.LCFI42:
 508              	 .cfi_def_cfa_register 13
 509              	 
 510 0080 80BD     	 pop {r7,pc}
 511              	 .cfi_endproc
 512              	.LFE196:
 514              	 .section .text.XMC_DSD_CH_MainFilter_Init,"ax",%progbits
 515              	 .align 1
 516              	 .global XMC_DSD_CH_MainFilter_Init
 517              	 .syntax unified
 518              	 .thumb
 519              	 .thumb_func
 520              	 .fpu fpv4-sp-d16
 522              	XMC_DSD_CH_MainFilter_Init:
 523              	.LFB197:
 219:../Libraries/XMCLib/src/xmc_dsd.c **** 
 220:../Libraries/XMCLib/src/xmc_dsd.c **** /* Initialize main filter of DSD */
 221:../Libraries/XMCLib/src/xmc_dsd.c **** void XMC_DSD_CH_MainFilter_Init(XMC_DSD_CH_t *const channel, const XMC_DSD_CH_FILTER_CONFIG_t *cons
 222:../Libraries/XMCLib/src/xmc_dsd.c **** {
 524              	 .loc 1 222 1
 525              	 .cfi_startproc
 526              	 
 527              	 
 528              	 
 529 0000 80B4     	 push {r7}
 530              	.LCFI43:
 531              	 .cfi_def_cfa_offset 4
 532              	 .cfi_offset 7,-4
 533 0002 85B0     	 sub sp,sp,#20
 534              	.LCFI44:
 535              	 .cfi_def_cfa_offset 24
 536 0004 00AF     	 add r7,sp,#0
 537              	.LCFI45:
 538              	 .cfi_def_cfa_register 7
 539 0006 7860     	 str r0,[r7,#4]
 540 0008 3960     	 str r1,[r7]
 223:../Libraries/XMCLib/src/xmc_dsd.c ****   uint32_t decimation_factor_temp;
 224:../Libraries/XMCLib/src/xmc_dsd.c ****   uint32_t filter_start_value_temp;
 225:../Libraries/XMCLib/src/xmc_dsd.c **** 
 226:../Libraries/XMCLib/src/xmc_dsd.c ****   XMC_ASSERT("XMC_DSD_MAIN_FILTER_Init:Invalid module pointer", XMC_DSD_CHECK_CHANNEL_PTR(channel))
 227:../Libraries/XMCLib/src/xmc_dsd.c ****   XMC_ASSERT("XMC_DSD_MAIN_FILTER_Init:NULL Pointer", (config != (XMC_DSD_CH_FILTER_CONFIG_t *)NULL
 228:../Libraries/XMCLib/src/xmc_dsd.c ****   XMC_ASSERT("XMC_DSD_MAIN_FILTER_Init:Invalid Filter Start Value", (config->filter_start_value >= 
 229:../Libraries/XMCLib/src/xmc_dsd.c ****   XMC_ASSERT("XMC_DSD_MAIN_FILTER_Init:Invalid Filter Start Value", (config->filter_start_value <= 
 230:../Libraries/XMCLib/src/xmc_dsd.c ****   XMC_ASSERT("XMC_DSD_MAIN_FILTER_Init:Invalid Decimation Factor",
 231:../Libraries/XMCLib/src/xmc_dsd.c ****              ((config->decimation_factor >= XMC_DSD_MIN_DECIMATION_FACTOR) && (config->decimation_f
 232:../Libraries/XMCLib/src/xmc_dsd.c **** 
 233:../Libraries/XMCLib/src/xmc_dsd.c ****   /*Set Channel frequency*/
 234:../Libraries/XMCLib/src/xmc_dsd.c ****   channel->MODCFG = ((uint32_t)config->clock_divider << DSD_CH_MODCFG_DIVM_Pos) | (uint32_t)DSD_CH_
 541              	 .loc 1 234 38
 542 000a 3B68     	 ldr r3,[r7]
 543 000c 1B78     	 ldrb r3,[r3]
 544 000e C3F30303 	 ubfx r3,r3,#0,#4
 545 0012 DBB2     	 uxtb r3,r3
 546              	 .loc 1 234 54
 547 0014 1B04     	 lsls r3,r3,#16
 548              	 .loc 1 234 81
 549 0016 43F40002 	 orr r2,r3,#8388608
 550              	 .loc 1 234 19
 551 001a 7B68     	 ldr r3,[r7,#4]
 552 001c 1A60     	 str r2,[r3]
 235:../Libraries/XMCLib/src/xmc_dsd.c **** 
 236:../Libraries/XMCLib/src/xmc_dsd.c ****   /* Input Data/Clk */
 237:../Libraries/XMCLib/src/xmc_dsd.c ****   channel->DICFG = config->demodulator_conf | (uint32_t)DSD_CH_DICFG_DSWC_Msk | (uint32_t)DSD_CH_DI
 553              	 .loc 1 237 26
 554 001e 3B68     	 ldr r3,[r7]
 555 0020 5B68     	 ldr r3,[r3,#4]
 556              	 .loc 1 237 79
 557 0022 43F00043 	 orr r3,r3,#-2147483648
 558 0026 43F08003 	 orr r3,r3,#128
 559              	 .loc 1 237 18
 560 002a 7A68     	 ldr r2,[r7,#4]
 561 002c 9360     	 str r3,[r2,#8]
 238:../Libraries/XMCLib/src/xmc_dsd.c **** 
 239:../Libraries/XMCLib/src/xmc_dsd.c ****   /*The decimation factor of the Main CIC filter is CFMDF + 1.*/
 240:../Libraries/XMCLib/src/xmc_dsd.c ****   decimation_factor_temp = config->decimation_factor - 1U;
 562              	 .loc 1 240 34
 563 002e 3B68     	 ldr r3,[r7]
 564 0030 DB68     	 ldr r3,[r3,#12]
 565              	 .loc 1 240 26
 566 0032 013B     	 subs r3,r3,#1
 567 0034 FB60     	 str r3,[r7,#12]
 241:../Libraries/XMCLib/src/xmc_dsd.c ****   filter_start_value_temp = config->filter_start_value - 1U;
 568              	 .loc 1 241 35
 569 0036 3B68     	 ldr r3,[r7]
 570 0038 1B69     	 ldr r3,[r3,#16]
 571              	 .loc 1 241 27
 572 003a 013B     	 subs r3,r3,#1
 573 003c BB60     	 str r3,[r7,#8]
 242:../Libraries/XMCLib/src/xmc_dsd.c **** 
 243:../Libraries/XMCLib/src/xmc_dsd.c ****   /* Filter setup*/
 244:../Libraries/XMCLib/src/xmc_dsd.c ****   channel->FCFGC = (decimation_factor_temp |
 245:../Libraries/XMCLib/src/xmc_dsd.c ****                     (filter_start_value_temp << (uint32_t)DSD_CH_FCFGC_CFMSV_Pos) |
 574              	 .loc 1 245 46
 575 003e BB68     	 ldr r3,[r7,#8]
 576 0040 1A04     	 lsls r2,r3,#16
 244:../Libraries/XMCLib/src/xmc_dsd.c ****                     (filter_start_value_temp << (uint32_t)DSD_CH_FCFGC_CFMSV_Pos) |
 577              	 .loc 1 244 44
 578 0042 FB68     	 ldr r3,[r7,#12]
 579 0044 1A43     	 orrs r2,r2,r3
 246:../Libraries/XMCLib/src/xmc_dsd.c ****                     config->main_filter_conf |
 580              	 .loc 1 246 27
 581 0046 3B68     	 ldr r3,[r7]
 582 0048 9B68     	 ldr r3,[r3,#8]
 245:../Libraries/XMCLib/src/xmc_dsd.c ****                     config->main_filter_conf |
 583              	 .loc 1 245 83
 584 004a 1343     	 orrs r3,r3,r2
 585              	 .loc 1 246 46
 586 004c 43F48062 	 orr r2,r3,#1024
 244:../Libraries/XMCLib/src/xmc_dsd.c ****                     (filter_start_value_temp << (uint32_t)DSD_CH_FCFGC_CFMSV_Pos) |
 587              	 .loc 1 244 18
 588 0050 7B68     	 ldr r3,[r7,#4]
 589 0052 5A61     	 str r2,[r3,#20]
 247:../Libraries/XMCLib/src/xmc_dsd.c ****                     (uint32_t)DSD_CH_FCFGC_CFEN_Msk);
 248:../Libraries/XMCLib/src/xmc_dsd.c **** 
 249:../Libraries/XMCLib/src/xmc_dsd.c ****   /* Offset */
 250:../Libraries/XMCLib/src/xmc_dsd.c ****   channel->OFFM = (uint16_t)config->offset;
 590              	 .loc 1 250 35
 591 0054 3B68     	 ldr r3,[r7]
 592 0056 B3F90230 	 ldrsh r3,[r3,#2]
 593              	 .loc 1 250 19
 594 005a 9BB2     	 uxth r3,r3
 595 005c 1A46     	 mov r2,r3
 596              	 .loc 1 250 17
 597 005e 7B68     	 ldr r3,[r7,#4]
 598 0060 9A63     	 str r2,[r3,#56]
 251:../Libraries/XMCLib/src/xmc_dsd.c **** }
 599              	 .loc 1 251 1
 600 0062 00BF     	 nop
 601 0064 1437     	 adds r7,r7,#20
 602              	.LCFI46:
 603              	 .cfi_def_cfa_offset 4
 604 0066 BD46     	 mov sp,r7
 605              	.LCFI47:
 606              	 .cfi_def_cfa_register 13
 607              	 
 608 0068 5DF8047B 	 ldr r7,[sp],#4
 609              	.LCFI48:
 610              	 .cfi_restore 7
 611              	 .cfi_def_cfa_offset 0
 612 006c 7047     	 bx lr
 613              	 .cfi_endproc
 614              	.LFE197:
 616              	 .section .text.XMC_DSD_CH_Timestamp_Init,"ax",%progbits
 617              	 .align 1
 618              	 .global XMC_DSD_CH_Timestamp_Init
 619              	 .syntax unified
 620              	 .thumb
 621              	 .thumb_func
 622              	 .fpu fpv4-sp-d16
 624              	XMC_DSD_CH_Timestamp_Init:
 625              	.LFB198:
 252:../Libraries/XMCLib/src/xmc_dsd.c **** 
 253:../Libraries/XMCLib/src/xmc_dsd.c **** /* Initialize timestamp mode of DSD */
 254:../Libraries/XMCLib/src/xmc_dsd.c **** void XMC_DSD_CH_Timestamp_Init(XMC_DSD_CH_t *const channel, const XMC_DSD_CH_TIMESTAMP_CONFIG_t *co
 255:../Libraries/XMCLib/src/xmc_dsd.c **** {
 626              	 .loc 1 255 1
 627              	 .cfi_startproc
 628              	 
 629              	 
 630              	 
 631 0000 80B4     	 push {r7}
 632              	.LCFI49:
 633              	 .cfi_def_cfa_offset 4
 634              	 .cfi_offset 7,-4
 635 0002 85B0     	 sub sp,sp,#20
 636              	.LCFI50:
 637              	 .cfi_def_cfa_offset 24
 638 0004 00AF     	 add r7,sp,#0
 639              	.LCFI51:
 640              	 .cfi_def_cfa_register 7
 641 0006 7860     	 str r0,[r7,#4]
 642 0008 3960     	 str r1,[r7]
 256:../Libraries/XMCLib/src/xmc_dsd.c ****   uint32_t temp;
 257:../Libraries/XMCLib/src/xmc_dsd.c ****   XMC_ASSERT("XMC_DSD_MAIN_FILTER_Init:Invalid module pointer", XMC_DSD_CHECK_CHANNEL_PTR(channel))
 258:../Libraries/XMCLib/src/xmc_dsd.c ****   XMC_ASSERT("XMC_DSD_MAIN_FILTER_Init:NULL Pointer", (config != (XMC_DSD_CH_TIMESTAMP_CONFIG_t *)N
 259:../Libraries/XMCLib/src/xmc_dsd.c **** 
 260:../Libraries/XMCLib/src/xmc_dsd.c ****   temp = (channel->DICFG | (uint32_t)DSD_CH_DICFG_TRWC_Msk);
 643              	 .loc 1 260 18
 644 000a 7B68     	 ldr r3,[r7,#4]
 645 000c 9B68     	 ldr r3,[r3,#8]
 646              	 .loc 1 260 8
 647 000e 43F40043 	 orr r3,r3,#32768
 648 0012 FB60     	 str r3,[r7,#12]
 261:../Libraries/XMCLib/src/xmc_dsd.c ****   temp &= ~((uint32_t)DSD_CH_DICFG_TSTRMODE_Msk | (uint32_t)DSD_CH_DICFG_TRSEL_Msk);
 649              	 .loc 1 261 8
 650 0014 FB68     	 ldr r3,[r7,#12]
 651 0016 23F4F843 	 bic r3,r3,#31744
 652 001a FB60     	 str r3,[r7,#12]
 262:../Libraries/XMCLib/src/xmc_dsd.c ****   temp |= config->timestamp_conf;
 653              	 .loc 1 262 17
 654 001c 3B68     	 ldr r3,[r7]
 655 001e 1B68     	 ldr r3,[r3]
 656              	 .loc 1 262 8
 657 0020 FA68     	 ldr r2,[r7,#12]
 658 0022 1343     	 orrs r3,r3,r2
 659 0024 FB60     	 str r3,[r7,#12]
 263:../Libraries/XMCLib/src/xmc_dsd.c ****   channel->DICFG = temp;
 660              	 .loc 1 263 18
 661 0026 7B68     	 ldr r3,[r7,#4]
 662 0028 FA68     	 ldr r2,[r7,#12]
 663 002a 9A60     	 str r2,[r3,#8]
 264:../Libraries/XMCLib/src/xmc_dsd.c **** }
 664              	 .loc 1 264 1
 665 002c 00BF     	 nop
 666 002e 1437     	 adds r7,r7,#20
 667              	.LCFI52:
 668              	 .cfi_def_cfa_offset 4
 669 0030 BD46     	 mov sp,r7
 670              	.LCFI53:
 671              	 .cfi_def_cfa_register 13
 672              	 
 673 0032 5DF8047B 	 ldr r7,[sp],#4
 674              	.LCFI54:
 675              	 .cfi_restore 7
 676              	 .cfi_def_cfa_offset 0
 677 0036 7047     	 bx lr
 678              	 .cfi_endproc
 679              	.LFE198:
 681              	 .section .text.XMC_DSD_CH_AuxFilter_Init,"ax",%progbits
 682              	 .align 1
 683              	 .global XMC_DSD_CH_AuxFilter_Init
 684              	 .syntax unified
 685              	 .thumb
 686              	 .thumb_func
 687              	 .fpu fpv4-sp-d16
 689              	XMC_DSD_CH_AuxFilter_Init:
 690              	.LFB199:
 265:../Libraries/XMCLib/src/xmc_dsd.c **** 
 266:../Libraries/XMCLib/src/xmc_dsd.c **** /* Initialize auxiliary filter of DSD */
 267:../Libraries/XMCLib/src/xmc_dsd.c **** void XMC_DSD_CH_AuxFilter_Init(XMC_DSD_CH_t *const channel, const XMC_DSD_CH_AUX_FILTER_CONFIG_t *c
 268:../Libraries/XMCLib/src/xmc_dsd.c **** {
 691              	 .loc 1 268 1
 692              	 .cfi_startproc
 693              	 
 694              	 
 695              	 
 696 0000 80B4     	 push {r7}
 697              	.LCFI55:
 698              	 .cfi_def_cfa_offset 4
 699              	 .cfi_offset 7,-4
 700 0002 85B0     	 sub sp,sp,#20
 701              	.LCFI56:
 702              	 .cfi_def_cfa_offset 24
 703 0004 00AF     	 add r7,sp,#0
 704              	.LCFI57:
 705              	 .cfi_def_cfa_register 7
 706 0006 7860     	 str r0,[r7,#4]
 707 0008 3960     	 str r1,[r7]
 269:../Libraries/XMCLib/src/xmc_dsd.c ****   uint32_t decimation_factor_temp;
 270:../Libraries/XMCLib/src/xmc_dsd.c **** 
 271:../Libraries/XMCLib/src/xmc_dsd.c ****   XMC_ASSERT("XMC_DSD_AUX_FILTER_Init:Invalid module pointer", XMC_DSD_CHECK_CHANNEL_PTR(channel));
 272:../Libraries/XMCLib/src/xmc_dsd.c ****   XMC_ASSERT("XMC_DSD_AUX_FILTER_Init:NULL Pointer", (config != (XMC_DSD_CH_AUX_FILTER_CONFIG_t *)N
 273:../Libraries/XMCLib/src/xmc_dsd.c ****   XMC_ASSERT("XMC_DSD_AUX_FILTER_Init:Invalid Decimation Factor",
 274:../Libraries/XMCLib/src/xmc_dsd.c ****              ((config->decimation_factor >= XMC_DSD_MIN_DECIMATION_FACTOR) && (config->decimation_f
 275:../Libraries/XMCLib/src/xmc_dsd.c **** 
 276:../Libraries/XMCLib/src/xmc_dsd.c ****   channel->BOUNDSEL = config->boundary_conf;
 708              	 .loc 1 276 29
 709 000a 3B68     	 ldr r3,[r7]
 710 000c 5A68     	 ldr r2,[r3,#4]
 711              	 .loc 1 276 21
 712 000e 7B68     	 ldr r3,[r7,#4]
 713 0010 9A62     	 str r2,[r3,#40]
 277:../Libraries/XMCLib/src/xmc_dsd.c ****   /*The decimation factor of the Aux CIC filter is CFMDF + 1.*/
 278:../Libraries/XMCLib/src/xmc_dsd.c ****   decimation_factor_temp = config->decimation_factor - 1U;
 714              	 .loc 1 278 34
 715 0012 3B68     	 ldr r3,[r7]
 716 0014 9B68     	 ldr r3,[r3,#8]
 717              	 .loc 1 278 26
 718 0016 013B     	 subs r3,r3,#1
 719 0018 FB60     	 str r3,[r7,#12]
 279:../Libraries/XMCLib/src/xmc_dsd.c ****   channel->FCFGA = (decimation_factor_temp | config->aux_filter_conf);
 720              	 .loc 1 279 52
 721 001a 3B68     	 ldr r3,[r7]
 722 001c 1A68     	 ldr r2,[r3]
 723              	 .loc 1 279 44
 724 001e FB68     	 ldr r3,[r7,#12]
 725 0020 1A43     	 orrs r2,r2,r3
 726              	 .loc 1 279 18
 727 0022 7B68     	 ldr r3,[r7,#4]
 728 0024 9A61     	 str r2,[r3,#24]
 280:../Libraries/XMCLib/src/xmc_dsd.c **** }
 729              	 .loc 1 280 1
 730 0026 00BF     	 nop
 731 0028 1437     	 adds r7,r7,#20
 732              	.LCFI58:
 733              	 .cfi_def_cfa_offset 4
 734 002a BD46     	 mov sp,r7
 735              	.LCFI59:
 736              	 .cfi_def_cfa_register 13
 737              	 
 738 002c 5DF8047B 	 ldr r7,[sp],#4
 739              	.LCFI60:
 740              	 .cfi_restore 7
 741              	 .cfi_def_cfa_offset 0
 742 0030 7047     	 bx lr
 743              	 .cfi_endproc
 744              	.LFE199:
 746              	 .section .text.XMC_DSD_CH_Integrator_Init,"ax",%progbits
 747              	 .align 1
 748              	 .global XMC_DSD_CH_Integrator_Init
 749              	 .syntax unified
 750              	 .thumb
 751              	 .thumb_func
 752              	 .fpu fpv4-sp-d16
 754              	XMC_DSD_CH_Integrator_Init:
 755              	.LFB200:
 281:../Libraries/XMCLib/src/xmc_dsd.c **** 
 282:../Libraries/XMCLib/src/xmc_dsd.c **** /* Integrator initialization of DSD */
 283:../Libraries/XMCLib/src/xmc_dsd.c **** void XMC_DSD_CH_Integrator_Init(XMC_DSD_CH_t *const channel, const XMC_DSD_CH_INTEGRATOR_CONFIG_t *
 284:../Libraries/XMCLib/src/xmc_dsd.c **** {
 756              	 .loc 1 284 1
 757              	 .cfi_startproc
 758              	 
 759              	 
 760              	 
 761 0000 80B4     	 push {r7}
 762              	.LCFI61:
 763              	 .cfi_def_cfa_offset 4
 764              	 .cfi_offset 7,-4
 765 0002 85B0     	 sub sp,sp,#20
 766              	.LCFI62:
 767              	 .cfi_def_cfa_offset 24
 768 0004 00AF     	 add r7,sp,#0
 769              	.LCFI63:
 770              	 .cfi_def_cfa_register 7
 771 0006 7860     	 str r0,[r7,#4]
 772 0008 3960     	 str r1,[r7]
 285:../Libraries/XMCLib/src/xmc_dsd.c ****   uint32_t temp;
 286:../Libraries/XMCLib/src/xmc_dsd.c ****   XMC_ASSERT("XMC_DSD_INTEGRATOR_Init:Invalid module pointer", XMC_DSD_CHECK_CHANNEL_PTR(channel));
 287:../Libraries/XMCLib/src/xmc_dsd.c ****   XMC_ASSERT("XMC_DSD_INTEGRATOR_Init:NULL Pointer", (config != (XMC_DSD_CH_INTEGRATOR_CONFIG_t *)N
 288:../Libraries/XMCLib/src/xmc_dsd.c ****   XMC_ASSERT("XMC_DSD_INTEGRATOR_Init:Invalid integration_loop", (config->integration_loop > 0U ));
 289:../Libraries/XMCLib/src/xmc_dsd.c ****   XMC_ASSERT("XMC_DSD_INTEGRATOR_Init:Invalid counted_values", (config->counted_values > 0U ));
 290:../Libraries/XMCLib/src/xmc_dsd.c **** 
 291:../Libraries/XMCLib/src/xmc_dsd.c ****   channel->IWCTR = ((config->integration_loop - 1U) << DSD_CH_IWCTR_REPVAL_Pos)
 773              	 .loc 1 291 28
 774 000a 3B68     	 ldr r3,[r7]
 775 000c 5B68     	 ldr r3,[r3,#4]
 776              	 .loc 1 291 47
 777 000e 013B     	 subs r3,r3,#1
 778              	 .loc 1 291 53
 779 0010 1A03     	 lsls r2,r3,#12
 292:../Libraries/XMCLib/src/xmc_dsd.c ****                    | (config->discarded_values << DSD_CH_IWCTR_NVALDIS_Pos)
 780              	 .loc 1 292 29
 781 0012 3B68     	 ldr r3,[r7]
 782 0014 9B68     	 ldr r3,[r3,#8]
 783              	 .loc 1 292 48
 784 0016 1B04     	 lsls r3,r3,#16
 785              	 .loc 1 292 20
 786 0018 1A43     	 orrs r2,r2,r3
 293:../Libraries/XMCLib/src/xmc_dsd.c ****                    | (config->stop_condition << DSD_CH_IWCTR_IWS_Pos)
 787              	 .loc 1 293 29
 788 001a 3B68     	 ldr r3,[r7]
 789 001c DB68     	 ldr r3,[r3,#12]
 790              	 .loc 1 293 46
 791 001e DB05     	 lsls r3,r3,#23
 792              	 .loc 1 293 20
 793 0020 1A43     	 orrs r2,r2,r3
 294:../Libraries/XMCLib/src/xmc_dsd.c ****                    | ((config->counted_values - 1U) << DSD_CH_IWCTR_NVALINT_Pos);
 794              	 .loc 1 294 30
 795 0022 3B68     	 ldr r3,[r7]
 796 0024 1B69     	 ldr r3,[r3,#16]
 797              	 .loc 1 294 47
 798 0026 013B     	 subs r3,r3,#1
 799              	 .loc 1 294 53
 800 0028 1B06     	 lsls r3,r3,#24
 801              	 .loc 1 294 20
 802 002a 1A43     	 orrs r2,r2,r3
 291:../Libraries/XMCLib/src/xmc_dsd.c ****                    | (config->discarded_values << DSD_CH_IWCTR_NVALDIS_Pos)
 803              	 .loc 1 291 18
 804 002c 7B68     	 ldr r3,[r7,#4]
 805 002e 1A62     	 str r2,[r3,#32]
 295:../Libraries/XMCLib/src/xmc_dsd.c **** 
 296:../Libraries/XMCLib/src/xmc_dsd.c ****   /*To ensure proper operation, ensure that bit field ITRMODE is zero before selecting any other tr
 297:../Libraries/XMCLib/src/xmc_dsd.c ****   temp = (channel->DICFG & ~((uint32_t)DSD_CH_DICFG_ITRMODE_Msk | (uint32_t)DSD_CH_DICFG_TRSEL_Msk)
 806              	 .loc 1 297 18
 807 0030 7B68     	 ldr r3,[r7,#4]
 808 0032 9B68     	 ldr r3,[r3,#8]
 809              	 .loc 1 297 102
 810 0034 23F47343 	 bic r3,r3,#62208
 811              	 .loc 1 297 8
 812 0038 43F40043 	 orr r3,r3,#32768
 813 003c FB60     	 str r3,[r7,#12]
 298:../Libraries/XMCLib/src/xmc_dsd.c **** 
 299:../Libraries/XMCLib/src/xmc_dsd.c ****   channel->DICFG = temp;
 814              	 .loc 1 299 18
 815 003e 7B68     	 ldr r3,[r7,#4]
 816 0040 FA68     	 ldr r2,[r7,#12]
 817 0042 9A60     	 str r2,[r3,#8]
 300:../Libraries/XMCLib/src/xmc_dsd.c **** 
 301:../Libraries/XMCLib/src/xmc_dsd.c ****   temp |=  config->integrator_trigger;
 818              	 .loc 1 301 18
 819 0044 3B68     	 ldr r3,[r7]
 820 0046 1B68     	 ldr r3,[r3]
 821              	 .loc 1 301 8
 822 0048 FA68     	 ldr r2,[r7,#12]
 823 004a 1343     	 orrs r3,r3,r2
 824 004c FB60     	 str r3,[r7,#12]
 302:../Libraries/XMCLib/src/xmc_dsd.c ****   channel->DICFG = temp;
 825              	 .loc 1 302 18
 826 004e 7B68     	 ldr r3,[r7,#4]
 827 0050 FA68     	 ldr r2,[r7,#12]
 828 0052 9A60     	 str r2,[r3,#8]
 303:../Libraries/XMCLib/src/xmc_dsd.c **** }
 829              	 .loc 1 303 1
 830 0054 00BF     	 nop
 831 0056 1437     	 adds r7,r7,#20
 832              	.LCFI64:
 833              	 .cfi_def_cfa_offset 4
 834 0058 BD46     	 mov sp,r7
 835              	.LCFI65:
 836              	 .cfi_def_cfa_register 13
 837              	 
 838 005a 5DF8047B 	 ldr r7,[sp],#4
 839              	.LCFI66:
 840              	 .cfi_restore 7
 841              	 .cfi_def_cfa_offset 0
 842 005e 7047     	 bx lr
 843              	 .cfi_endproc
 844              	.LFE200:
 846              	 .section .text.XMC_DSD_CH_Rectify_Init,"ax",%progbits
 847              	 .align 1
 848              	 .global XMC_DSD_CH_Rectify_Init
 849              	 .syntax unified
 850              	 .thumb
 851              	 .thumb_func
 852              	 .fpu fpv4-sp-d16
 854              	XMC_DSD_CH_Rectify_Init:
 855              	.LFB201:
 304:../Libraries/XMCLib/src/xmc_dsd.c **** 
 305:../Libraries/XMCLib/src/xmc_dsd.c **** /* Rectifier initialization of DSD */
 306:../Libraries/XMCLib/src/xmc_dsd.c **** void XMC_DSD_CH_Rectify_Init(XMC_DSD_CH_t *const channel, const XMC_DSD_CH_RECTIFY_CONFIG_t *const 
 307:../Libraries/XMCLib/src/xmc_dsd.c **** {
 856              	 .loc 1 307 1
 857              	 .cfi_startproc
 858              	 
 859              	 
 860              	 
 861 0000 80B4     	 push {r7}
 862              	.LCFI67:
 863              	 .cfi_def_cfa_offset 4
 864              	 .cfi_offset 7,-4
 865 0002 83B0     	 sub sp,sp,#12
 866              	.LCFI68:
 867              	 .cfi_def_cfa_offset 16
 868 0004 00AF     	 add r7,sp,#0
 869              	.LCFI69:
 870              	 .cfi_def_cfa_register 7
 871 0006 7860     	 str r0,[r7,#4]
 872 0008 3960     	 str r1,[r7]
 308:../Libraries/XMCLib/src/xmc_dsd.c ****   XMC_ASSERT("XMC_DSD_RECTIFY_Init:Invalid module pointer", XMC_DSD_CHECK_CHANNEL_PTR(channel));
 309:../Libraries/XMCLib/src/xmc_dsd.c ****   XMC_ASSERT("XMC_DSD_RECTIFY_Init:NULL Pointer", (config != (XMC_DSD_CH_RECTIFY_CONFIG_t *)NULL));
 310:../Libraries/XMCLib/src/xmc_dsd.c ****   XMC_ASSERT("XMC_DSD_RECTIFY_Init:NULL Pointer", (((uint16_t)config->delay + (uint16_t)config->hal
 311:../Libraries/XMCLib/src/xmc_dsd.c **** 
 312:../Libraries/XMCLib/src/xmc_dsd.c ****   channel->RECTCFG = config->rectify_config | (uint32_t)DSD_CH_RECTCFG_RFEN_Msk;
 873              	 .loc 1 312 28
 874 000a 3B68     	 ldr r3,[r7]
 875 000c 1B68     	 ldr r3,[r3]
 876              	 .loc 1 312 45
 877 000e 43F00102 	 orr r2,r3,#1
 878              	 .loc 1 312 20
 879 0012 7B68     	 ldr r3,[r7,#4]
 880 0014 C3F8A820 	 str r2,[r3,#168]
 313:../Libraries/XMCLib/src/xmc_dsd.c ****   channel->CGSYNC = (((uint32_t) config->delay << (uint32_t)DSD_CH_CGSYNC_SDPOS_Pos)
 881              	 .loc 1 313 40
 882 0018 3B68     	 ldr r3,[r7]
 883 001a 1B79     	 ldrb r3,[r3,#4]
 884              	 .loc 1 313 48
 885 001c 1A04     	 lsls r2,r3,#16
 314:../Libraries/XMCLib/src/xmc_dsd.c ****                      | (((uint32_t)config->delay + (uint32_t)config->half_cycle) << (uint32_t)DSD_C
 886              	 .loc 1 314 42
 887 001e 3B68     	 ldr r3,[r7]
 888 0020 1B79     	 ldrb r3,[r3,#4]
 889              	 .loc 1 314 26
 890 0022 1946     	 mov r1,r3
 891              	 .loc 1 314 68
 892 0024 3B68     	 ldr r3,[r7]
 893 0026 5B79     	 ldrb r3,[r3,#5]
 894              	 .loc 1 314 50
 895 0028 0B44     	 add r3,r3,r1
 896              	 .loc 1 314 82
 897 002a 1B06     	 lsls r3,r3,#24
 898              	 .loc 1 314 22
 899 002c 1A43     	 orrs r2,r2,r3
 313:../Libraries/XMCLib/src/xmc_dsd.c ****   channel->CGSYNC = (((uint32_t) config->delay << (uint32_t)DSD_CH_CGSYNC_SDPOS_Pos)
 900              	 .loc 1 313 19
 901 002e 7B68     	 ldr r3,[r7,#4]
 902 0030 C3F8A020 	 str r2,[r3,#160]
 315:../Libraries/XMCLib/src/xmc_dsd.c **** }
 903              	 .loc 1 315 1
 904 0034 00BF     	 nop
 905 0036 0C37     	 adds r7,r7,#12
 906              	.LCFI70:
 907              	 .cfi_def_cfa_offset 4
 908 0038 BD46     	 mov sp,r7
 909              	.LCFI71:
 910              	 .cfi_def_cfa_register 13
 911              	 
 912 003a 5DF8047B 	 ldr r7,[sp],#4
 913              	.LCFI72:
 914              	 .cfi_restore 7
 915              	 .cfi_def_cfa_offset 0
 916 003e 7047     	 bx lr
 917              	 .cfi_endproc
 918              	.LFE201:
 920              	 .section .text.XMC_DSD_CH_GetResult_TS,"ax",%progbits
 921              	 .align 1
 922              	 .global XMC_DSD_CH_GetResult_TS
 923              	 .syntax unified
 924              	 .thumb
 925              	 .thumb_func
 926              	 .fpu fpv4-sp-d16
 928              	XMC_DSD_CH_GetResult_TS:
 929              	.LFB202:
 316:../Libraries/XMCLib/src/xmc_dsd.c **** 
 317:../Libraries/XMCLib/src/xmc_dsd.c **** /* API to get the result of the last conversion */
 318:../Libraries/XMCLib/src/xmc_dsd.c **** void XMC_DSD_CH_GetResult_TS(XMC_DSD_CH_t *const channel,
 319:../Libraries/XMCLib/src/xmc_dsd.c ****                              int16_t *dsd_result,
 320:../Libraries/XMCLib/src/xmc_dsd.c ****                              uint8_t *dsd_filter_count,
 321:../Libraries/XMCLib/src/xmc_dsd.c ****                              uint8_t *dsd_integration_count)
 322:../Libraries/XMCLib/src/xmc_dsd.c **** {
 930              	 .loc 1 322 1
 931              	 .cfi_startproc
 932              	 
 933              	 
 934              	 
 935 0000 80B4     	 push {r7}
 936              	.LCFI73:
 937              	 .cfi_def_cfa_offset 4
 938              	 .cfi_offset 7,-4
 939 0002 87B0     	 sub sp,sp,#28
 940              	.LCFI74:
 941              	 .cfi_def_cfa_offset 32
 942 0004 00AF     	 add r7,sp,#0
 943              	.LCFI75:
 944              	 .cfi_def_cfa_register 7
 945 0006 F860     	 str r0,[r7,#12]
 946 0008 B960     	 str r1,[r7,#8]
 947 000a 7A60     	 str r2,[r7,#4]
 948 000c 3B60     	 str r3,[r7]
 323:../Libraries/XMCLib/src/xmc_dsd.c ****   uint32_t timestamp;
 324:../Libraries/XMCLib/src/xmc_dsd.c ****   uint16_t result;
 325:../Libraries/XMCLib/src/xmc_dsd.c **** 
 326:../Libraries/XMCLib/src/xmc_dsd.c ****   timestamp = channel->TSTMP;
 949              	 .loc 1 326 13
 950 000e FB68     	 ldr r3,[r7,#12]
 951 0010 1B6D     	 ldr r3,[r3,#80]
 952 0012 7B61     	 str r3,[r7,#20]
 327:../Libraries/XMCLib/src/xmc_dsd.c ****   result = (uint16_t)((uint32_t)timestamp & DSD_CH_TSTMP_RESULT_Msk);
 953              	 .loc 1 327 10
 954 0014 7B69     	 ldr r3,[r7,#20]
 955 0016 7B82     	 strh r3,[r7,#18]
 328:../Libraries/XMCLib/src/xmc_dsd.c ****   *dsd_result = (int16_t)(result);
 956              	 .loc 1 328 17
 957 0018 B7F91220 	 ldrsh r2,[r7,#18]
 958              	 .loc 1 328 15
 959 001c BB68     	 ldr r3,[r7,#8]
 960 001e 1A80     	 strh r2,[r3]
 329:../Libraries/XMCLib/src/xmc_dsd.c ****   *dsd_filter_count = (uint8_t) ((timestamp & (uint32_t)DSD_CH_TSTMP_CFMDCNT_Msk) >> (uint32_t)DSD_
 961              	 .loc 1 329 83
 962 0020 7B69     	 ldr r3,[r7,#20]
 963 0022 1B0C     	 lsrs r3,r3,#16
 964              	 .loc 1 329 23
 965 0024 DAB2     	 uxtb r2,r3
 966              	 .loc 1 329 21
 967 0026 7B68     	 ldr r3,[r7,#4]
 968 0028 1A70     	 strb r2,[r3]
 330:../Libraries/XMCLib/src/xmc_dsd.c ****   *dsd_integration_count = (uint8_t) ((timestamp & (uint32_t)DSD_CH_TSTMP_NVALCNT_Msk) >> (uint32_t
 969              	 .loc 1 330 88
 970 002a 7B69     	 ldr r3,[r7,#20]
 971 002c 1B0E     	 lsrs r3,r3,#24
 972              	 .loc 1 330 28
 973 002e DBB2     	 uxtb r3,r3
 974 0030 03F03F03 	 and r3,r3,#63
 975 0034 DAB2     	 uxtb r2,r3
 976              	 .loc 1 330 26
 977 0036 3B68     	 ldr r3,[r7]
 978 0038 1A70     	 strb r2,[r3]
 331:../Libraries/XMCLib/src/xmc_dsd.c **** }
 979              	 .loc 1 331 1
 980 003a 00BF     	 nop
 981 003c 1C37     	 adds r7,r7,#28
 982              	.LCFI76:
 983              	 .cfi_def_cfa_offset 4
 984 003e BD46     	 mov sp,r7
 985              	.LCFI77:
 986              	 .cfi_def_cfa_register 13
 987              	 
 988 0040 5DF8047B 	 ldr r7,[sp],#4
 989              	.LCFI78:
 990              	 .cfi_restore 7
 991              	 .cfi_def_cfa_offset 0
 992 0044 7047     	 bx lr
 993              	 .cfi_endproc
 994              	.LFE202:
 996              	 .section .text.XMC_DSD_CH_GetResult_TS_Time,"ax",%progbits
 997              	 .align 1
 998              	 .global XMC_DSD_CH_GetResult_TS_Time
 999              	 .syntax unified
 1000              	 .thumb
 1001              	 .thumb_func
 1002              	 .fpu fpv4-sp-d16
 1004              	XMC_DSD_CH_GetResult_TS_Time:
 1005              	.LFB203:
 332:../Libraries/XMCLib/src/xmc_dsd.c **** 
 333:../Libraries/XMCLib/src/xmc_dsd.c **** /* API to get the result of the last conversion with the time */
 334:../Libraries/XMCLib/src/xmc_dsd.c **** void XMC_DSD_CH_GetResult_TS_Time(XMC_DSD_CH_t *const channel, int16_t *dsd_Result, uint32_t *time)
 335:../Libraries/XMCLib/src/xmc_dsd.c **** {
 1006              	 .loc 1 335 1
 1007              	 .cfi_startproc
 1008              	 
 1009              	 
 1010              	 
 1011 0000 80B4     	 push {r7}
 1012              	.LCFI79:
 1013              	 .cfi_def_cfa_offset 4
 1014              	 .cfi_offset 7,-4
 1015 0002 89B0     	 sub sp,sp,#36
 1016              	.LCFI80:
 1017              	 .cfi_def_cfa_offset 40
 1018 0004 00AF     	 add r7,sp,#0
 1019              	.LCFI81:
 1020              	 .cfi_def_cfa_register 7
 1021 0006 F860     	 str r0,[r7,#12]
 1022 0008 B960     	 str r1,[r7,#8]
 1023 000a 7A60     	 str r2,[r7,#4]
 336:../Libraries/XMCLib/src/xmc_dsd.c ****   uint32_t timestamp;
 337:../Libraries/XMCLib/src/xmc_dsd.c ****   uint16_t filter_count;
 338:../Libraries/XMCLib/src/xmc_dsd.c ****   uint16_t integrator_count;
 339:../Libraries/XMCLib/src/xmc_dsd.c ****   uint16_t decimation;
 340:../Libraries/XMCLib/src/xmc_dsd.c ****   uint16_t result;
 341:../Libraries/XMCLib/src/xmc_dsd.c **** 
 342:../Libraries/XMCLib/src/xmc_dsd.c ****   timestamp = channel->TSTMP;
 1024              	 .loc 1 342 13
 1025 000c FB68     	 ldr r3,[r7,#12]
 1026 000e 1B6D     	 ldr r3,[r3,#80]
 1027 0010 BB61     	 str r3,[r7,#24]
 343:../Libraries/XMCLib/src/xmc_dsd.c ****   decimation = (uint16_t)(channel->FCFGC & DSD_CH_FCFGC_CFMDF_Msk);
 1028              	 .loc 1 343 34
 1029 0012 FB68     	 ldr r3,[r7,#12]
 1030 0014 5B69     	 ldr r3,[r3,#20]
 1031              	 .loc 1 343 16
 1032 0016 9BB2     	 uxth r3,r3
 1033              	 .loc 1 343 14
 1034 0018 DBB2     	 uxtb r3,r3
 1035 001a FB82     	 strh r3,[r7,#22]
 344:../Libraries/XMCLib/src/xmc_dsd.c ****   filter_count = (uint16_t)((timestamp & DSD_CH_TSTMP_CFMDCNT_Msk) >> DSD_CH_TSTMP_CFMDCNT_Pos);
 1036              	 .loc 1 344 68
 1037 001c BB69     	 ldr r3,[r7,#24]
 1038 001e 1B0C     	 lsrs r3,r3,#16
 1039              	 .loc 1 344 18
 1040 0020 9BB2     	 uxth r3,r3
 1041              	 .loc 1 344 16
 1042 0022 DBB2     	 uxtb r3,r3
 1043 0024 BB82     	 strh r3,[r7,#20]
 345:../Libraries/XMCLib/src/xmc_dsd.c **** 
 346:../Libraries/XMCLib/src/xmc_dsd.c ****   /* Integration enabled? */
 347:../Libraries/XMCLib/src/xmc_dsd.c ****   if ((channel->IWCTR & DSD_CH_IWCTR_INTEN_Msk))
 1044              	 .loc 1 347 15
 1045 0026 FB68     	 ldr r3,[r7,#12]
 1046 0028 1B6A     	 ldr r3,[r3,#32]
 1047              	 .loc 1 347 23
 1048 002a 03F08003 	 and r3,r3,#128
 1049              	 .loc 1 347 6
 1050 002e 002B     	 cmp r3,#0
 1051 0030 18D0     	 beq .L27
 348:../Libraries/XMCLib/src/xmc_dsd.c ****   {
 349:../Libraries/XMCLib/src/xmc_dsd.c ****     integrator_count = (uint16_t) ((timestamp & DSD_CH_TSTMP_NVALCNT_Msk) >> DSD_CH_TSTMP_NVALCNT_P
 1052              	 .loc 1 349 75
 1053 0032 BB69     	 ldr r3,[r7,#24]
 1054 0034 1B0E     	 lsrs r3,r3,#24
 1055              	 .loc 1 349 24
 1056 0036 9BB2     	 uxth r3,r3
 1057              	 .loc 1 349 22
 1058 0038 03F03F03 	 and r3,r3,#63
 1059 003c FB83     	 strh r3,[r7,#30]
 350:../Libraries/XMCLib/src/xmc_dsd.c **** 
 351:../Libraries/XMCLib/src/xmc_dsd.c ****     /*See Errata number: xxyy */
 352:../Libraries/XMCLib/src/xmc_dsd.c ****     if (filter_count == decimation)
 1060              	 .loc 1 352 8
 1061 003e BA8A     	 ldrh r2,[r7,#20]
 1062 0040 FB8A     	 ldrh r3,[r7,#22]
 1063 0042 9A42     	 cmp r2,r3
 1064 0044 02D1     	 bne .L28
 353:../Libraries/XMCLib/src/xmc_dsd.c ****     {
 354:../Libraries/XMCLib/src/xmc_dsd.c ****       integrator_count++;
 1065              	 .loc 1 354 23
 1066 0046 FB8B     	 ldrh r3,[r7,#30]
 1067 0048 0133     	 adds r3,r3,#1
 1068 004a FB83     	 strh r3,[r7,#30]
 1069              	.L28:
 355:../Libraries/XMCLib/src/xmc_dsd.c ****     }
 356:../Libraries/XMCLib/src/xmc_dsd.c ****     *time = (uint32_t)(((uint32_t) integrator_count * ((uint32_t) decimation + 1U)) + (uint32_t) ((
 1070              	 .loc 1 356 25
 1071 004c FB8B     	 ldrh r3,[r7,#30]
 1072              	 .loc 1 356 56
 1073 004e FA8A     	 ldrh r2,[r7,#22]
 1074              	 .loc 1 356 78
 1075 0050 0132     	 adds r2,r2,#1
 1076              	 .loc 1 356 53
 1077 0052 03FB02F2 	 mul r2,r3,r2
 1078              	 .loc 1 356 99
 1079 0056 F98A     	 ldrh r1,[r7,#22]
 1080              	 .loc 1 356 87
 1081 0058 BB8A     	 ldrh r3,[r7,#20]
 1082 005a CB1A     	 subs r3,r1,r3
 1083              	 .loc 1 356 13
 1084 005c 1A44     	 add r2,r2,r3
 1085              	 .loc 1 356 11
 1086 005e 7B68     	 ldr r3,[r7,#4]
 1087 0060 1A60     	 str r2,[r3]
 1088 0062 04E0     	 b .L29
 1089              	.L27:
 357:../Libraries/XMCLib/src/xmc_dsd.c ****   }
 358:../Libraries/XMCLib/src/xmc_dsd.c ****   else
 359:../Libraries/XMCLib/src/xmc_dsd.c ****   {
 360:../Libraries/XMCLib/src/xmc_dsd.c ****     *time = (uint32_t) ((uint32_t)decimation - filter_count);
 1090              	 .loc 1 360 25
 1091 0064 FA8A     	 ldrh r2,[r7,#22]
 1092              	 .loc 1 360 13
 1093 0066 BB8A     	 ldrh r3,[r7,#20]
 1094 0068 D21A     	 subs r2,r2,r3
 1095              	 .loc 1 360 11
 1096 006a 7B68     	 ldr r3,[r7,#4]
 1097 006c 1A60     	 str r2,[r3]
 1098              	.L29:
 361:../Libraries/XMCLib/src/xmc_dsd.c ****   }
 362:../Libraries/XMCLib/src/xmc_dsd.c ****   result = (uint16_t)((uint32_t)timestamp & DSD_CH_TSTMP_RESULT_Msk);
 1099              	 .loc 1 362 10
 1100 006e BB69     	 ldr r3,[r7,#24]
 1101 0070 7B82     	 strh r3,[r7,#18]
 363:../Libraries/XMCLib/src/xmc_dsd.c ****   *dsd_Result = (int16_t)(result);
 1102              	 .loc 1 363 17
 1103 0072 B7F91220 	 ldrsh r2,[r7,#18]
 1104              	 .loc 1 363 15
 1105 0076 BB68     	 ldr r3,[r7,#8]
 1106 0078 1A80     	 strh r2,[r3]
 364:../Libraries/XMCLib/src/xmc_dsd.c **** }
 1107              	 .loc 1 364 1
 1108 007a 00BF     	 nop
 1109 007c 2437     	 adds r7,r7,#36
 1110              	.LCFI82:
 1111              	 .cfi_def_cfa_offset 4
 1112 007e BD46     	 mov sp,r7
 1113              	.LCFI83:
 1114              	 .cfi_def_cfa_register 13
 1115              	 
 1116 0080 5DF8047B 	 ldr r7,[sp],#4
 1117              	.LCFI84:
 1118              	 .cfi_restore 7
 1119              	 .cfi_def_cfa_offset 0
 1120 0084 7047     	 bx lr
 1121              	 .cfi_endproc
 1122              	.LFE203:
 1124              	 .text
 1125              	.Letext0:
 1126              	 .file 2 "c:\\program files (x86)\\gnu arm embedded toolchain\\10 2020-q4-major\\arm-none-eabi\\include\\machine\\_default_types.h"
 1127              	 .file 3 "c:\\program files (x86)\\gnu arm embedded toolchain\\10 2020-q4-major\\arm-none-eabi\\include\\sys\\_stdint.h"
 1128              	 .file 4 "C:/Workspaces/DAVE-4.4.2-64Bit/_PKDS_TSTS06_811_X47_V1_0/Libraries/CMSIS/Infineon/XMC4700_series/Include/XMC4700.h"
 1129              	 .file 5 "C:/Workspaces/DAVE-4.4.2-64Bit/_PKDS_TSTS06_811_X47_V1_0/Libraries/XMCLib/inc/xmc4_scu.h"
 1130              	 .file 6 "C:/Workspaces/DAVE-4.4.2-64Bit/_PKDS_TSTS06_811_X47_V1_0/Libraries/XMCLib/inc/xmc_dsd.h"
DEFINED SYMBOLS
                            *ABS*:00000000 xmc_dsd.c
    {standard input}:17     .text.XMC_DSD_Enable:00000000 $t
    {standard input}:25     .text.XMC_DSD_Enable:00000000 XMC_DSD_Enable
    {standard input}:64     .text.XMC_DSD_Disable:00000000 $t
    {standard input}:71     .text.XMC_DSD_Disable:00000000 XMC_DSD_Disable
    {standard input}:109    .text.XMC_DSD_EnableClock:00000000 $t
    {standard input}:116    .text.XMC_DSD_EnableClock:00000000 XMC_DSD_EnableClock
    {standard input}:164    .text.XMC_DSD_DisableClock:00000000 $t
    {standard input}:171    .text.XMC_DSD_DisableClock:00000000 XMC_DSD_DisableClock
    {standard input}:219    .text.XMC_DSD_Init:00000000 $t
    {standard input}:226    .text.XMC_DSD_Init:00000000 XMC_DSD_Init
    {standard input}:264    .text.XMC_DSD_IsEnabled:00000000 $t
    {standard input}:271    .text.XMC_DSD_IsEnabled:00000000 XMC_DSD_IsEnabled
    {standard input}:339    .text.XMC_DSD_Generator_Init:00000000 $t
    {standard input}:346    .text.XMC_DSD_Generator_Init:00000000 XMC_DSD_Generator_Init
    {standard input}:395    .text.XMC_DSD_CH_Init:00000000 $t
    {standard input}:402    .text.XMC_DSD_CH_Init:00000000 XMC_DSD_CH_Init
    {standard input}:522    .text.XMC_DSD_CH_MainFilter_Init:00000000 XMC_DSD_CH_MainFilter_Init
    {standard input}:689    .text.XMC_DSD_CH_AuxFilter_Init:00000000 XMC_DSD_CH_AuxFilter_Init
    {standard input}:754    .text.XMC_DSD_CH_Integrator_Init:00000000 XMC_DSD_CH_Integrator_Init
    {standard input}:854    .text.XMC_DSD_CH_Rectify_Init:00000000 XMC_DSD_CH_Rectify_Init
    {standard input}:624    .text.XMC_DSD_CH_Timestamp_Init:00000000 XMC_DSD_CH_Timestamp_Init
    {standard input}:515    .text.XMC_DSD_CH_MainFilter_Init:00000000 $t
    {standard input}:617    .text.XMC_DSD_CH_Timestamp_Init:00000000 $t
    {standard input}:682    .text.XMC_DSD_CH_AuxFilter_Init:00000000 $t
    {standard input}:747    .text.XMC_DSD_CH_Integrator_Init:00000000 $t
    {standard input}:847    .text.XMC_DSD_CH_Rectify_Init:00000000 $t
    {standard input}:921    .text.XMC_DSD_CH_GetResult_TS:00000000 $t
    {standard input}:928    .text.XMC_DSD_CH_GetResult_TS:00000000 XMC_DSD_CH_GetResult_TS
    {standard input}:997    .text.XMC_DSD_CH_GetResult_TS_Time:00000000 $t
    {standard input}:1004   .text.XMC_DSD_CH_GetResult_TS_Time:00000000 XMC_DSD_CH_GetResult_TS_Time

UNDEFINED SYMBOLS
XMC_SCU_CLOCK_UngatePeripheralClock
XMC_SCU_RESET_DeassertPeripheralReset
XMC_SCU_RESET_AssertPeripheralReset
XMC_SCU_CLOCK_GatePeripheralClock
XMC_SCU_RESET_IsPeripheralResetAsserted
XMC_SCU_CLOCK_IsPeripheralClockGated
